---------------------------------------------------------------
[ 2018-01-25T13:09:36+08:00 ] ::1 ::1 GET /newbj/admin
[ info ] localhost/newbj/admin [运行时间：0.182373s][吞吐率：5.48req/s] [内存消耗：4,187.81kb] [文件加载：38]
[ info ] [ LANG ] D:\wamp64\www\newbj\thinkphp\lang\zh-cn.php
[ info ] [ ROUTE ] array (
  'type' => 'module',
  'module' => 
  array (
    0 => 'admin',
    1 => NULL,
    2 => NULL,
  ),
)
[ info ] [ HEADER ] array (
  'host' => 'localhost',
  'connection' => 'keep-alive',
  'upgrade-insecure-requests' => '1',
  'user-agent' => 'Mozilla/5.0 (Windows NT 10.0; WOW64) AppleWebKit/537.36 (KHTML, like Gecko) Chrome/55.0.2883.87 Safari/537.36',
  'accept' => 'text/html,application/xhtml+xml,application/xml;q=0.9,image/webp,*/*;q=0.8',
  'accept-encoding' => 'gzip, deflate, sdch, br',
  'accept-language' => 'zh-CN,zh;q=0.8',
)
[ info ] [ PARAM ] array (
)
[ info ] [ SESSION ] INIT array (
  'id' => '',
  'var_session_id' => '',
  'prefix' => 'think',
  'type' => '',
  'auto_start' => true,
)
[ info ] [ LOG ] INIT File
---------------------------------------------------------------
[ 2018-01-25T13:09:36+08:00 ] ::1 ::1 GET /newbj/admin/login/index.html
[ info ] localhost/newbj/admin/login/index.html [运行时间：0.119221s][吞吐率：8.39req/s] [内存消耗：4,418.45kb] [文件加载：38]
[ info ] [ LANG ] D:\wamp64\www\newbj\thinkphp\lang\zh-cn.php
[ info ] [ ROUTE ] array (
  'type' => 'module',
  'module' => 
  array (
    0 => 'admin',
    1 => 'login',
    2 => 'index',
  ),
)
[ info ] [ HEADER ] array (
  'host' => 'localhost',
  'connection' => 'keep-alive',
  'upgrade-insecure-requests' => '1',
  'user-agent' => 'Mozilla/5.0 (Windows NT 10.0; WOW64) AppleWebKit/537.36 (KHTML, like Gecko) Chrome/55.0.2883.87 Safari/537.36',
  'accept' => 'text/html,application/xhtml+xml,application/xml;q=0.9,image/webp,*/*;q=0.8',
  'accept-encoding' => 'gzip, deflate, sdch, br',
  'accept-language' => 'zh-CN,zh;q=0.8',
  'cookie' => 'PHPSESSID=96s861p2qilt5tj0q060jq4ou4',
)
[ info ] [ PARAM ] array (
)
[ info ] [ RUN ] app\admin\controller\Login->index[ D:\wamp64\www\newbj\application\admin\controller\Login.php ]
[ info ] [ VIEW ] D:\wamp64\www\newbj/application/admin\view\login.html [ array (
  0 => 'verify_type',
) ]
[ info ] [ LOG ] INIT File
---------------------------------------------------------------
[ 2018-01-25T13:09:39+08:00 ] ::1 ::1 GET /newbj/static/admin/css/bootstrap.min.css.map
[ info ] localhost/newbj/static/admin/css/bootstrap.min.css.map [运行时间：0.156697s][吞吐率：6.38req/s] [内存消耗：3,555.35kb] [文件加载：28]
[ info ] [ LANG ] D:\wamp64\www\newbj\thinkphp\lang\zh-cn.php
[ info ] [ ROUTE ] array (
  'type' => 'module',
  'module' => 
  array (
    0 => 'static',
    1 => 'admin',
    2 => 'css',
  ),
)
[ info ] [ HEADER ] array (
  'host' => 'localhost',
  'connection' => 'keep-alive',
  'user-agent' => 'Mozilla/5.0 (Windows NT 10.0; WOW64) AppleWebKit/537.36 (KHTML, like Gecko) Chrome/55.0.2883.87 Safari/537.36',
  'accept-encoding' => 'gzip, deflate, sdch, br',
  'accept-language' => 'zh-CN,zh;q=0.8',
  'cookie' => 'PHPSESSID=96s861p2qilt5tj0q060jq4ou4',
)
[ info ] [ PARAM ] array (
)
[ info ] [ LOG ] INIT File
---------------------------------------------------------------
[ 2018-01-25T13:09:50+08:00 ] ::1 ::1 POST /newbj/admin/login/dologin.html
[ info ] localhost/newbj/admin/login/dologin.html [运行时间：0.202768s][吞吐率：4.93req/s] [内存消耗：5,802.05kb] [文件加载：45]
[ info ] [ LANG ] D:\wamp64\www\newbj\thinkphp\lang\zh-cn.php
[ info ] [ ROUTE ] array (
  'type' => 'module',
  'module' => 
  array (
    0 => 'admin',
    1 => 'login',
    2 => 'dologin',
  ),
)
[ info ] [ HEADER ] array (
  'host' => 'localhost',
  'connection' => 'keep-alive',
  'content-length' => '30',
  'accept' => 'application/json, text/javascript, */*; q=0.01',
  'origin' => 'http://localhost',
  'x-requested-with' => 'XMLHttpRequest',
  'user-agent' => 'Mozilla/5.0 (Windows NT 10.0; WOW64) AppleWebKit/537.36 (KHTML, like Gecko) Chrome/55.0.2883.87 Safari/537.36',
  'content-type' => 'application/x-www-form-urlencoded; charset=UTF-8',
  'referer' => 'http://localhost/newbj/admin/login/index.html',
  'accept-encoding' => 'gzip, deflate, br',
  'accept-language' => 'zh-CN,zh;q=0.8',
  'cookie' => 'PHPSESSID=96s861p2qilt5tj0q060jq4ou4',
)
[ info ] [ PARAM ] array (
  'username' => 'admin',
  'password' => '123456',
)
[ info ] [ RUN ] app\admin\controller\Login->doLogin[ D:\wamp64\www\newbj\application\admin\controller\Login.php ]
[ info ] [ DB ] INIT mysql
[ info ] [ LOG ] INIT File
[ error ] [1045]SQLSTATE[HY000] [1045] Access denied for user 'root'@'localhost' (using password: NO)[D:\wamp64\www\newbj\thinkphp\library\think\db\Connection.php:293]
