---------------------------------------------------------------
[ 2018-01-27T13:18:28+08:00 ] 127.0.0.1 127.0.0.1 GET /
[ info ] wanglong.com/ [运行时间：0.056003s][吞吐率：17.86req/s] [内存消耗：2,606.27kb] [文件加载：40]
[ info ] [ LANG ] E:\web-php-5.6\bjtp5\thinkphp\lang\zh-cn.php
[ info ] [ ROUTE ] array (
  'type' => 'module',
  'module' => 
  array (
    0 => '',
    1 => NULL,
    2 => NULL,
  ),
)
[ info ] [ HEADER ] array (
  'cookie' => 'ECS[visit_times]=1',
  'accept-language' => 'zh-CN,zh;q=0.9',
  'accept-encoding' => 'gzip, deflate',
  'accept' => 'text/html,application/xhtml+xml,application/xml;q=0.9,image/webp,image/apng,*/*;q=0.8',
  'upgrade-insecure-requests' => '1',
  'user-agent' => 'Mozilla/5.0 (Windows NT 6.1; Win64; x64) AppleWebKit/537.36 (KHTML, like Gecko) Chrome/63.0.3239.132 Safari/537.36',
  'cache-control' => 'max-age=0',
  'connection' => 'close',
  'host' => 'wanglong.com',
)
[ info ] [ PARAM ] array (
)
[ info ] [ RUN ] app\index\controller\Index->index[ E:\web-php-5.6\bjtp5\application\index\controller\Index.php ]
[ info ] [ SESSION ] INIT array (
  'id' => '',
  'var_session_id' => '',
  'prefix' => 'think',
  'type' => '',
  'auto_start' => true,
)
[ info ] [ DB ] INIT mysql
[ info ] [ LOG ] INIT File
[ error ] [1045]SQLSTATE[HY000] [1045] Access denied for user 'root'@'localhost' (using password: NO)[E:\web-php-5.6\bjtp5\thinkphp\library\think\db\Connection.php:293]
---------------------------------------------------------------
[ 2018-01-27T13:18:28+08:00 ] 127.0.0.1 127.0.0.1 GET /favicon.ico
[ info ] wanglong.com/favicon.ico [运行时间：0.030002s][吞吐率：33.33req/s] [内存消耗：1,816.41kb] [文件加载：28]
[ info ] [ LANG ] E:\web-php-5.6\bjtp5\thinkphp\lang\zh-cn.php
[ info ] [ ROUTE ] array (
  'type' => 'module',
  'module' => 
  array (
    0 => 'favicon.ico',
    1 => NULL,
    2 => NULL,
  ),
)
[ info ] [ HEADER ] array (
  'cookie' => 'ECS[visit_times]=1; PHPSESSID=knevu3vsmu8hdplq5o5jqgm7t5',
  'accept-language' => 'zh-CN,zh;q=0.9',
  'accept-encoding' => 'gzip, deflate',
  'referer' => 'http://wanglong.com/',
  'accept' => 'image/webp,image/apng,image/*,*/*;q=0.8',
  'user-agent' => 'Mozilla/5.0 (Windows NT 6.1; Win64; x64) AppleWebKit/537.36 (KHTML, like Gecko) Chrome/63.0.3239.132 Safari/537.36',
  'cache-control' => 'no-cache',
  'pragma' => 'no-cache',
  'connection' => 'close',
  'host' => 'wanglong.com',
)
[ info ] [ PARAM ] array (
)
[ info ] [ LOG ] INIT File
---------------------------------------------------------------
[ 2018-01-27T13:19:57+08:00 ] 127.0.0.1 127.0.0.1 GET /
[ info ] wanglong.com/ [运行时间：0.057003s][吞吐率：17.54req/s] [内存消耗：2,606.09kb] [文件加载：40]
[ info ] [ LANG ] E:\web-php-5.6\bjtp5\thinkphp\lang\zh-cn.php
[ info ] [ ROUTE ] array (
  'type' => 'module',
  'module' => 
  array (
    0 => '',
    1 => NULL,
    2 => NULL,
  ),
)
[ info ] [ HEADER ] array (
  'cookie' => 'ECS[visit_times]=1; PHPSESSID=knevu3vsmu8hdplq5o5jqgm7t5',
  'accept-language' => 'zh-CN,zh;q=0.9',
  'accept-encoding' => 'gzip, deflate',
  'accept' => 'text/html,application/xhtml+xml,application/xml;q=0.9,image/webp,image/apng,*/*;q=0.8',
  'upgrade-insecure-requests' => '1',
  'user-agent' => 'Mozilla/5.0 (Windows NT 6.1; Win64; x64) AppleWebKit/537.36 (KHTML, like Gecko) Chrome/63.0.3239.132 Safari/537.36',
  'cache-control' => 'max-age=0',
  'connection' => 'close',
  'host' => 'wanglong.com',
)
[ info ] [ PARAM ] array (
)
[ info ] [ RUN ] app\index\controller\Index->index[ E:\web-php-5.6\bjtp5\application\index\controller\Index.php ]
[ info ] [ SESSION ] INIT array (
  'id' => '',
  'var_session_id' => '',
  'prefix' => 'think',
  'type' => '',
  'auto_start' => true,
)
[ info ] [ DB ] INIT mysql
[ info ] [ LOG ] INIT File
[ error ] [1049]SQLSTATE[HY000] [1049] Unknown database 'bjtp5'[E:\web-php-5.6\bjtp5\thinkphp\library\think\db\Connection.php:293]
---------------------------------------------------------------
[ 2018-01-27T13:19:58+08:00 ] 127.0.0.1 127.0.0.1 GET /
[ info ] wanglong.com/ [运行时间：0.052003s][吞吐率：19.23req/s] [内存消耗：2,606.05kb] [文件加载：40]
[ info ] [ LANG ] E:\web-php-5.6\bjtp5\thinkphp\lang\zh-cn.php
[ info ] [ ROUTE ] array (
  'type' => 'module',
  'module' => 
  array (
    0 => '',
    1 => NULL,
    2 => NULL,
  ),
)
[ info ] [ HEADER ] array (
  'cookie' => 'ECS[visit_times]=1; PHPSESSID=knevu3vsmu8hdplq5o5jqgm7t5',
  'accept-language' => 'zh-CN,zh;q=0.9',
  'accept-encoding' => 'gzip, deflate',
  'accept' => 'text/html,application/xhtml+xml,application/xml;q=0.9,image/webp,image/apng,*/*;q=0.8',
  'upgrade-insecure-requests' => '1',
  'user-agent' => 'Mozilla/5.0 (Windows NT 6.1; Win64; x64) AppleWebKit/537.36 (KHTML, like Gecko) Chrome/63.0.3239.132 Safari/537.36',
  'cache-control' => 'max-age=0',
  'connection' => 'close',
  'host' => 'wanglong.com',
)
[ info ] [ PARAM ] array (
)
[ info ] [ RUN ] app\index\controller\Index->index[ E:\web-php-5.6\bjtp5\application\index\controller\Index.php ]
[ info ] [ SESSION ] INIT array (
  'id' => '',
  'var_session_id' => '',
  'prefix' => 'think',
  'type' => '',
  'auto_start' => true,
)
[ info ] [ DB ] INIT mysql
[ info ] [ LOG ] INIT File
[ error ] [1049]SQLSTATE[HY000] [1049] Unknown database 'bjtp5'[E:\web-php-5.6\bjtp5\thinkphp\library\think\db\Connection.php:293]
---------------------------------------------------------------
[ 2018-01-27T13:20:33+08:00 ] 127.0.0.1 127.0.0.1 GET /
[ info ] wanglong.com/ [运行时间：0.300017s][吞吐率：3.33req/s] [内存消耗：3,087.97kb] [文件加载：42]
[ info ] [ LANG ] E:\web-php-5.6\bjtp5\thinkphp\lang\zh-cn.php
[ info ] [ ROUTE ] array (
  'type' => 'module',
  'module' => 
  array (
    0 => '',
    1 => NULL,
    2 => NULL,
  ),
)
[ info ] [ HEADER ] array (
  'cookie' => 'ECS[visit_times]=1; PHPSESSID=knevu3vsmu8hdplq5o5jqgm7t5',
  'accept-language' => 'zh-CN,zh;q=0.9',
  'accept-encoding' => 'gzip, deflate',
  'accept' => 'text/html,application/xhtml+xml,application/xml;q=0.9,image/webp,image/apng,*/*;q=0.8',
  'upgrade-insecure-requests' => '1',
  'user-agent' => 'Mozilla/5.0 (Windows NT 6.1; Win64; x64) AppleWebKit/537.36 (KHTML, like Gecko) Chrome/63.0.3239.132 Safari/537.36',
  'cache-control' => 'max-age=0',
  'connection' => 'close',
  'host' => 'wanglong.com',
)
[ info ] [ PARAM ] array (
)
[ info ] [ RUN ] app\index\controller\Index->index[ E:\web-php-5.6\bjtp5\application\index\controller\Index.php ]
[ info ] [ SESSION ] INIT array (
  'id' => '',
  'var_session_id' => '',
  'prefix' => 'think',
  'type' => '',
  'auto_start' => true,
)
[ info ] [ DB ] INIT mysql
[ info ] [ VIEW ] E:\web-php-5.6\bjtp5/application/index\view\index\index.html [ array (
  0 => 'carr',
  1 => 'length',
  2 => 'ad',
  3 => 'm',
  4 => 'news1',
  5 => 'news2',
  6 => 'news3',
  7 => 'news4',
  8 => 'num',
  9 => 'service',
  10 => 'list',
) ]
[ info ] [ LOG ] INIT File
[ sql ] [ DB ] CONNECT:[ UseTime:0.001000s ] mysql:host=localhost;port=3306;dbname=bj252;charset=utf8
[ sql ] [ SQL ] SHOW COLUMNS FROM `bj_message_reminder` [ RunTime:0.074005s ]
[ sql ] [ SQL ] SELECT COUNT(*) AS tp_count FROM `bj_message_reminder` WHERE  `receive_id` IS NULL  AND `status` = 0 LIMIT 1 [ RunTime:0.001000s ]
[ sql ] [ SQL ] SHOW COLUMNS FROM `bj_ad` [ RunTime:0.043002s ]
[ sql ] [ SQL ] SELECT * FROM `bj_ad` [ RunTime:0.000000s ]
[ sql ] [ SQL ] SELECT COUNT(*) AS tp_count FROM `bj_ad` WHERE  `status` = 1  AND `closed` = 0 LIMIT 1 [ RunTime:0.001000s ]
[ sql ] [ SQL ] SELECT `images`,`id` FROM `bj_ad` WHERE  `status` = 1  AND `closed` = 0 ORDER BY orderby desc [ RunTime:0.000000s ]
[ sql ] [ SQL ] SELECT MIN(id) AS tp_min FROM `bj_ad` LIMIT 1 [ RunTime:0.000000s ]
[ sql ] [ SQL ] SELECT `images`,`id` FROM `bj_ad` WHERE  `status` = 1  AND `closed` = 0 ORDER BY orderby desc [ RunTime:0.001000s ]
[ sql ] [ SQL ] SELECT MIN(id) AS tp_min FROM `bj_ad` LIMIT 1 [ RunTime:0.000000s ]
[ sql ] [ SQL ] SELECT `images`,`id` FROM `bj_ad` WHERE  `status` = 1  AND `closed` = 0 ORDER BY orderby desc [ RunTime:0.000000s ]
[ sql ] [ SQL ] SELECT MIN(id) AS tp_min FROM `bj_ad` LIMIT 1 [ RunTime:0.000000s ]
[ sql ] [ SQL ] SELECT `images`,`id` FROM `bj_ad` WHERE  `status` = 1  AND `closed` = 0 ORDER BY orderby desc [ RunTime:0.000000s ]
[ sql ] [ SQL ] SELECT MIN(id) AS tp_min FROM `bj_ad` LIMIT 1 [ RunTime:0.001000s ]
[ sql ] [ SQL ] SHOW COLUMNS FROM `bj_article` [ RunTime:0.045003s ]
[ sql ] [ SQL ] SELECT * FROM `bj_article` WHERE  `cate_id` = 21  AND `status` = 1  AND `is_tui` = 1 ORDER BY views desc LIMIT 8 [ RunTime:0.003000s ]
[ sql ] [ SQL ] SELECT * FROM `bj_article` WHERE  `cate_id` = 2  AND `status` = 1  AND `is_tui` = 1 ORDER BY views desc LIMIT 8 [ RunTime:0.001000s ]
[ sql ] [ SQL ] SELECT * FROM `bj_article` WHERE  `cate_id` = 3  AND `status` = 1  AND `is_tui` = 1 ORDER BY views desc LIMIT 8 [ RunTime:0.002000s ]
[ sql ] [ SQL ] SELECT * FROM `bj_article` WHERE  `cate_id` = 21  AND `status` = 1  AND `is_tui` = 1 ORDER BY views desc LIMIT 8 [ RunTime:0.001000s ]
[ sql ] [ SQL ] SHOW COLUMNS FROM `bj_service` [ RunTime:0.008001s ]
[ sql ] [ SQL ] SELECT * FROM `bj_service` WHERE  `status` = 1 ORDER BY `sort` [ RunTime:0.001000s ]
[ sql ] [ SQL ] SELECT COUNT(*) AS tp_count FROM `bj_service` LIMIT 1 [ RunTime:0.000000s ]
[ sql ] [ SQL ] SHOW COLUMNS FROM `bj_users_recommend` [ RunTime:0.021001s ]
[ sql ] [ SQL ] SELECT `bj_users_recommend`.*,bj_users_worker.real_name as u_name FROM `bj_users_recommend` LEFT JOIN `bj_users_worker` `bj_users_worker` ON `bj_users_worker`.`uid`=`bj_users_recommend`.`uid` WHERE  `status` = '1' ORDER BY bj_users_recommend.id  desc LIMIT 6 [ RunTime:0.002000s ]
---------------------------------------------------------------
[ 2018-01-27T13:20:34+08:00 ] 127.0.0.1 127.0.0.1 POST /index/defa
[ info ] wanglong.com/index/defa [运行时间：0.106006s][吞吐率：9.43req/s] [内存消耗：2,618.62kb] [文件加载：40]
[ info ] [ LANG ] E:\web-php-5.6\bjtp5\thinkphp\lang\zh-cn.php
[ info ] [ ROUTE ] array (
  'type' => 'module',
  'module' => 
  array (
    0 => 'index',
    1 => 'index',
    2 => 'defa',
  ),
  'convert' => false,
)
[ info ] [ HEADER ] array (
  'cookie' => 'ECS[visit_times]=1; PHPSESSID=knevu3vsmu8hdplq5o5jqgm7t5',
  'accept-language' => 'zh-CN,zh;q=0.9',
  'accept-encoding' => 'gzip, deflate',
  'referer' => 'http://wanglong.com/',
  'user-agent' => 'Mozilla/5.0 (Windows NT 6.1; Win64; x64) AppleWebKit/537.36 (KHTML, like Gecko) Chrome/63.0.3239.132 Safari/537.36',
  'x-requested-with' => 'XMLHttpRequest',
  'origin' => 'http://wanglong.com',
  'accept' => 'application/json, text/javascript, */*; q=0.01',
  'content-length' => '0',
  'connection' => 'close',
  'host' => 'wanglong.com',
)
[ info ] [ PARAM ] array (
)
[ info ] [ RUN ] app\index\controller\Index->defa[ E:\web-php-5.6\bjtp5\application\index\controller\Index.php ]
[ info ] [ DB ] INIT mysql
[ info ] [ LOG ] INIT File
[ sql ] [ DB ] CONNECT:[ UseTime:0.001000s ] mysql:host=localhost;port=3306;dbname=bj252;charset=utf8
[ sql ] [ SQL ] SHOW COLUMNS FROM `bj_service` [ RunTime:0.008001s ]
[ sql ] [ SQL ] SELECT `id` FROM `bj_service` WHERE  `status` = 1 ORDER BY `sort` [ RunTime:0.001000s ]
[ sql ] [ SQL ] SHOW COLUMNS FROM `bj_category` [ RunTime:0.052003s ]
[ sql ] [ SQL ] SELECT * FROM `bj_category` WHERE  (  find_in_set(1,s_id) ) [ RunTime:0.001000s ]
---------------------------------------------------------------
[ 2018-01-27T13:20:46+08:00 ] 127.0.0.1 127.0.0.1 GET /admin
[ info ] www.wanglong.com/admin [运行时间：0.045201s][吞吐率：22.12req/s] [内存消耗：2,099.95kb] [文件加载：38]
[ info ] [ LANG ] E:\web-php-5.6\bjtp5\thinkphp\lang\zh-cn.php
[ info ] [ ROUTE ] array (
  'type' => 'module',
  'module' => 
  array (
    0 => 'admin',
    1 => NULL,
    2 => NULL,
  ),
)
[ info ] [ HEADER ] array (
  'cookie' => 'ECS[history]=70%2C68; ECS[visit_times]=8',
  'accept-language' => 'zh-CN,zh;q=0.9',
  'accept-encoding' => 'gzip, deflate',
  'accept' => 'text/html,application/xhtml+xml,application/xml;q=0.9,image/webp,image/apng,*/*;q=0.8',
  'upgrade-insecure-requests' => '1',
  'user-agent' => 'Mozilla/5.0 (Windows NT 6.1; Win64; x64) AppleWebKit/537.36 (KHTML, like Gecko) Chrome/63.0.3239.132 Safari/537.36',
  'connection' => 'close',
  'host' => 'www.wanglong.com',
)
[ info ] [ PARAM ] array (
)
[ info ] [ SESSION ] INIT array (
  'id' => '',
  'var_session_id' => '',
  'prefix' => 'think',
  'type' => '',
  'auto_start' => true,
)
[ info ] [ LOG ] INIT File
---------------------------------------------------------------
[ 2018-01-27T13:20:46+08:00 ] 127.0.0.1 127.0.0.1 GET /admin/login/index.html
[ info ] www.wanglong.com/admin/login/index.html [运行时间：0.094005s][吞吐率：10.64req/s] [内存消耗：2,209.14kb] [文件加载：38]
[ info ] [ LANG ] E:\web-php-5.6\bjtp5\thinkphp\lang\zh-cn.php
[ info ] [ ROUTE ] array (
  'type' => 'module',
  'module' => 
  array (
    0 => 'admin',
    1 => 'login',
    2 => 'index',
  ),
)
[ info ] [ HEADER ] array (
  'cookie' => 'ECS[history]=70%2C68; ECS[visit_times]=8; PHPSESSID=08d8dtsd4ij1lf41lqjqo97g93',
  'accept-language' => 'zh-CN,zh;q=0.9',
  'accept-encoding' => 'gzip, deflate',
  'accept' => 'text/html,application/xhtml+xml,application/xml;q=0.9,image/webp,image/apng,*/*;q=0.8',
  'upgrade-insecure-requests' => '1',
  'user-agent' => 'Mozilla/5.0 (Windows NT 6.1; Win64; x64) AppleWebKit/537.36 (KHTML, like Gecko) Chrome/63.0.3239.132 Safari/537.36',
  'connection' => 'close',
  'host' => 'www.wanglong.com',
)
[ info ] [ PARAM ] array (
)
[ info ] [ RUN ] app\admin\controller\Login->index[ E:\web-php-5.6\bjtp5\application\admin\controller\Login.php ]
[ info ] [ VIEW ] E:\web-php-5.6\bjtp5/application/admin\view\login.html [ array (
  0 => 'verify_type',
) ]
[ info ] [ LOG ] INIT File
---------------------------------------------------------------
[ 2018-01-27T13:20:47+08:00 ] 127.0.0.1 127.0.0.1 GET /favicon.ico
[ info ] www.wanglong.com/favicon.ico [运行时间：0.056003s][吞吐率：17.86req/s] [内存消耗：1,816.10kb] [文件加载：28]
[ info ] [ LANG ] E:\web-php-5.6\bjtp5\thinkphp\lang\zh-cn.php
[ info ] [ ROUTE ] array (
  'type' => 'module',
  'module' => 
  array (
    0 => 'favicon.ico',
    1 => NULL,
    2 => NULL,
  ),
)
[ info ] [ HEADER ] array (
  'cookie' => 'ECS[history]=70%2C68; ECS[visit_times]=8; PHPSESSID=08d8dtsd4ij1lf41lqjqo97g93',
  'accept-language' => 'zh-CN,zh;q=0.9',
  'accept-encoding' => 'gzip, deflate',
  'referer' => 'http://www.wanglong.com/admin/login/index.html',
  'accept' => 'image/webp,image/apng,image/*,*/*;q=0.8',
  'user-agent' => 'Mozilla/5.0 (Windows NT 6.1; Win64; x64) AppleWebKit/537.36 (KHTML, like Gecko) Chrome/63.0.3239.132 Safari/537.36',
  'connection' => 'close',
  'host' => 'www.wanglong.com',
)
[ info ] [ PARAM ] array (
)
[ info ] [ LOG ] INIT File
---------------------------------------------------------------
[ 2018-01-27T13:21:05+08:00 ] 127.0.0.1 127.0.0.1 POST /admin/login/dologin.html
[ info ] www.wanglong.com/admin/login/dologin.html [运行时间：0.235802s][吞吐率：4.24req/s] [内存消耗：3,234.64kb] [文件加载：51]
[ info ] [ LANG ] E:\web-php-5.6\bjtp5\thinkphp\lang\zh-cn.php
[ info ] [ ROUTE ] array (
  'type' => 'module',
  'module' => 
  array (
    0 => 'admin',
    1 => 'login',
    2 => 'dologin',
  ),
)
[ info ] [ HEADER ] array (
  'cookie' => 'ECS[history]=70%2C68; ECS[visit_times]=8; PHPSESSID=08d8dtsd4ij1lf41lqjqo97g93',
  'accept-language' => 'zh-CN,zh;q=0.9',
  'accept-encoding' => 'gzip, deflate',
  'referer' => 'http://www.wanglong.com/admin/login/index.html',
  'content-type' => 'application/x-www-form-urlencoded; charset=UTF-8',
  'user-agent' => 'Mozilla/5.0 (Windows NT 6.1; Win64; x64) AppleWebKit/537.36 (KHTML, like Gecko) Chrome/63.0.3239.132 Safari/537.36',
  'x-requested-with' => 'XMLHttpRequest',
  'origin' => 'http://www.wanglong.com',
  'accept' => 'application/json, text/javascript, */*; q=0.01',
  'content-length' => '30',
  'connection' => 'close',
  'host' => 'www.wanglong.com',
)
[ info ] [ PARAM ] array (
  'username' => 'admin',
  'password' => 'bj2017',
)
[ info ] [ RUN ] app\admin\controller\Login->doLogin[ E:\web-php-5.6\bjtp5\application\admin\controller\Login.php ]
[ info ] [ DB ] INIT mysql
[ info ] [ SESSION ] INIT array (
  'id' => '',
  'var_session_id' => '',
  'prefix' => 'think',
  'type' => '',
  'auto_start' => true,
)
[ info ] [ CACHE ] INIT file
[ info ] [ LOG ] INIT File
[ sql ] [ DB ] CONNECT:[ UseTime:0.015600s ] mysql:host=localhost;port=3306;dbname=bj252;charset=utf8
[ sql ] [ SQL ] SHOW COLUMNS FROM `bj_admin` [ RunTime:0.062400s ]
[ sql ] [ SQL ] SELECT * FROM `bj_admin` WHERE  `username` = 'admin' LIMIT 1 [ RunTime:0.000000s ]
[ sql ] [ SQL ] SHOW COLUMNS FROM `bj_auth_group` [ RunTime:0.046800s ]
[ sql ] [ SQL ] SELECT * FROM `bj_auth_group` WHERE  `id` = 1 LIMIT 1 [ RunTime:0.000000s ]
[ sql ] [ SQL ] SHOW COLUMNS FROM `bj_auth_rule` [ RunTime:0.000000s ]
[ sql ] [ SQL ] SELECT `name` FROM `bj_auth_rule` [ RunTime:0.000000s ]
[ sql ] [ SQL ] UPDATE `bj_admin`  SET `loginnum`=814,`last_login_ip`='127.0.0.1',`last_login_time`=1517030465,`token`='a87ff679a2f3e71d9181a67b7542122c'  WHERE  `id` = 1 [ RunTime:0.015600s ]
[ sql ] [ SQL ] SHOW COLUMNS FROM `bj_log` [ RunTime:0.031200s ]
[ sql ] [ SQL ] INSERT INTO `bj_log` (`admin_id` , `admin_name` , `description` , `status` , `ip` , `add_time`) VALUES (1 , 'admin' , '用户【admin】登录成功' , 1 , '127.0.0.1' , 1517030465) [ RunTime:0.000000s ]
---------------------------------------------------------------
[ 2018-01-27T13:21:07+08:00 ] 127.0.0.1 127.0.0.1 GET /admin/index/index.html
[ info ] www.wanglong.com/admin/index/index.html [运行时间：0.152207s][吞吐率：6.57req/s] [内存消耗：3,270.55kb] [文件加载：52]
[ info ] [ LANG ] E:\web-php-5.6\bjtp5\thinkphp\lang\zh-cn.php
[ info ] [ ROUTE ] array (
  'type' => 'module',
  'module' => 
  array (
    0 => 'admin',
    1 => 'index',
    2 => 'index',
  ),
)
[ info ] [ HEADER ] array (
  'cookie' => 'ECS[history]=70%2C68; ECS[visit_times]=8; PHPSESSID=08d8dtsd4ij1lf41lqjqo97g93',
  'accept-language' => 'zh-CN,zh;q=0.9',
  'accept-encoding' => 'gzip, deflate',
  'referer' => 'http://www.wanglong.com/admin/login/index.html',
  'accept' => 'text/html,application/xhtml+xml,application/xml;q=0.9,image/webp,image/apng,*/*;q=0.8',
  'user-agent' => 'Mozilla/5.0 (Windows NT 6.1; Win64; x64) AppleWebKit/537.36 (KHTML, like Gecko) Chrome/63.0.3239.132 Safari/537.36',
  'upgrade-insecure-requests' => '1',
  'connection' => 'close',
  'host' => 'www.wanglong.com',
)
[ info ] [ PARAM ] array (
)
[ info ] [ SESSION ] INIT array (
  'id' => '',
  'var_session_id' => '',
  'prefix' => 'think',
  'type' => '',
  'auto_start' => true,
)
[ info ] [ DB ] INIT mysql
[ info ] [ CACHE ] INIT file
[ info ] [ RUN ] app\admin\controller\Index->index[ E:\web-php-5.6\bjtp5\application\admin\controller\Index.php ]
[ info ] [ VIEW ] E:\web-php-5.6\bjtp5/application/admin\view\index.html [ array (
  0 => 'username',
  1 => 'portrait',
  2 => 'rolename',
  3 => 'menu',
) ]
[ info ] [ LOG ] INIT File
[ sql ] [ DB ] CONNECT:[ UseTime:0.011001s ] mysql:host=localhost;port=3306;dbname=bj252;charset=utf8
[ sql ] [ SQL ] SHOW COLUMNS FROM `bj_auth_rule` [ RunTime:0.008000s ]
[ sql ] [ SQL ] SELECT * FROM `bj_auth_rule` WHERE  (  status = 1 ) ORDER BY `sort` [ RunTime:0.002001s ]
[ sql ] [ SQL ] SHOW COLUMNS FROM `bj_config` [ RunTime:0.050003s ]
[ sql ] [ SQL ] SELECT * FROM `bj_config` [ RunTime:0.001000s ]
---------------------------------------------------------------
[ 2018-01-27T13:21:08+08:00 ] 127.0.0.1 127.0.0.1 GET /admin/index/indexpage.html
[ info ] www.wanglong.com/admin/index/indexpage.html [运行时间：0.135008s][吞吐率：7.41req/s] [内存消耗：3,292.93kb] [文件加载：52]
[ info ] [ LANG ] E:\web-php-5.6\bjtp5\thinkphp\lang\zh-cn.php
[ info ] [ ROUTE ] array (
  'type' => 'module',
  'module' => 
  array (
    0 => 'admin',
    1 => 'index',
    2 => 'indexpage',
  ),
)
[ info ] [ HEADER ] array (
  'cookie' => 'ECS[history]=70%2C68; ECS[visit_times]=8; PHPSESSID=08d8dtsd4ij1lf41lqjqo97g93',
  'accept-language' => 'zh-CN,zh;q=0.9',
  'accept-encoding' => 'gzip, deflate',
  'referer' => 'http://www.wanglong.com/admin/index/index.html',
  'accept' => 'text/html,application/xhtml+xml,application/xml;q=0.9,image/webp,image/apng,*/*;q=0.8',
  'user-agent' => 'Mozilla/5.0 (Windows NT 6.1; Win64; x64) AppleWebKit/537.36 (KHTML, like Gecko) Chrome/63.0.3239.132 Safari/537.36',
  'upgrade-insecure-requests' => '1',
  'connection' => 'close',
  'host' => 'www.wanglong.com',
)
[ info ] [ PARAM ] array (
)
[ info ] [ SESSION ] INIT array (
  'id' => '',
  'var_session_id' => '',
  'prefix' => 'think',
  'type' => '',
  'auto_start' => true,
)
[ info ] [ DB ] INIT mysql
[ info ] [ CACHE ] INIT file
[ info ] [ RUN ] app\admin\controller\Index->indexPage[ E:\web-php-5.6\bjtp5\application\admin\controller\Index.php ]
[ info ] [ VIEW ] E:\web-php-5.6\bjtp5/application/admin\view\index\index.html [ array (
  0 => 'username',
  1 => 'portrait',
  2 => 'rolename',
  3 => 'menu',
) ]
[ info ] [ LOG ] INIT File
[ sql ] [ DB ] CONNECT:[ UseTime:0.002000s ] mysql:host=localhost;port=3306;dbname=bj252;charset=utf8
[ sql ] [ SQL ] SHOW COLUMNS FROM `bj_auth_rule` [ RunTime:0.043002s ]
[ sql ] [ SQL ] SELECT * FROM `bj_auth_rule` WHERE  (  status = 1 ) ORDER BY `sort` [ RunTime:0.002000s ]
---------------------------------------------------------------
[ 2018-01-27T13:21:08+08:00 ] 127.0.0.1 127.0.0.1 GET /static/index/js/layui/css/modules/layer/extend/layer.ext.js,skin/moon/style.css
[ info ] wanglong.com/static/index/js/layui/css/modules/layer/extend/layer.ext.js,skin/moon/style.css [运行时间：0.043002s][吞吐率：23.25req/s] [内存消耗：1,817.31kb] [文件加载：28]
[ info ] [ LANG ] E:\web-php-5.6\bjtp5\thinkphp\lang\zh-cn.php
[ info ] [ ROUTE ] array (
  'type' => 'module',
  'module' => 
  array (
    0 => 'static',
    1 => 'index',
    2 => 'js',
  ),
)
[ info ] [ HEADER ] array (
  'cookie' => 'ECS[visit_times]=1; PHPSESSID=knevu3vsmu8hdplq5o5jqgm7t5',
  'accept-language' => 'zh-CN,zh;q=0.9',
  'accept-encoding' => 'gzip, deflate',
  'referer' => 'http://www.wanglong.com/admin/index/index.html',
  'accept' => 'text/css,*/*;q=0.1',
  'user-agent' => 'Mozilla/5.0 (Windows NT 6.1; Win64; x64) AppleWebKit/537.36 (KHTML, like Gecko) Chrome/63.0.3239.132 Safari/537.36',
  'connection' => 'close',
  'host' => 'wanglong.com',
)
[ info ] [ PARAM ] array (
  'layui' => 'css',
  'modules' => 'layer',
  'extend' => 'layer.ext.js,skin',
  'moon' => 'style.css',
)
[ info ] [ LOG ] INIT File
---------------------------------------------------------------
[ 2018-01-27T13:21:12+08:00 ] 127.0.0.1 127.0.0.1 GET /static/index/js/layui/css/modules/layer/extend/layer.ext.js,skin/moon/style.css
[ info ] wanglong.com/static/index/js/layui/css/modules/layer/extend/layer.ext.js,skin/moon/style.css [运行时间：0.043002s][吞吐率：23.25req/s] [内存消耗：1,817.31kb] [文件加载：28]
[ info ] [ LANG ] E:\web-php-5.6\bjtp5\thinkphp\lang\zh-cn.php
[ info ] [ ROUTE ] array (
  'type' => 'module',
  'module' => 
  array (
    0 => 'static',
    1 => 'index',
    2 => 'js',
  ),
)
[ info ] [ HEADER ] array (
  'cookie' => 'ECS[visit_times]=1; PHPSESSID=knevu3vsmu8hdplq5o5jqgm7t5',
  'accept-language' => 'zh-CN,zh;q=0.9',
  'accept-encoding' => 'gzip, deflate',
  'referer' => 'http://www.wanglong.com/admin/index/index.html',
  'accept' => 'text/css,*/*;q=0.1',
  'user-agent' => 'Mozilla/5.0 (Windows NT 6.1; Win64; x64) AppleWebKit/537.36 (KHTML, like Gecko) Chrome/63.0.3239.132 Safari/537.36',
  'connection' => 'close',
  'host' => 'wanglong.com',
)
[ info ] [ PARAM ] array (
  'layui' => 'css',
  'modules' => 'layer',
  'extend' => 'layer.ext.js,skin',
  'moon' => 'style.css',
)
[ info ] [ LOG ] INIT File
---------------------------------------------------------------
[ 2018-01-27T13:21:12+08:00 ] 127.0.0.1 127.0.0.1 GET /static/admin/css/bootstrap.min.css.map
[ info ] wanglong.com/static/admin/css/bootstrap.min.css.map [运行时间：0.050003s][吞吐率：20.00req/s] [内存消耗：1,815.33kb] [文件加载：28]
[ info ] [ LANG ] E:\web-php-5.6\bjtp5\thinkphp\lang\zh-cn.php
[ info ] [ ROUTE ] array (
  'type' => 'module',
  'module' => 
  array (
    0 => 'static',
    1 => 'admin',
    2 => 'css',
  ),
)
[ info ] [ HEADER ] array (
  'cookie' => 'ECS[visit_times]=1; PHPSESSID=knevu3vsmu8hdplq5o5jqgm7t5',
  'accept-language' => 'zh-CN,zh;q=0.9',
  'accept-encoding' => 'gzip, deflate',
  'user-agent' => 'Mozilla/5.0 (Windows NT 6.1; Win64; x64) AppleWebKit/537.36 (KHTML, like Gecko) Chrome/63.0.3239.132 Safari/537.36',
  'connection' => 'close',
  'host' => 'wanglong.com',
)
[ info ] [ PARAM ] array (
)
[ info ] [ LOG ] INIT File
---------------------------------------------------------------
[ 2018-01-27T13:21:35+08:00 ] 127.0.0.1 127.0.0.1 GET /
[ info ] www.wanglong.com/ [运行时间：0.113006s][吞吐率：8.85req/s] [内存消耗：2,933.76kb] [文件加载：40]
[ info ] [ LANG ] E:\web-php-5.6\bjtp5\thinkphp\lang\zh-cn.php
[ info ] [ ROUTE ] array (
  'type' => 'module',
  'module' => 
  array (
    0 => '',
    1 => NULL,
    2 => NULL,
  ),
)
[ info ] [ HEADER ] array (
  'cookie' => 'ECS[history]=70%2C68; ECS[visit_times]=8; PHPSESSID=08d8dtsd4ij1lf41lqjqo97g93',
  'accept-language' => 'zh-CN,zh;q=0.9',
  'accept-encoding' => 'gzip, deflate',
  'accept' => 'text/html,application/xhtml+xml,application/xml;q=0.9,image/webp,image/apng,*/*;q=0.8',
  'upgrade-insecure-requests' => '1',
  'user-agent' => 'Mozilla/5.0 (Windows NT 6.1; Win64; x64) AppleWebKit/537.36 (KHTML, like Gecko) Chrome/63.0.3239.132 Safari/537.36',
  'connection' => 'close',
  'host' => 'www.wanglong.com',
)
[ info ] [ PARAM ] array (
)
[ info ] [ RUN ] app\index\controller\Index->index[ E:\web-php-5.6\bjtp5\application\index\controller\Index.php ]
[ info ] [ SESSION ] INIT array (
  'id' => '',
  'var_session_id' => '',
  'prefix' => 'think',
  'type' => '',
  'auto_start' => true,
)
[ info ] [ DB ] INIT mysql
[ info ] [ VIEW ] E:\web-php-5.6\bjtp5/application/index\view\index\index.html [ array (
  0 => 'carr',
  1 => 'length',
  2 => 'ad',
  3 => 'm',
  4 => 'news1',
  5 => 'news2',
  6 => 'news3',
  7 => 'news4',
  8 => 'num',
  9 => 'service',
  10 => 'list',
) ]
[ info ] [ LOG ] INIT File
[ sql ] [ DB ] CONNECT:[ UseTime:0.011001s ] mysql:host=localhost;port=3306;dbname=bj252;charset=utf8
[ sql ] [ SQL ] SHOW COLUMNS FROM `bj_message_reminder` [ RunTime:0.009000s ]
[ sql ] [ SQL ] SELECT COUNT(*) AS tp_count FROM `bj_message_reminder` WHERE  `receive_id` IS NULL  AND `status` = 0 LIMIT 1 [ RunTime:0.000000s ]
[ sql ] [ SQL ] SHOW COLUMNS FROM `bj_ad` [ RunTime:0.006001s ]
[ sql ] [ SQL ] SELECT * FROM `bj_ad` [ RunTime:0.001000s ]
[ sql ] [ SQL ] SELECT COUNT(*) AS tp_count FROM `bj_ad` WHERE  `status` = 1  AND `closed` = 0 LIMIT 1 [ RunTime:0.001000s ]
[ sql ] [ SQL ] SELECT `images`,`id` FROM `bj_ad` WHERE  `status` = 1  AND `closed` = 0 ORDER BY orderby desc [ RunTime:0.000000s ]
[ sql ] [ SQL ] SELECT MIN(id) AS tp_min FROM `bj_ad` LIMIT 1 [ RunTime:0.000000s ]
[ sql ] [ SQL ] SELECT `images`,`id` FROM `bj_ad` WHERE  `status` = 1  AND `closed` = 0 ORDER BY orderby desc [ RunTime:0.001000s ]
[ sql ] [ SQL ] SELECT MIN(id) AS tp_min FROM `bj_ad` LIMIT 1 [ RunTime:0.000000s ]
[ sql ] [ SQL ] SELECT `images`,`id` FROM `bj_ad` WHERE  `status` = 1  AND `closed` = 0 ORDER BY orderby desc [ RunTime:0.001000s ]
[ sql ] [ SQL ] SELECT MIN(id) AS tp_min FROM `bj_ad` LIMIT 1 [ RunTime:0.000000s ]
[ sql ] [ SQL ] SELECT `images`,`id` FROM `bj_ad` WHERE  `status` = 1  AND `closed` = 0 ORDER BY orderby desc [ RunTime:0.000000s ]
[ sql ] [ SQL ] SELECT MIN(id) AS tp_min FROM `bj_ad` LIMIT 1 [ RunTime:0.001000s ]
[ sql ] [ SQL ] SHOW COLUMNS FROM `bj_article` [ RunTime:0.010001s ]
[ sql ] [ SQL ] SELECT * FROM `bj_article` WHERE  `cate_id` = 21  AND `status` = 1  AND `is_tui` = 1 ORDER BY views desc LIMIT 8 [ RunTime:0.002000s ]
[ sql ] [ SQL ] SELECT * FROM `bj_article` WHERE  `cate_id` = 2  AND `status` = 1  AND `is_tui` = 1 ORDER BY views desc LIMIT 8 [ RunTime:0.001000s ]
[ sql ] [ SQL ] SELECT * FROM `bj_article` WHERE  `cate_id` = 3  AND `status` = 1  AND `is_tui` = 1 ORDER BY views desc LIMIT 8 [ RunTime:0.002000s ]
[ sql ] [ SQL ] SELECT * FROM `bj_article` WHERE  `cate_id` = 21  AND `status` = 1  AND `is_tui` = 1 ORDER BY views desc LIMIT 8 [ RunTime:0.001000s ]
[ sql ] [ SQL ] SHOW COLUMNS FROM `bj_service` [ RunTime:0.008001s ]
[ sql ] [ SQL ] SELECT * FROM `bj_service` WHERE  `status` = 1 ORDER BY `sort` [ RunTime:0.001000s ]
[ sql ] [ SQL ] SELECT COUNT(*) AS tp_count FROM `bj_service` LIMIT 1 [ RunTime:0.000000s ]
[ sql ] [ SQL ] SHOW COLUMNS FROM `bj_users_recommend` [ RunTime:0.007000s ]
[ sql ] [ SQL ] SELECT `bj_users_recommend`.*,bj_users_worker.real_name as u_name FROM `bj_users_recommend` LEFT JOIN `bj_users_worker` `bj_users_worker` ON `bj_users_worker`.`uid`=`bj_users_recommend`.`uid` WHERE  `status` = '1' ORDER BY bj_users_recommend.id  desc LIMIT 6 [ RunTime:0.001000s ]
---------------------------------------------------------------
[ 2018-01-27T13:21:36+08:00 ] 127.0.0.1 127.0.0.1 POST /index/defa
[ info ] www.wanglong.com/index/defa [运行时间：0.113007s][吞吐率：8.85req/s] [内存消耗：2,618.73kb] [文件加载：40]
[ info ] [ LANG ] E:\web-php-5.6\bjtp5\thinkphp\lang\zh-cn.php
[ info ] [ ROUTE ] array (
  'type' => 'module',
  'module' => 
  array (
    0 => 'index',
    1 => 'index',
    2 => 'defa',
  ),
  'convert' => false,
)
[ info ] [ HEADER ] array (
  'cookie' => 'ECS[history]=70%2C68; ECS[visit_times]=8; PHPSESSID=08d8dtsd4ij1lf41lqjqo97g93',
  'accept-language' => 'zh-CN,zh;q=0.9',
  'accept-encoding' => 'gzip, deflate',
  'referer' => 'http://www.wanglong.com/',
  'user-agent' => 'Mozilla/5.0 (Windows NT 6.1; Win64; x64) AppleWebKit/537.36 (KHTML, like Gecko) Chrome/63.0.3239.132 Safari/537.36',
  'x-requested-with' => 'XMLHttpRequest',
  'origin' => 'http://www.wanglong.com',
  'accept' => 'application/json, text/javascript, */*; q=0.01',
  'content-length' => '0',
  'connection' => 'close',
  'host' => 'www.wanglong.com',
)
[ info ] [ PARAM ] array (
)
[ info ] [ RUN ] app\index\controller\Index->defa[ E:\web-php-5.6\bjtp5\application\index\controller\Index.php ]
[ info ] [ DB ] INIT mysql
[ info ] [ LOG ] INIT File
[ sql ] [ DB ] CONNECT:[ UseTime:0.011001s ] mysql:host=localhost;port=3306;dbname=bj252;charset=utf8
[ sql ] [ SQL ] SHOW COLUMNS FROM `bj_service` [ RunTime:0.034002s ]
[ sql ] [ SQL ] SELECT `id` FROM `bj_service` WHERE  `status` = 1 ORDER BY `sort` [ RunTime:0.001000s ]
[ sql ] [ SQL ] SHOW COLUMNS FROM `bj_category` [ RunTime:0.006000s ]
[ sql ] [ SQL ] SELECT * FROM `bj_category` WHERE  (  find_in_set(1,s_id) ) [ RunTime:0.000000s ]
---------------------------------------------------------------
[ 2018-01-27T13:21:37+08:00 ] 127.0.0.1 127.0.0.1 GET /static/index/css/fonts/glyphicons-halflings-regular.woff2
[ info ] wanglong.com/static/index/css/fonts/glyphicons-halflings-regular.woff2 [运行时间：0.029002s][吞吐率：34.48req/s] [内存消耗：1,816.45kb] [文件加载：28]
[ info ] [ LANG ] E:\web-php-5.6\bjtp5\thinkphp\lang\zh-cn.php
[ info ] [ ROUTE ] array (
  'type' => 'module',
  'module' => 
  array (
    0 => 'static',
    1 => 'index',
    2 => 'css',
  ),
)
[ info ] [ HEADER ] array (
  'accept-language' => 'zh-CN,zh;q=0.9',
  'accept-encoding' => 'gzip, deflate',
  'referer' => 'http://wanglong.com/static/index/css/bootstrap/bootstrap.min.css',
  'accept' => '*/*',
  'user-agent' => 'Mozilla/5.0 (Windows NT 6.1; Win64; x64) AppleWebKit/537.36 (KHTML, like Gecko) Chrome/63.0.3239.132 Safari/537.36',
  'origin' => 'http://www.wanglong.com',
  'connection' => 'close',
  'host' => 'wanglong.com',
)
[ info ] [ PARAM ] array (
  'fonts' => 'glyphicons-halflings-regular.woff2',
)
[ info ] [ LOG ] INIT File
---------------------------------------------------------------
[ 2018-01-27T13:21:37+08:00 ] 127.0.0.1 127.0.0.1 GET /static/index/css/fonts/glyphicons-halflings-regular.woff
[ info ] wanglong.com/static/index/css/fonts/glyphicons-halflings-regular.woff [运行时间：0.033002s][吞吐率：30.30req/s] [内存消耗：1,816.45kb] [文件加载：28]
[ info ] [ LANG ] E:\web-php-5.6\bjtp5\thinkphp\lang\zh-cn.php
[ info ] [ ROUTE ] array (
  'type' => 'module',
  'module' => 
  array (
    0 => 'static',
    1 => 'index',
    2 => 'css',
  ),
)
[ info ] [ HEADER ] array (
  'accept-language' => 'zh-CN,zh;q=0.9',
  'accept-encoding' => 'gzip, deflate',
  'referer' => 'http://wanglong.com/static/index/css/bootstrap/bootstrap.min.css',
  'accept' => '*/*',
  'user-agent' => 'Mozilla/5.0 (Windows NT 6.1; Win64; x64) AppleWebKit/537.36 (KHTML, like Gecko) Chrome/63.0.3239.132 Safari/537.36',
  'origin' => 'http://www.wanglong.com',
  'connection' => 'close',
  'host' => 'wanglong.com',
)
[ info ] [ PARAM ] array (
  'fonts' => 'glyphicons-halflings-regular.woff',
)
[ info ] [ LOG ] INIT File
---------------------------------------------------------------
[ 2018-01-27T13:21:37+08:00 ] 127.0.0.1 127.0.0.1 GET /static/index/css/fonts/glyphicons-halflings-regular.ttf
[ info ] wanglong.com/static/index/css/fonts/glyphicons-halflings-regular.ttf [运行时间：0.033002s][吞吐率：30.30req/s] [内存消耗：1,816.48kb] [文件加载：28]
[ info ] [ LANG ] E:\web-php-5.6\bjtp5\thinkphp\lang\zh-cn.php
[ info ] [ ROUTE ] array (
  'type' => 'module',
  'module' => 
  array (
    0 => 'static',
    1 => 'index',
    2 => 'css',
  ),
)
[ info ] [ HEADER ] array (
  'accept-language' => 'zh-CN,zh;q=0.9',
  'accept-encoding' => 'gzip, deflate',
  'referer' => 'http://wanglong.com/static/index/css/bootstrap/bootstrap.min.css',
  'accept' => '*/*',
  'user-agent' => 'Mozilla/5.0 (Windows NT 6.1; Win64; x64) AppleWebKit/537.36 (KHTML, like Gecko) Chrome/63.0.3239.132 Safari/537.36',
  'origin' => 'http://www.wanglong.com',
  'connection' => 'close',
  'host' => 'wanglong.com',
)
[ info ] [ PARAM ] array (
  'fonts' => 'glyphicons-halflings-regular.ttf',
)
[ info ] [ LOG ] INIT File
---------------------------------------------------------------
[ 2018-01-27T13:21:39+08:00 ] 127.0.0.1 127.0.0.1 GET /Bjintroduce
[ info ] wanglong.com/Bjintroduce [运行时间：0.056004s][吞吐率：17.86req/s] [内存消耗：2,763.99kb] [文件加载：43]
[ info ] [ LANG ] E:\web-php-5.6\bjtp5\thinkphp\lang\zh-cn.php
[ info ] [ ROUTE ] array (
  'type' => 'module',
  'module' => 
  array (
    0 => 'index',
    1 => 'Bjintroduce',
    2 => 'index',
  ),
  'convert' => false,
)
[ info ] [ HEADER ] array (
  'cookie' => 'ECS[visit_times]=1; PHPSESSID=knevu3vsmu8hdplq5o5jqgm7t5',
  'accept-language' => 'zh-CN,zh;q=0.9',
  'accept-encoding' => 'gzip, deflate',
  'referer' => 'http://www.wanglong.com/',
  'accept' => 'text/html,application/xhtml+xml,application/xml;q=0.9,image/webp,image/apng,*/*;q=0.8',
  'user-agent' => 'Mozilla/5.0 (Windows NT 6.1; Win64; x64) AppleWebKit/537.36 (KHTML, like Gecko) Chrome/63.0.3239.132 Safari/537.36',
  'upgrade-insecure-requests' => '1',
  'connection' => 'close',
  'host' => 'wanglong.com',
)
[ info ] [ PARAM ] array (
)
[ info ] [ SESSION ] INIT array (
  'id' => '',
  'var_session_id' => '',
  'prefix' => 'think',
  'type' => '',
  'auto_start' => true,
)
[ info ] [ DB ] INIT mysql
[ info ] [ RUN ] app\index\controller\Bjintroduce->index[ E:\web-php-5.6\bjtp5\application\index\controller\Bjintroduce.php ]
[ info ] [ VIEW ] E:\web-php-5.6\bjtp5/application/index\view\bjintroduce\index.html [ array (
  0 => 'carr',
) ]
[ info ] [ LOG ] INIT File
[ sql ] [ DB ] CONNECT:[ UseTime:0.011001s ] mysql:host=localhost;port=3306;dbname=bj252;charset=utf8
[ sql ] [ SQL ] SHOW COLUMNS FROM `bj_message_reminder` [ RunTime:0.005000s ]
[ sql ] [ SQL ] SELECT COUNT(*) AS tp_count FROM `bj_message_reminder` WHERE  `receive_id` IS NULL  AND `status` = 0 LIMIT 1 [ RunTime:0.000000s ]
---------------------------------------------------------------
[ 2018-01-27T13:21:42+08:00 ] 127.0.0.1 127.0.0.1 GET /Bjhelp
[ info ] wanglong.com/Bjhelp [运行时间：0.052003s][吞吐率：19.23req/s] [内存消耗：2,896.22kb] [文件加载：43]
[ info ] [ LANG ] E:\web-php-5.6\bjtp5\thinkphp\lang\zh-cn.php
[ info ] [ ROUTE ] array (
  'type' => 'module',
  'module' => 
  array (
    0 => 'index',
    1 => 'Bjhelp',
    2 => 'index',
  ),
  'convert' => false,
)
[ info ] [ HEADER ] array (
  'cookie' => 'ECS[visit_times]=1; PHPSESSID=knevu3vsmu8hdplq5o5jqgm7t5',
  'accept-language' => 'zh-CN,zh;q=0.9',
  'accept-encoding' => 'gzip, deflate',
  'referer' => 'http://wanglong.com/Bjintroduce',
  'accept' => 'text/html,application/xhtml+xml,application/xml;q=0.9,image/webp,image/apng,*/*;q=0.8',
  'user-agent' => 'Mozilla/5.0 (Windows NT 6.1; Win64; x64) AppleWebKit/537.36 (KHTML, like Gecko) Chrome/63.0.3239.132 Safari/537.36',
  'upgrade-insecure-requests' => '1',
  'connection' => 'close',
  'host' => 'wanglong.com',
)
[ info ] [ PARAM ] array (
)
[ info ] [ SESSION ] INIT array (
  'id' => '',
  'var_session_id' => '',
  'prefix' => 'think',
  'type' => '',
  'auto_start' => true,
)
[ info ] [ DB ] INIT mysql
[ info ] [ RUN ] app\index\controller\Bjhelp->index[ E:\web-php-5.6\bjtp5\application\index\controller\Bjhelp.php ]
[ info ] [ VIEW ] E:\web-php-5.6\bjtp5/application/index\view\bjhelp\index.html [ array (
  0 => 'carr',
) ]
[ info ] [ LOG ] INIT File
[ sql ] [ DB ] CONNECT:[ UseTime:0.001000s ] mysql:host=localhost;port=3306;dbname=bj252;charset=utf8
[ sql ] [ SQL ] SHOW COLUMNS FROM `bj_message_reminder` [ RunTime:0.006000s ]
[ sql ] [ SQL ] SELECT COUNT(*) AS tp_count FROM `bj_message_reminder` WHERE  `receive_id` IS NULL  AND `status` = 0 LIMIT 1 [ RunTime:0.000000s ]
---------------------------------------------------------------
[ 2018-01-27T13:22:02+08:00 ] 127.0.0.1 127.0.0.1 GET /Bjmasterreg
[ info ] wanglong.com/Bjmasterreg [运行时间：0.054003s][吞吐率：18.52req/s] [内存消耗：2,740.48kb] [文件加载：43]
[ info ] [ LANG ] E:\web-php-5.6\bjtp5\thinkphp\lang\zh-cn.php
[ info ] [ ROUTE ] array (
  'type' => 'module',
  'module' => 
  array (
    0 => 'index',
    1 => 'Bjmasterreg',
    2 => 'index',
  ),
  'convert' => false,
)
[ info ] [ HEADER ] array (
  'cookie' => 'ECS[visit_times]=1; PHPSESSID=knevu3vsmu8hdplq5o5jqgm7t5',
  'accept-language' => 'zh-CN,zh;q=0.9',
  'accept-encoding' => 'gzip, deflate',
  'referer' => 'http://wanglong.com/Bjhelp',
  'accept' => 'text/html,application/xhtml+xml,application/xml;q=0.9,image/webp,image/apng,*/*;q=0.8',
  'user-agent' => 'Mozilla/5.0 (Windows NT 6.1; Win64; x64) AppleWebKit/537.36 (KHTML, like Gecko) Chrome/63.0.3239.132 Safari/537.36',
  'upgrade-insecure-requests' => '1',
  'connection' => 'close',
  'host' => 'wanglong.com',
)
[ info ] [ PARAM ] array (
)
[ info ] [ SESSION ] INIT array (
  'id' => '',
  'var_session_id' => '',
  'prefix' => 'think',
  'type' => '',
  'auto_start' => true,
)
[ info ] [ DB ] INIT mysql
[ info ] [ RUN ] app\index\controller\Bjmasterreg->index[ E:\web-php-5.6\bjtp5\application\index\controller\Bjmasterreg.php ]
[ info ] [ VIEW ] E:\web-php-5.6\bjtp5/application/index\view\bjmasterreg\index.html [ array (
  0 => 'carr',
) ]
[ info ] [ LOG ] INIT File
[ sql ] [ DB ] CONNECT:[ UseTime:0.001000s ] mysql:host=localhost;port=3306;dbname=bj252;charset=utf8
[ sql ] [ SQL ] SHOW COLUMNS FROM `bj_message_reminder` [ RunTime:0.007001s ]
[ sql ] [ SQL ] SELECT COUNT(*) AS tp_count FROM `bj_message_reminder` WHERE  `receive_id` IS NULL  AND `status` = 0 LIMIT 1 [ RunTime:0.001000s ]
---------------------------------------------------------------
[ 2018-01-27T13:22:04+08:00 ] 127.0.0.1 127.0.0.1 GET /Bjclientorder
[ info ] wanglong.com/Bjclientorder [运行时间：0.075004s][吞吐率：13.33req/s] [内存消耗：2,743.57kb] [文件加载：43]
[ info ] [ LANG ] E:\web-php-5.6\bjtp5\thinkphp\lang\zh-cn.php
[ info ] [ ROUTE ] array (
  'type' => 'module',
  'module' => 
  array (
    0 => 'index',
    1 => 'Bjclientorder',
    2 => 'index',
  ),
  'convert' => false,
)
[ info ] [ HEADER ] array (
  'cookie' => 'ECS[visit_times]=1; PHPSESSID=knevu3vsmu8hdplq5o5jqgm7t5',
  'accept-language' => 'zh-CN,zh;q=0.9',
  'accept-encoding' => 'gzip, deflate',
  'referer' => 'http://wanglong.com/Bjmasterreg',
  'accept' => 'text/html,application/xhtml+xml,application/xml;q=0.9,image/webp,image/apng,*/*;q=0.8',
  'user-agent' => 'Mozilla/5.0 (Windows NT 6.1; Win64; x64) AppleWebKit/537.36 (KHTML, like Gecko) Chrome/63.0.3239.132 Safari/537.36',
  'upgrade-insecure-requests' => '1',
  'connection' => 'close',
  'host' => 'wanglong.com',
)
[ info ] [ PARAM ] array (
)
[ info ] [ SESSION ] INIT array (
  'id' => '',
  'var_session_id' => '',
  'prefix' => 'think',
  'type' => '',
  'auto_start' => true,
)
[ info ] [ DB ] INIT mysql
[ info ] [ RUN ] app\index\controller\Bjclientorder->index[ E:\web-php-5.6\bjtp5\application\index\controller\Bjclientorder.php ]
[ info ] [ VIEW ] E:\web-php-5.6\bjtp5/application/index\view\bjclientorder\index.html [ array (
  0 => 'carr',
) ]
[ info ] [ LOG ] INIT File
[ sql ] [ DB ] CONNECT:[ UseTime:0.001001s ] mysql:host=localhost;port=3306;dbname=bj252;charset=utf8
[ sql ] [ SQL ] SHOW COLUMNS FROM `bj_message_reminder` [ RunTime:0.006000s ]
[ sql ] [ SQL ] SELECT COUNT(*) AS tp_count FROM `bj_message_reminder` WHERE  `receive_id` IS NULL  AND `status` = 0 LIMIT 1 [ RunTime:0.001000s ]
---------------------------------------------------------------
[ 2018-01-27T13:22:08+08:00 ] 127.0.0.1 127.0.0.1 GET /Bjservice
[ info ] wanglong.com/Bjservice [运行时间：0.050003s][吞吐率：20.00req/s] [内存消耗：2,740.52kb] [文件加载：43]
[ info ] [ LANG ] E:\web-php-5.6\bjtp5\thinkphp\lang\zh-cn.php
[ info ] [ ROUTE ] array (
  'type' => 'module',
  'module' => 
  array (
    0 => 'index',
    1 => 'Bjservice',
    2 => 'index',
  ),
  'convert' => false,
)
[ info ] [ HEADER ] array (
  'cookie' => 'ECS[visit_times]=1; PHPSESSID=knevu3vsmu8hdplq5o5jqgm7t5',
  'accept-language' => 'zh-CN,zh;q=0.9',
  'accept-encoding' => 'gzip, deflate',
  'referer' => 'http://wanglong.com/Bjclientorder',
  'accept' => 'text/html,application/xhtml+xml,application/xml;q=0.9,image/webp,image/apng,*/*;q=0.8',
  'user-agent' => 'Mozilla/5.0 (Windows NT 6.1; Win64; x64) AppleWebKit/537.36 (KHTML, like Gecko) Chrome/63.0.3239.132 Safari/537.36',
  'upgrade-insecure-requests' => '1',
  'connection' => 'close',
  'host' => 'wanglong.com',
)
[ info ] [ PARAM ] array (
)
[ info ] [ SESSION ] INIT array (
  'id' => '',
  'var_session_id' => '',
  'prefix' => 'think',
  'type' => '',
  'auto_start' => true,
)
[ info ] [ DB ] INIT mysql
[ info ] [ RUN ] app\index\controller\Bjservice->index[ E:\web-php-5.6\bjtp5\application\index\controller\Bjservice.php ]
[ info ] [ VIEW ] E:\web-php-5.6\bjtp5/application/index\view\bjservice\index.html [ array (
  0 => 'carr',
) ]
[ info ] [ LOG ] INIT File
[ sql ] [ DB ] CONNECT:[ UseTime:0.002000s ] mysql:host=localhost;port=3306;dbname=bj252;charset=utf8
[ sql ] [ SQL ] SHOW COLUMNS FROM `bj_message_reminder` [ RunTime:0.006001s ]
[ sql ] [ SQL ] SELECT COUNT(*) AS tp_count FROM `bj_message_reminder` WHERE  `receive_id` IS NULL  AND `status` = 0 LIMIT 1 [ RunTime:0.000000s ]
---------------------------------------------------------------
[ 2018-01-27T13:22:09+08:00 ] 127.0.0.1 127.0.0.1 GET /Bjnews
[ info ] wanglong.com/Bjnews [运行时间：0.060003s][吞吐率：16.67req/s] [内存消耗：2,763.45kb] [文件加载：43]
[ info ] [ LANG ] E:\web-php-5.6\bjtp5\thinkphp\lang\zh-cn.php
[ info ] [ ROUTE ] array (
  'type' => 'module',
  'module' => 
  array (
    0 => 'index',
    1 => 'Bjnews',
    2 => 'index',
  ),
  'convert' => false,
)
[ info ] [ HEADER ] array (
  'cookie' => 'ECS[visit_times]=1; PHPSESSID=knevu3vsmu8hdplq5o5jqgm7t5',
  'accept-language' => 'zh-CN,zh;q=0.9',
  'accept-encoding' => 'gzip, deflate',
  'referer' => 'http://wanglong.com/Bjservice',
  'accept' => 'text/html,application/xhtml+xml,application/xml;q=0.9,image/webp,image/apng,*/*;q=0.8',
  'user-agent' => 'Mozilla/5.0 (Windows NT 6.1; Win64; x64) AppleWebKit/537.36 (KHTML, like Gecko) Chrome/63.0.3239.132 Safari/537.36',
  'upgrade-insecure-requests' => '1',
  'connection' => 'close',
  'host' => 'wanglong.com',
)
[ info ] [ PARAM ] array (
)
[ info ] [ SESSION ] INIT array (
  'id' => '',
  'var_session_id' => '',
  'prefix' => 'think',
  'type' => '',
  'auto_start' => true,
)
[ info ] [ DB ] INIT mysql
[ info ] [ RUN ] app\index\controller\Bjnews->index[ E:\web-php-5.6\bjtp5\application\index\controller\Bjnews.php ]
[ info ] [ VIEW ] E:\web-php-5.6\bjtp5/application/index\view\bjnews\index.html [ array (
  0 => 'carr',
) ]
[ info ] [ LOG ] INIT File
[ sql ] [ DB ] CONNECT:[ UseTime:0.011001s ] mysql:host=localhost;port=3306;dbname=bj252;charset=utf8
[ sql ] [ SQL ] SHOW COLUMNS FROM `bj_message_reminder` [ RunTime:0.007000s ]
[ sql ] [ SQL ] SELECT COUNT(*) AS tp_count FROM `bj_message_reminder` WHERE  `receive_id` IS NULL  AND `status` = 0 LIMIT 1 [ RunTime:0.001000s ]
---------------------------------------------------------------
[ 2018-01-27T13:22:10+08:00 ] 127.0.0.1 127.0.0.1 GET /index
[ info ] wanglong.com/index [运行时间：0.106006s][吞吐率：9.43req/s] [内存消耗：2,899.09kb] [文件加载：40]
[ info ] [ LANG ] E:\web-php-5.6\bjtp5\thinkphp\lang\zh-cn.php
[ info ] [ ROUTE ] array (
  'type' => 'module',
  'module' => 
  array (
    0 => NULL,
    1 => 'index',
    2 => 'index',
  ),
  'convert' => false,
)
[ info ] [ HEADER ] array (
  'cookie' => 'ECS[visit_times]=1; PHPSESSID=knevu3vsmu8hdplq5o5jqgm7t5',
  'accept-language' => 'zh-CN,zh;q=0.9',
  'accept-encoding' => 'gzip, deflate',
  'referer' => 'http://wanglong.com/Bjnews',
  'accept' => 'text/html,application/xhtml+xml,application/xml;q=0.9,image/webp,image/apng,*/*;q=0.8',
  'user-agent' => 'Mozilla/5.0 (Windows NT 6.1; Win64; x64) AppleWebKit/537.36 (KHTML, like Gecko) Chrome/63.0.3239.132 Safari/537.36',
  'upgrade-insecure-requests' => '1',
  'connection' => 'close',
  'host' => 'wanglong.com',
)
[ info ] [ PARAM ] array (
)
[ info ] [ RUN ] app\index\controller\Index->index[ E:\web-php-5.6\bjtp5\application\index\controller\Index.php ]
[ info ] [ SESSION ] INIT array (
  'id' => '',
  'var_session_id' => '',
  'prefix' => 'think',
  'type' => '',
  'auto_start' => true,
)
[ info ] [ DB ] INIT mysql
[ info ] [ VIEW ] E:\web-php-5.6\bjtp5/application/index\view\index\index.html [ array (
  0 => 'carr',
  1 => 'length',
  2 => 'ad',
  3 => 'm',
  4 => 'news1',
  5 => 'news2',
  6 => 'news3',
  7 => 'news4',
  8 => 'num',
  9 => 'service',
  10 => 'list',
) ]
[ info ] [ LOG ] INIT File
[ sql ] [ DB ] CONNECT:[ UseTime:0.011001s ] mysql:host=localhost;port=3306;dbname=bj252;charset=utf8
[ sql ] [ SQL ] SHOW COLUMNS FROM `bj_message_reminder` [ RunTime:0.006000s ]
[ sql ] [ SQL ] SELECT COUNT(*) AS tp_count FROM `bj_message_reminder` WHERE  `receive_id` IS NULL  AND `status` = 0 LIMIT 1 [ RunTime:0.000000s ]
[ sql ] [ SQL ] SHOW COLUMNS FROM `bj_ad` [ RunTime:0.008001s ]
[ sql ] [ SQL ] SELECT * FROM `bj_ad` [ RunTime:0.000000s ]
[ sql ] [ SQL ] SELECT COUNT(*) AS tp_count FROM `bj_ad` WHERE  `status` = 1  AND `closed` = 0 LIMIT 1 [ RunTime:0.000000s ]
[ sql ] [ SQL ] SELECT `images`,`id` FROM `bj_ad` WHERE  `status` = 1  AND `closed` = 0 ORDER BY orderby desc [ RunTime:0.001000s ]
[ sql ] [ SQL ] SELECT MIN(id) AS tp_min FROM `bj_ad` LIMIT 1 [ RunTime:0.000000s ]
[ sql ] [ SQL ] SELECT `images`,`id` FROM `bj_ad` WHERE  `status` = 1  AND `closed` = 0 ORDER BY orderby desc [ RunTime:0.001000s ]
[ sql ] [ SQL ] SELECT MIN(id) AS tp_min FROM `bj_ad` LIMIT 1 [ RunTime:0.000000s ]
[ sql ] [ SQL ] SELECT `images`,`id` FROM `bj_ad` WHERE  `status` = 1  AND `closed` = 0 ORDER BY orderby desc [ RunTime:0.000000s ]
[ sql ] [ SQL ] SELECT MIN(id) AS tp_min FROM `bj_ad` LIMIT 1 [ RunTime:0.001000s ]
[ sql ] [ SQL ] SELECT `images`,`id` FROM `bj_ad` WHERE  `status` = 1  AND `closed` = 0 ORDER BY orderby desc [ RunTime:0.000000s ]
[ sql ] [ SQL ] SELECT MIN(id) AS tp_min FROM `bj_ad` LIMIT 1 [ RunTime:0.001000s ]
[ sql ] [ SQL ] SHOW COLUMNS FROM `bj_article` [ RunTime:0.006001s ]
[ sql ] [ SQL ] SELECT * FROM `bj_article` WHERE  `cate_id` = 21  AND `status` = 1  AND `is_tui` = 1 ORDER BY views desc LIMIT 8 [ RunTime:0.002000s ]
[ sql ] [ SQL ] SELECT * FROM `bj_article` WHERE  `cate_id` = 2  AND `status` = 1  AND `is_tui` = 1 ORDER BY views desc LIMIT 8 [ RunTime:0.000000s ]
[ sql ] [ SQL ] SELECT * FROM `bj_article` WHERE  `cate_id` = 3  AND `status` = 1  AND `is_tui` = 1 ORDER BY views desc LIMIT 8 [ RunTime:0.002000s ]
[ sql ] [ SQL ] SELECT * FROM `bj_article` WHERE  `cate_id` = 21  AND `status` = 1  AND `is_tui` = 1 ORDER BY views desc LIMIT 8 [ RunTime:0.003000s ]
[ sql ] [ SQL ] SHOW COLUMNS FROM `bj_service` [ RunTime:0.008001s ]
[ sql ] [ SQL ] SELECT * FROM `bj_service` WHERE  `status` = 1 ORDER BY `sort` [ RunTime:0.001000s ]
[ sql ] [ SQL ] SELECT COUNT(*) AS tp_count FROM `bj_service` LIMIT 1 [ RunTime:0.000000s ]
[ sql ] [ SQL ] SHOW COLUMNS FROM `bj_users_recommend` [ RunTime:0.006000s ]
[ sql ] [ SQL ] SELECT `bj_users_recommend`.*,bj_users_worker.real_name as u_name FROM `bj_users_recommend` LEFT JOIN `bj_users_worker` `bj_users_worker` ON `bj_users_worker`.`uid`=`bj_users_recommend`.`uid` WHERE  `status` = '1' ORDER BY bj_users_recommend.id  desc LIMIT 6 [ RunTime:0.000000s ]
---------------------------------------------------------------
[ 2018-01-27T13:22:10+08:00 ] 127.0.0.1 127.0.0.1 POST /index/defa
[ info ] wanglong.com/index/defa [运行时间：0.069004s][吞吐率：14.49req/s] [内存消耗：2,618.64kb] [文件加载：40]
[ info ] [ LANG ] E:\web-php-5.6\bjtp5\thinkphp\lang\zh-cn.php
[ info ] [ ROUTE ] array (
  'type' => 'module',
  'module' => 
  array (
    0 => 'index',
    1 => 'index',
    2 => 'defa',
  ),
  'convert' => false,
)
[ info ] [ HEADER ] array (
  'cookie' => 'ECS[visit_times]=1; PHPSESSID=knevu3vsmu8hdplq5o5jqgm7t5',
  'accept-language' => 'zh-CN,zh;q=0.9',
  'accept-encoding' => 'gzip, deflate',
  'referer' => 'http://wanglong.com/index',
  'user-agent' => 'Mozilla/5.0 (Windows NT 6.1; Win64; x64) AppleWebKit/537.36 (KHTML, like Gecko) Chrome/63.0.3239.132 Safari/537.36',
  'x-requested-with' => 'XMLHttpRequest',
  'origin' => 'http://wanglong.com',
  'accept' => 'application/json, text/javascript, */*; q=0.01',
  'content-length' => '0',
  'connection' => 'close',
  'host' => 'wanglong.com',
)
[ info ] [ PARAM ] array (
)
[ info ] [ RUN ] app\index\controller\Index->defa[ E:\web-php-5.6\bjtp5\application\index\controller\Index.php ]
[ info ] [ DB ] INIT mysql
[ info ] [ LOG ] INIT File
[ sql ] [ DB ] CONNECT:[ UseTime:0.002000s ] mysql:host=localhost;port=3306;dbname=bj252;charset=utf8
[ sql ] [ SQL ] SHOW COLUMNS FROM `bj_service` [ RunTime:0.011000s ]
[ sql ] [ SQL ] SELECT `id` FROM `bj_service` WHERE  `status` = 1 ORDER BY `sort` [ RunTime:0.001000s ]
[ sql ] [ SQL ] SHOW COLUMNS FROM `bj_category` [ RunTime:0.008001s ]
[ sql ] [ SQL ] SELECT * FROM `bj_category` WHERE  (  find_in_set(1,s_id) ) [ RunTime:0.000000s ]
---------------------------------------------------------------
[ 2018-01-27T13:22:19+08:00 ] 127.0.0.1 127.0.0.1 GET /auth
[ info ] wanglong.com/auth [运行时间：0.037601s][吞吐率：26.60req/s] [内存消耗：2,287.79kb] [文件加载：37]
[ info ] [ LANG ] E:\web-php-5.6\bjtp5\thinkphp\lang\zh-cn.php
[ info ] [ ROUTE ] array (
  'type' => 'module',
  'module' => 
  array (
    0 => NULL,
    1 => 'auth',
    2 => 'index',
  ),
  'convert' => false,
)
[ info ] [ HEADER ] array (
  'cookie' => 'ECS[visit_times]=1; PHPSESSID=knevu3vsmu8hdplq5o5jqgm7t5',
  'accept-language' => 'zh-CN,zh;q=0.9',
  'accept-encoding' => 'gzip, deflate',
  'referer' => 'http://wanglong.com/index',
  'accept' => 'text/html,application/xhtml+xml,application/xml;q=0.9,image/webp,image/apng,*/*;q=0.8',
  'user-agent' => 'Mozilla/5.0 (Windows NT 6.1; Win64; x64) AppleWebKit/537.36 (KHTML, like Gecko) Chrome/63.0.3239.132 Safari/537.36',
  'upgrade-insecure-requests' => '1',
  'connection' => 'close',
  'host' => 'wanglong.com',
)
[ info ] [ PARAM ] array (
)
[ info ] [ RUN ] app\index\controller\Auth->index[ E:\web-php-5.6\bjtp5\application\index\controller\Auth.php ]
[ info ] [ VIEW ] E:\web-php-5.6\bjtp5/application/index\view\auth\index.html [ array (
) ]
[ info ] [ LOG ] INIT File
---------------------------------------------------------------
[ 2018-01-27T13:23:11+08:00 ] 127.0.0.1 127.0.0.1 GET /index
[ info ] wanglong.com/index [运行时间：0.143608s][吞吐率：6.96req/s] [内存消耗：2,899.09kb] [文件加载：40]
[ info ] [ LANG ] E:\web-php-5.6\bjtp5\thinkphp\lang\zh-cn.php
[ info ] [ ROUTE ] array (
  'type' => 'module',
  'module' => 
  array (
    0 => NULL,
    1 => 'index',
    2 => 'index',
  ),
  'convert' => false,
)
[ info ] [ HEADER ] array (
  'cookie' => 'ECS[visit_times]=1; PHPSESSID=knevu3vsmu8hdplq5o5jqgm7t5',
  'accept-language' => 'zh-CN,zh;q=0.9',
  'accept-encoding' => 'gzip, deflate',
  'referer' => 'http://wanglong.com/Bjnews',
  'accept' => 'text/html,application/xhtml+xml,application/xml;q=0.9,image/webp,image/apng,*/*;q=0.8',
  'upgrade-insecure-requests' => '1',
  'user-agent' => 'Mozilla/5.0 (Windows NT 6.1; Win64; x64) AppleWebKit/537.36 (KHTML, like Gecko) Chrome/63.0.3239.132 Safari/537.36',
  'connection' => 'close',
  'host' => 'wanglong.com',
)
[ info ] [ PARAM ] array (
)
[ info ] [ RUN ] app\index\controller\Index->index[ E:\web-php-5.6\bjtp5\application\index\controller\Index.php ]
[ info ] [ SESSION ] INIT array (
  'id' => '',
  'var_session_id' => '',
  'prefix' => 'think',
  'type' => '',
  'auto_start' => true,
)
[ info ] [ DB ] INIT mysql
[ info ] [ VIEW ] E:\web-php-5.6\bjtp5/application/index\view\index\index.html [ array (
  0 => 'carr',
  1 => 'length',
  2 => 'ad',
  3 => 'm',
  4 => 'news1',
  5 => 'news2',
  6 => 'news3',
  7 => 'news4',
  8 => 'num',
  9 => 'service',
  10 => 'list',
) ]
[ info ] [ LOG ] INIT File
[ sql ] [ DB ] CONNECT:[ UseTime:0.002000s ] mysql:host=localhost;port=3306;dbname=bj252;charset=utf8
[ sql ] [ SQL ] SHOW COLUMNS FROM `bj_message_reminder` [ RunTime:0.051003s ]
[ sql ] [ SQL ] SELECT COUNT(*) AS tp_count FROM `bj_message_reminder` WHERE  `receive_id` IS NULL  AND `status` = 0 LIMIT 1 [ RunTime:0.000000s ]
[ sql ] [ SQL ] SHOW COLUMNS FROM `bj_ad` [ RunTime:0.006001s ]
[ sql ] [ SQL ] SELECT * FROM `bj_ad` [ RunTime:0.000000s ]
[ sql ] [ SQL ] SELECT COUNT(*) AS tp_count FROM `bj_ad` WHERE  `status` = 1  AND `closed` = 0 LIMIT 1 [ RunTime:0.000000s ]
[ sql ] [ SQL ] SELECT `images`,`id` FROM `bj_ad` WHERE  `status` = 1  AND `closed` = 0 ORDER BY orderby desc [ RunTime:0.001000s ]
[ sql ] [ SQL ] SELECT MIN(id) AS tp_min FROM `bj_ad` LIMIT 1 [ RunTime:0.000000s ]
[ sql ] [ SQL ] SELECT `images`,`id` FROM `bj_ad` WHERE  `status` = 1  AND `closed` = 0 ORDER BY orderby desc [ RunTime:0.000000s ]
[ sql ] [ SQL ] SELECT MIN(id) AS tp_min FROM `bj_ad` LIMIT 1 [ RunTime:0.000000s ]
[ sql ] [ SQL ] SELECT `images`,`id` FROM `bj_ad` WHERE  `status` = 1  AND `closed` = 0 ORDER BY orderby desc [ RunTime:0.000000s ]
[ sql ] [ SQL ] SELECT MIN(id) AS tp_min FROM `bj_ad` LIMIT 1 [ RunTime:0.001000s ]
[ sql ] [ SQL ] SELECT `images`,`id` FROM `bj_ad` WHERE  `status` = 1  AND `closed` = 0 ORDER BY orderby desc [ RunTime:0.001000s ]
[ sql ] [ SQL ] SELECT MIN(id) AS tp_min FROM `bj_ad` LIMIT 1 [ RunTime:0.001000s ]
[ sql ] [ SQL ] SHOW COLUMNS FROM `bj_article` [ RunTime:0.006000s ]
[ sql ] [ SQL ] SELECT * FROM `bj_article` WHERE  `cate_id` = 21  AND `status` = 1  AND `is_tui` = 1 ORDER BY views desc LIMIT 8 [ RunTime:0.001000s ]
[ sql ] [ SQL ] SELECT * FROM `bj_article` WHERE  `cate_id` = 2  AND `status` = 1  AND `is_tui` = 1 ORDER BY views desc LIMIT 8 [ RunTime:0.000000s ]
[ sql ] [ SQL ] SELECT * FROM `bj_article` WHERE  `cate_id` = 3  AND `status` = 1  AND `is_tui` = 1 ORDER BY views desc LIMIT 8 [ RunTime:0.001000s ]
[ sql ] [ SQL ] SELECT * FROM `bj_article` WHERE  `cate_id` = 21  AND `status` = 1  AND `is_tui` = 1 ORDER BY views desc LIMIT 8 [ RunTime:0.001000s ]
[ sql ] [ SQL ] SHOW COLUMNS FROM `bj_service` [ RunTime:0.006000s ]
[ sql ] [ SQL ] SELECT * FROM `bj_service` WHERE  `status` = 1 ORDER BY `sort` [ RunTime:0.000000s ]
[ sql ] [ SQL ] SELECT COUNT(*) AS tp_count FROM `bj_service` LIMIT 1 [ RunTime:0.000000s ]
[ sql ] [ SQL ] SHOW COLUMNS FROM `bj_users_recommend` [ RunTime:0.005001s ]
[ sql ] [ SQL ] SELECT `bj_users_recommend`.*,bj_users_worker.real_name as u_name FROM `bj_users_recommend` LEFT JOIN `bj_users_worker` `bj_users_worker` ON `bj_users_worker`.`uid`=`bj_users_recommend`.`uid` WHERE  `status` = '1' ORDER BY bj_users_recommend.id  desc LIMIT 6 [ RunTime:0.000000s ]
---------------------------------------------------------------
[ 2018-01-27T13:23:11+08:00 ] 127.0.0.1 127.0.0.1 POST /index/defa
[ info ] wanglong.com/index/defa [运行时间：0.063004s][吞吐率：15.87req/s] [内存消耗：2,618.64kb] [文件加载：40]
[ info ] [ LANG ] E:\web-php-5.6\bjtp5\thinkphp\lang\zh-cn.php
[ info ] [ ROUTE ] array (
  'type' => 'module',
  'module' => 
  array (
    0 => 'index',
    1 => 'index',
    2 => 'defa',
  ),
  'convert' => false,
)
[ info ] [ HEADER ] array (
  'cookie' => 'ECS[visit_times]=1; PHPSESSID=knevu3vsmu8hdplq5o5jqgm7t5',
  'accept-language' => 'zh-CN,zh;q=0.9',
  'accept-encoding' => 'gzip, deflate',
  'referer' => 'http://wanglong.com/index',
  'user-agent' => 'Mozilla/5.0 (Windows NT 6.1; Win64; x64) AppleWebKit/537.36 (KHTML, like Gecko) Chrome/63.0.3239.132 Safari/537.36',
  'x-requested-with' => 'XMLHttpRequest',
  'origin' => 'http://wanglong.com',
  'accept' => 'application/json, text/javascript, */*; q=0.01',
  'content-length' => '0',
  'connection' => 'close',
  'host' => 'wanglong.com',
)
[ info ] [ PARAM ] array (
)
[ info ] [ RUN ] app\index\controller\Index->defa[ E:\web-php-5.6\bjtp5\application\index\controller\Index.php ]
[ info ] [ DB ] INIT mysql
[ info ] [ LOG ] INIT File
[ sql ] [ DB ] CONNECT:[ UseTime:0.002000s ] mysql:host=localhost;port=3306;dbname=bj252;charset=utf8
[ sql ] [ SQL ] SHOW COLUMNS FROM `bj_service` [ RunTime:0.006001s ]
[ sql ] [ SQL ] SELECT `id` FROM `bj_service` WHERE  `status` = 1 ORDER BY `sort` [ RunTime:0.000000s ]
[ sql ] [ SQL ] SHOW COLUMNS FROM `bj_category` [ RunTime:0.005000s ]
[ sql ] [ SQL ] SELECT * FROM `bj_category` WHERE  (  find_in_set(1,s_id) ) [ RunTime:0.000000s ]
---------------------------------------------------------------
[ 2018-01-27T13:23:41+08:00 ] 127.0.0.1 127.0.0.1 GET /api/message_refresh
[ info ] wanglong.com/api/message_refresh [运行时间：0.031200s][吞吐率：32.05req/s] [内存消耗：2,161.84kb] [文件加载：36]
[ info ] [ LANG ] E:\web-php-5.6\bjtp5\thinkphp\lang\zh-cn.php
[ info ] [ ROUTE ] array (
  'type' => 'module',
  'module' => 
  array (
    0 => 'index',
    1 => 'api',
    2 => 'message_refresh',
  ),
  'convert' => false,
)
[ info ] [ HEADER ] array (
  'cookie' => 'ECS[visit_times]=1; PHPSESSID=knevu3vsmu8hdplq5o5jqgm7t5',
  'accept-language' => 'zh-CN,zh;q=0.9',
  'accept-encoding' => 'gzip, deflate',
  'referer' => 'http://wanglong.com/index',
  'user-agent' => 'Mozilla/5.0 (Windows NT 6.1; Win64; x64) AppleWebKit/537.36 (KHTML, like Gecko) Chrome/63.0.3239.132 Safari/537.36',
  'x-requested-with' => 'XMLHttpRequest',
  'accept' => 'application/json, text/javascript, */*; q=0.01',
  'connection' => 'close',
  'host' => 'wanglong.com',
)
[ info ] [ PARAM ] array (
)
[ info ] [ SESSION ] INIT array (
  'id' => '',
  'var_session_id' => '',
  'prefix' => 'think',
  'type' => '',
  'auto_start' => true,
)
[ info ] [ LOG ] INIT File
---------------------------------------------------------------
[ 2018-01-27T13:23:41+08:00 ] 127.0.0.1 127.0.0.1 GET /auth.html
[ info ] wanglong.com/auth.html [运行时间：0.031200s][吞吐率：32.05req/s] [内存消耗：2,114.24kb] [文件加载：35]
[ info ] [ LANG ] E:\web-php-5.6\bjtp5\thinkphp\lang\zh-cn.php
[ info ] [ ROUTE ] array (
  'type' => 'module',
  'module' => 
  array (
    0 => NULL,
    1 => 'auth',
    2 => 'index',
  ),
  'convert' => false,
)
[ info ] [ HEADER ] array (
  'cookie' => 'ECS[visit_times]=1; PHPSESSID=knevu3vsmu8hdplq5o5jqgm7t5',
  'accept-language' => 'zh-CN,zh;q=0.9',
  'accept-encoding' => 'gzip, deflate',
  'referer' => 'http://wanglong.com/index',
  'user-agent' => 'Mozilla/5.0 (Windows NT 6.1; Win64; x64) AppleWebKit/537.36 (KHTML, like Gecko) Chrome/63.0.3239.132 Safari/537.36',
  'x-requested-with' => 'XMLHttpRequest',
  'accept' => 'application/json, text/javascript, */*; q=0.01',
  'connection' => 'close',
  'host' => 'wanglong.com',
)
[ info ] [ PARAM ] array (
)
[ info ] [ RUN ] app\index\controller\Auth->index[ E:\web-php-5.6\bjtp5\application\index\controller\Auth.php ]
[ info ] [ VIEW ] E:\web-php-5.6\bjtp5/application/index\view\auth\index.html [ array (
) ]
[ info ] [ LOG ] INIT File
---------------------------------------------------------------
[ 2018-01-27T13:24:12+08:00 ] 127.0.0.1 127.0.0.1 GET /api/message_refresh
[ info ] wanglong.com/api/message_refresh [运行时间：0.031200s][吞吐率：32.05req/s] [内存消耗：2,161.81kb] [文件加载：36]
[ info ] [ LANG ] E:\web-php-5.6\bjtp5\thinkphp\lang\zh-cn.php
[ info ] [ ROUTE ] array (
  'type' => 'module',
  'module' => 
  array (
    0 => 'index',
    1 => 'api',
    2 => 'message_refresh',
  ),
  'convert' => false,
)
[ info ] [ HEADER ] array (
  'cookie' => 'ECS[visit_times]=1; PHPSESSID=knevu3vsmu8hdplq5o5jqgm7t5',
  'accept-language' => 'zh-CN,zh;q=0.9',
  'accept-encoding' => 'gzip, deflate',
  'referer' => 'http://wanglong.com/index',
  'user-agent' => 'Mozilla/5.0 (Windows NT 6.1; Win64; x64) AppleWebKit/537.36 (KHTML, like Gecko) Chrome/63.0.3239.132 Safari/537.36',
  'x-requested-with' => 'XMLHttpRequest',
  'accept' => 'application/json, text/javascript, */*; q=0.01',
  'connection' => 'close',
  'host' => 'wanglong.com',
)
[ info ] [ PARAM ] array (
)
[ info ] [ SESSION ] INIT array (
  'id' => '',
  'var_session_id' => '',
  'prefix' => 'think',
  'type' => '',
  'auto_start' => true,
)
[ info ] [ LOG ] INIT File
---------------------------------------------------------------
[ 2018-01-27T13:24:12+08:00 ] 127.0.0.1 127.0.0.1 GET /auth.html
[ info ] wanglong.com/auth.html [运行时间：0.031200s][吞吐率：32.05req/s] [内存消耗：2,114.24kb] [文件加载：35]
[ info ] [ LANG ] E:\web-php-5.6\bjtp5\thinkphp\lang\zh-cn.php
[ info ] [ ROUTE ] array (
  'type' => 'module',
  'module' => 
  array (
    0 => NULL,
    1 => 'auth',
    2 => 'index',
  ),
  'convert' => false,
)
[ info ] [ HEADER ] array (
  'cookie' => 'ECS[visit_times]=1; PHPSESSID=knevu3vsmu8hdplq5o5jqgm7t5',
  'accept-language' => 'zh-CN,zh;q=0.9',
  'accept-encoding' => 'gzip, deflate',
  'referer' => 'http://wanglong.com/index',
  'user-agent' => 'Mozilla/5.0 (Windows NT 6.1; Win64; x64) AppleWebKit/537.36 (KHTML, like Gecko) Chrome/63.0.3239.132 Safari/537.36',
  'x-requested-with' => 'XMLHttpRequest',
  'accept' => 'application/json, text/javascript, */*; q=0.01',
  'connection' => 'close',
  'host' => 'wanglong.com',
)
[ info ] [ PARAM ] array (
)
[ info ] [ RUN ] app\index\controller\Auth->index[ E:\web-php-5.6\bjtp5\application\index\controller\Auth.php ]
[ info ] [ VIEW ] E:\web-php-5.6\bjtp5/application/index\view\auth\index.html [ array (
) ]
[ info ] [ LOG ] INIT File
---------------------------------------------------------------
[ 2018-01-27T13:24:41+08:00 ] 127.0.0.1 127.0.0.1 GET /api/message_refresh
[ info ] wanglong.com/api/message_refresh [运行时间：0.031200s][吞吐率：32.05req/s] [内存消耗：2,161.84kb] [文件加载：36]
[ info ] [ LANG ] E:\web-php-5.6\bjtp5\thinkphp\lang\zh-cn.php
[ info ] [ ROUTE ] array (
  'type' => 'module',
  'module' => 
  array (
    0 => 'index',
    1 => 'api',
    2 => 'message_refresh',
  ),
  'convert' => false,
)
[ info ] [ HEADER ] array (
  'cookie' => 'ECS[visit_times]=1; PHPSESSID=knevu3vsmu8hdplq5o5jqgm7t5',
  'accept-language' => 'zh-CN,zh;q=0.9',
  'accept-encoding' => 'gzip, deflate',
  'referer' => 'http://wanglong.com/index',
  'user-agent' => 'Mozilla/5.0 (Windows NT 6.1; Win64; x64) AppleWebKit/537.36 (KHTML, like Gecko) Chrome/63.0.3239.132 Safari/537.36',
  'x-requested-with' => 'XMLHttpRequest',
  'accept' => 'application/json, text/javascript, */*; q=0.01',
  'connection' => 'close',
  'host' => 'wanglong.com',
)
[ info ] [ PARAM ] array (
)
[ info ] [ SESSION ] INIT array (
  'id' => '',
  'var_session_id' => '',
  'prefix' => 'think',
  'type' => '',
  'auto_start' => true,
)
[ info ] [ LOG ] INIT File
---------------------------------------------------------------
[ 2018-01-27T13:24:41+08:00 ] 127.0.0.1 127.0.0.1 GET /auth.html
[ info ] wanglong.com/auth.html [运行时间：0.031200s][吞吐率：32.05req/s] [内存消耗：2,114.24kb] [文件加载：35]
[ info ] [ LANG ] E:\web-php-5.6\bjtp5\thinkphp\lang\zh-cn.php
[ info ] [ ROUTE ] array (
  'type' => 'module',
  'module' => 
  array (
    0 => NULL,
    1 => 'auth',
    2 => 'index',
  ),
  'convert' => false,
)
[ info ] [ HEADER ] array (
  'cookie' => 'ECS[visit_times]=1; PHPSESSID=knevu3vsmu8hdplq5o5jqgm7t5',
  'accept-language' => 'zh-CN,zh;q=0.9',
  'accept-encoding' => 'gzip, deflate',
  'referer' => 'http://wanglong.com/index',
  'user-agent' => 'Mozilla/5.0 (Windows NT 6.1; Win64; x64) AppleWebKit/537.36 (KHTML, like Gecko) Chrome/63.0.3239.132 Safari/537.36',
  'x-requested-with' => 'XMLHttpRequest',
  'accept' => 'application/json, text/javascript, */*; q=0.01',
  'connection' => 'close',
  'host' => 'wanglong.com',
)
[ info ] [ PARAM ] array (
)
[ info ] [ RUN ] app\index\controller\Auth->index[ E:\web-php-5.6\bjtp5\application\index\controller\Auth.php ]
[ info ] [ VIEW ] E:\web-php-5.6\bjtp5/application/index\view\auth\index.html [ array (
) ]
[ info ] [ LOG ] INIT File
