---------------------------------------------------------------
[ 2018-02-05T21:45:45+08:00 ] 127.0.0.1 127.0.0.1 GET /
[ info ] wanglong.com/ [运行时间：0.520030s][吞吐率：1.92req/s] [内存消耗：2,918.79kb] [文件加载：40]
[ info ] [ LANG ] E:\web-php-5.6\bjtp5\thinkphp\lang\zh-cn.php
[ info ] [ ROUTE ] array (
  'type' => 'module',
  'module' => 
  array (
    0 => '',
    1 => NULL,
    2 => NULL,
  ),
)
[ info ] [ HEADER ] array (
  'cookie' => 'ECS[visit_times]=1',
  'accept-language' => 'zh-CN,zh;q=0.9',
  'accept-encoding' => 'gzip, deflate',
  'accept' => 'text/html,application/xhtml+xml,application/xml;q=0.9,image/webp,image/apng,*/*;q=0.8',
  'upgrade-insecure-requests' => '1',
  'user-agent' => 'Mozilla/5.0 (Windows NT 6.1; Win64; x64) AppleWebKit/537.36 (KHTML, like Gecko) Chrome/63.0.3239.132 Safari/537.36',
  'connection' => 'close',
  'host' => 'wanglong.com',
)
[ info ] [ PARAM ] array (
)
[ info ] [ RUN ] app\index\controller\Index->index[ E:\web-php-5.6\bjtp5\application\index\controller\Index.php ]
[ info ] [ SESSION ] INIT array (
  'id' => '',
  'var_session_id' => '',
  'prefix' => 'think',
  'type' => '',
  'auto_start' => true,
)
[ info ] [ DB ] INIT mysql
[ info ] [ VIEW ] E:\web-php-5.6\bjtp5/application/index\view\index\index.html [ array (
  0 => 'carr',
  1 => 'length',
  2 => 'ad',
  3 => 'm',
  4 => 'news1',
  5 => 'news2',
  6 => 'news3',
  7 => 'news4',
  8 => 'num',
  9 => 'service',
  10 => 'list',
) ]
[ info ] [ LOG ] INIT File
[ sql ] [ DB ] CONNECT:[ UseTime:0.026002s ] mysql:host=localhost;port=3306;dbname=bj252;charset=utf8
[ sql ] [ SQL ] SHOW COLUMNS FROM `bj_message_reminder` [ RunTime:0.039002s ]
[ sql ] [ SQL ] SELECT COUNT(*) AS tp_count FROM `bj_message_reminder` WHERE  `receive_id` IS NULL  AND `status` = 0 LIMIT 1 [ RunTime:0.000000s ]
[ sql ] [ SQL ] SHOW COLUMNS FROM `bj_ad` [ RunTime:0.067004s ]
[ sql ] [ SQL ] SELECT * FROM `bj_ad` [ RunTime:0.001000s ]
[ sql ] [ SQL ] SELECT COUNT(*) AS tp_count FROM `bj_ad` WHERE  `status` = 1  AND `closed` = 0 LIMIT 1 [ RunTime:0.001000s ]
[ sql ] [ SQL ] SELECT `images`,`id` FROM `bj_ad` WHERE  `status` = 1  AND `closed` = 0 ORDER BY orderby desc [ RunTime:0.001000s ]
[ sql ] [ SQL ] SELECT MIN(id) AS tp_min FROM `bj_ad` LIMIT 1 [ RunTime:0.000000s ]
[ sql ] [ SQL ] SELECT `images`,`id` FROM `bj_ad` WHERE  `status` = 1  AND `closed` = 0 ORDER BY orderby desc [ RunTime:0.000000s ]
[ sql ] [ SQL ] SELECT MIN(id) AS tp_min FROM `bj_ad` LIMIT 1 [ RunTime:0.001000s ]
[ sql ] [ SQL ] SELECT `images`,`id` FROM `bj_ad` WHERE  `status` = 1  AND `closed` = 0 ORDER BY orderby desc [ RunTime:0.000000s ]
[ sql ] [ SQL ] SELECT MIN(id) AS tp_min FROM `bj_ad` LIMIT 1 [ RunTime:0.001000s ]
[ sql ] [ SQL ] SELECT `images`,`id` FROM `bj_ad` WHERE  `status` = 1  AND `closed` = 0 ORDER BY orderby desc [ RunTime:0.000000s ]
[ sql ] [ SQL ] SELECT MIN(id) AS tp_min FROM `bj_ad` LIMIT 1 [ RunTime:0.001000s ]
[ sql ] [ SQL ] SHOW COLUMNS FROM `bj_article` [ RunTime:0.045002s ]
[ sql ] [ SQL ] SELECT * FROM `bj_article` WHERE  `cate_id` = 21  AND `status` = 1  AND `is_tui` = 1 ORDER BY views desc LIMIT 8 [ RunTime:0.002001s ]
[ sql ] [ SQL ] SELECT * FROM `bj_article` WHERE  `cate_id` = 2  AND `status` = 1  AND `is_tui` = 1 ORDER BY views desc LIMIT 8 [ RunTime:0.000000s ]
[ sql ] [ SQL ] SELECT * FROM `bj_article` WHERE  `cate_id` = 3  AND `status` = 1  AND `is_tui` = 1 ORDER BY views desc LIMIT 8 [ RunTime:0.002000s ]
[ sql ] [ SQL ] SELECT * FROM `bj_article` WHERE  `cate_id` = 21  AND `status` = 1  AND `is_tui` = 1 ORDER BY views desc LIMIT 8 [ RunTime:0.001000s ]
[ sql ] [ SQL ] SHOW COLUMNS FROM `bj_service` [ RunTime:0.006000s ]
[ sql ] [ SQL ] SELECT * FROM `bj_service` WHERE  `status` = 1 ORDER BY `sort` [ RunTime:0.001000s ]
[ sql ] [ SQL ] SELECT COUNT(*) AS tp_count FROM `bj_service` LIMIT 1 [ RunTime:0.000000s ]
[ sql ] [ SQL ] SHOW COLUMNS FROM `bj_users_recommend` [ RunTime:0.057004s ]
[ sql ] [ SQL ] SELECT `bj_users_recommend`.*,bj_users_worker.real_name as u_name FROM `bj_users_recommend` LEFT JOIN `bj_users_worker` `bj_users_worker` ON `bj_users_worker`.`uid`=`bj_users_recommend`.`uid` WHERE  `status` = '1' ORDER BY bj_users_recommend.id  desc LIMIT 6 [ RunTime:0.002000s ]
---------------------------------------------------------------
[ 2018-02-05T21:45:45+08:00 ] 127.0.0.1 127.0.0.1 GET /
[ info ] wanglong.com/ [运行时间：0.087005s][吞吐率：11.49req/s] [内存消耗：2,918.66kb] [文件加载：40]
[ info ] [ LANG ] E:\web-php-5.6\bjtp5\thinkphp\lang\zh-cn.php
[ info ] [ ROUTE ] array (
  'type' => 'module',
  'module' => 
  array (
    0 => '',
    1 => NULL,
    2 => NULL,
  ),
)
[ info ] [ HEADER ] array (
  'cookie' => 'ECS[visit_times]=1',
  'accept-language' => 'zh-CN,zh;q=0.9',
  'accept-encoding' => 'gzip, deflate',
  'accept' => 'text/html,application/xhtml+xml,application/xml;q=0.9,image/webp,image/apng,*/*;q=0.8',
  'upgrade-insecure-requests' => '1',
  'user-agent' => 'Mozilla/5.0 (Windows NT 6.1; Win64; x64) AppleWebKit/537.36 (KHTML, like Gecko) Chrome/63.0.3239.132 Safari/537.36',
  'connection' => 'close',
  'host' => 'wanglong.com',
)
[ info ] [ PARAM ] array (
)
[ info ] [ RUN ] app\index\controller\Index->index[ E:\web-php-5.6\bjtp5\application\index\controller\Index.php ]
[ info ] [ SESSION ] INIT array (
  'id' => '',
  'var_session_id' => '',
  'prefix' => 'think',
  'type' => '',
  'auto_start' => true,
)
[ info ] [ DB ] INIT mysql
[ info ] [ VIEW ] E:\web-php-5.6\bjtp5/application/index\view\index\index.html [ array (
  0 => 'carr',
  1 => 'length',
  2 => 'ad',
  3 => 'm',
  4 => 'news1',
  5 => 'news2',
  6 => 'news3',
  7 => 'news4',
  8 => 'num',
  9 => 'service',
  10 => 'list',
) ]
[ info ] [ LOG ] INIT File
[ sql ] [ DB ] CONNECT:[ UseTime:0.002000s ] mysql:host=localhost;port=3306;dbname=bj252;charset=utf8
[ sql ] [ SQL ] SHOW COLUMNS FROM `bj_message_reminder` [ RunTime:0.004000s ]
[ sql ] [ SQL ] SELECT COUNT(*) AS tp_count FROM `bj_message_reminder` WHERE  `receive_id` IS NULL  AND `status` = 0 LIMIT 1 [ RunTime:0.000000s ]
[ sql ] [ SQL ] SHOW COLUMNS FROM `bj_ad` [ RunTime:0.003000s ]
[ sql ] [ SQL ] SELECT * FROM `bj_ad` [ RunTime:0.000000s ]
[ sql ] [ SQL ] SELECT COUNT(*) AS tp_count FROM `bj_ad` WHERE  `status` = 1  AND `closed` = 0 LIMIT 1 [ RunTime:0.001000s ]
[ sql ] [ SQL ] SELECT `images`,`id` FROM `bj_ad` WHERE  `status` = 1  AND `closed` = 0 ORDER BY orderby desc [ RunTime:0.000000s ]
[ sql ] [ SQL ] SELECT MIN(id) AS tp_min FROM `bj_ad` LIMIT 1 [ RunTime:0.001000s ]
[ sql ] [ SQL ] SELECT `images`,`id` FROM `bj_ad` WHERE  `status` = 1  AND `closed` = 0 ORDER BY orderby desc [ RunTime:0.000000s ]
[ sql ] [ SQL ] SELECT MIN(id) AS tp_min FROM `bj_ad` LIMIT 1 [ RunTime:0.000000s ]
[ sql ] [ SQL ] SELECT `images`,`id` FROM `bj_ad` WHERE  `status` = 1  AND `closed` = 0 ORDER BY orderby desc [ RunTime:0.000000s ]
[ sql ] [ SQL ] SELECT MIN(id) AS tp_min FROM `bj_ad` LIMIT 1 [ RunTime:0.000000s ]
[ sql ] [ SQL ] SELECT `images`,`id` FROM `bj_ad` WHERE  `status` = 1  AND `closed` = 0 ORDER BY orderby desc [ RunTime:0.000000s ]
[ sql ] [ SQL ] SELECT MIN(id) AS tp_min FROM `bj_ad` LIMIT 1 [ RunTime:0.001000s ]
[ sql ] [ SQL ] SHOW COLUMNS FROM `bj_article` [ RunTime:0.004000s ]
[ sql ] [ SQL ] SELECT * FROM `bj_article` WHERE  `cate_id` = 21  AND `status` = 1  AND `is_tui` = 1 ORDER BY views desc LIMIT 8 [ RunTime:0.002000s ]
[ sql ] [ SQL ] SELECT * FROM `bj_article` WHERE  `cate_id` = 2  AND `status` = 1  AND `is_tui` = 1 ORDER BY views desc LIMIT 8 [ RunTime:0.000000s ]
[ sql ] [ SQL ] SELECT * FROM `bj_article` WHERE  `cate_id` = 3  AND `status` = 1  AND `is_tui` = 1 ORDER BY views desc LIMIT 8 [ RunTime:0.001000s ]
[ sql ] [ SQL ] SELECT * FROM `bj_article` WHERE  `cate_id` = 21  AND `status` = 1  AND `is_tui` = 1 ORDER BY views desc LIMIT 8 [ RunTime:0.000000s ]
[ sql ] [ SQL ] SHOW COLUMNS FROM `bj_service` [ RunTime:0.008001s ]
[ sql ] [ SQL ] SELECT * FROM `bj_service` WHERE  `status` = 1 ORDER BY `sort` [ RunTime:0.003000s ]
[ sql ] [ SQL ] SELECT COUNT(*) AS tp_count FROM `bj_service` LIMIT 1 [ RunTime:0.001000s ]
[ sql ] [ SQL ] SHOW COLUMNS FROM `bj_users_recommend` [ RunTime:0.005000s ]
[ sql ] [ SQL ] SELECT `bj_users_recommend`.*,bj_users_worker.real_name as u_name FROM `bj_users_recommend` LEFT JOIN `bj_users_worker` `bj_users_worker` ON `bj_users_worker`.`uid`=`bj_users_recommend`.`uid` WHERE  `status` = '1' ORDER BY bj_users_recommend.id  desc LIMIT 6 [ RunTime:0.001000s ]
---------------------------------------------------------------
[ 2018-02-05T21:45:46+08:00 ] 127.0.0.1 127.0.0.1 POST /index/defa
[ info ] wanglong.com/index/defa [运行时间：0.162010s][吞吐率：6.17req/s] [内存消耗：2,618.62kb] [文件加载：40]
[ info ] [ LANG ] E:\web-php-5.6\bjtp5\thinkphp\lang\zh-cn.php
[ info ] [ ROUTE ] array (
  'type' => 'module',
  'module' => 
  array (
    0 => 'index',
    1 => 'index',
    2 => 'defa',
  ),
  'convert' => false,
)
[ info ] [ HEADER ] array (
  'cookie' => 'ECS[visit_times]=1; PHPSESSID=e18uk6o8hk660rc3r5q6dg1tr0',
  'accept-language' => 'zh-CN,zh;q=0.9',
  'accept-encoding' => 'gzip, deflate',
  'referer' => 'http://wanglong.com/',
  'user-agent' => 'Mozilla/5.0 (Windows NT 6.1; Win64; x64) AppleWebKit/537.36 (KHTML, like Gecko) Chrome/63.0.3239.132 Safari/537.36',
  'x-requested-with' => 'XMLHttpRequest',
  'origin' => 'http://wanglong.com',
  'accept' => 'application/json, text/javascript, */*; q=0.01',
  'content-length' => '0',
  'connection' => 'close',
  'host' => 'wanglong.com',
)
[ info ] [ PARAM ] array (
)
[ info ] [ RUN ] app\index\controller\Index->defa[ E:\web-php-5.6\bjtp5\application\index\controller\Index.php ]
[ info ] [ DB ] INIT mysql
[ info ] [ LOG ] INIT File
[ sql ] [ DB ] CONNECT:[ UseTime:0.001000s ] mysql:host=localhost;port=3306;dbname=bj252;charset=utf8
[ sql ] [ SQL ] SHOW COLUMNS FROM `bj_service` [ RunTime:0.008001s ]
[ sql ] [ SQL ] SELECT `id` FROM `bj_service` WHERE  `status` = 1 ORDER BY `sort` [ RunTime:0.001000s ]
[ sql ] [ SQL ] SHOW COLUMNS FROM `bj_category` [ RunTime:0.076004s ]
[ sql ] [ SQL ] SELECT * FROM `bj_category` WHERE  (  find_in_set(1,s_id) ) [ RunTime:0.001000s ]
---------------------------------------------------------------
[ 2018-02-05T21:45:57+08:00 ] 127.0.0.1 127.0.0.1 GET /
[ info ] 127.0.0.1/ [运行时间：0.117605s][吞吐率：8.50req/s] [内存消耗：2,918.52kb] [文件加载：40]
[ info ] [ LANG ] E:\web-php-5.6\bjtp5\thinkphp\lang\zh-cn.php
[ info ] [ ROUTE ] array (
  'type' => 'module',
  'module' => 
  array (
    0 => '',
    1 => NULL,
    2 => NULL,
  ),
)
[ info ] [ HEADER ] array (
  'accept-language' => 'zh-CN,zh;q=0.9',
  'accept-encoding' => 'gzip, deflate, br',
  'accept' => 'text/html,application/xhtml+xml,application/xml;q=0.9,image/webp,image/apng,*/*;q=0.8',
  'upgrade-insecure-requests' => '1',
  'user-agent' => 'Mozilla/5.0 (Windows NT 6.1; Win64; x64) AppleWebKit/537.36 (KHTML, like Gecko) Chrome/63.0.3239.132 Safari/537.36',
  'connection' => 'close',
  'host' => '127.0.0.1',
)
[ info ] [ PARAM ] array (
)
[ info ] [ RUN ] app\index\controller\Index->index[ E:\web-php-5.6\bjtp5\application\index\controller\Index.php ]
[ info ] [ SESSION ] INIT array (
  'id' => '',
  'var_session_id' => '',
  'prefix' => 'think',
  'type' => '',
  'auto_start' => true,
)
[ info ] [ DB ] INIT mysql
[ info ] [ VIEW ] E:\web-php-5.6\bjtp5/application/index\view\index\index.html [ array (
  0 => 'carr',
  1 => 'length',
  2 => 'ad',
  3 => 'm',
  4 => 'news1',
  5 => 'news2',
  6 => 'news3',
  7 => 'news4',
  8 => 'num',
  9 => 'service',
  10 => 'list',
) ]
[ info ] [ LOG ] INIT File
[ sql ] [ DB ] CONNECT:[ UseTime:0.002000s ] mysql:host=localhost;port=3306;dbname=bj252;charset=utf8
[ sql ] [ SQL ] SHOW COLUMNS FROM `bj_message_reminder` [ RunTime:0.005000s ]
[ sql ] [ SQL ] SELECT COUNT(*) AS tp_count FROM `bj_message_reminder` WHERE  `receive_id` IS NULL  AND `status` = 0 LIMIT 1 [ RunTime:0.001000s ]
[ sql ] [ SQL ] SHOW COLUMNS FROM `bj_ad` [ RunTime:0.005001s ]
[ sql ] [ SQL ] SELECT * FROM `bj_ad` [ RunTime:0.001000s ]
[ sql ] [ SQL ] SELECT COUNT(*) AS tp_count FROM `bj_ad` WHERE  `status` = 1  AND `closed` = 0 LIMIT 1 [ RunTime:0.000000s ]
[ sql ] [ SQL ] SELECT `images`,`id` FROM `bj_ad` WHERE  `status` = 1  AND `closed` = 0 ORDER BY orderby desc [ RunTime:0.000000s ]
[ sql ] [ SQL ] SELECT MIN(id) AS tp_min FROM `bj_ad` LIMIT 1 [ RunTime:0.000000s ]
[ sql ] [ SQL ] SELECT `images`,`id` FROM `bj_ad` WHERE  `status` = 1  AND `closed` = 0 ORDER BY orderby desc [ RunTime:0.000000s ]
[ sql ] [ SQL ] SELECT MIN(id) AS tp_min FROM `bj_ad` LIMIT 1 [ RunTime:0.000000s ]
[ sql ] [ SQL ] SELECT `images`,`id` FROM `bj_ad` WHERE  `status` = 1  AND `closed` = 0 ORDER BY orderby desc [ RunTime:0.000000s ]
[ sql ] [ SQL ] SELECT MIN(id) AS tp_min FROM `bj_ad` LIMIT 1 [ RunTime:0.000000s ]
[ sql ] [ SQL ] SELECT `images`,`id` FROM `bj_ad` WHERE  `status` = 1  AND `closed` = 0 ORDER BY orderby desc [ RunTime:0.000000s ]
[ sql ] [ SQL ] SELECT MIN(id) AS tp_min FROM `bj_ad` LIMIT 1 [ RunTime:0.000000s ]
[ sql ] [ SQL ] SHOW COLUMNS FROM `bj_article` [ RunTime:0.004000s ]
[ sql ] [ SQL ] SELECT * FROM `bj_article` WHERE  `cate_id` = 21  AND `status` = 1  AND `is_tui` = 1 ORDER BY views desc LIMIT 8 [ RunTime:0.001000s ]
[ sql ] [ SQL ] SELECT * FROM `bj_article` WHERE  `cate_id` = 2  AND `status` = 1  AND `is_tui` = 1 ORDER BY views desc LIMIT 8 [ RunTime:0.000000s ]
[ sql ] [ SQL ] SELECT * FROM `bj_article` WHERE  `cate_id` = 3  AND `status` = 1  AND `is_tui` = 1 ORDER BY views desc LIMIT 8 [ RunTime:0.001001s ]
[ sql ] [ SQL ] SELECT * FROM `bj_article` WHERE  `cate_id` = 21  AND `status` = 1  AND `is_tui` = 1 ORDER BY views desc LIMIT 8 [ RunTime:0.001000s ]
[ sql ] [ SQL ] SHOW COLUMNS FROM `bj_service` [ RunTime:0.004000s ]
[ sql ] [ SQL ] SELECT * FROM `bj_service` WHERE  `status` = 1 ORDER BY `sort` [ RunTime:0.000000s ]
[ sql ] [ SQL ] SELECT COUNT(*) AS tp_count FROM `bj_service` LIMIT 1 [ RunTime:0.000000s ]
[ sql ] [ SQL ] SHOW COLUMNS FROM `bj_users_recommend` [ RunTime:0.005000s ]
[ sql ] [ SQL ] SELECT `bj_users_recommend`.*,bj_users_worker.real_name as u_name FROM `bj_users_recommend` LEFT JOIN `bj_users_worker` `bj_users_worker` ON `bj_users_worker`.`uid`=`bj_users_recommend`.`uid` WHERE  `status` = '1' ORDER BY bj_users_recommend.id  desc LIMIT 6 [ RunTime:0.001000s ]
---------------------------------------------------------------
[ 2018-02-05T21:45:58+08:00 ] 127.0.0.1 127.0.0.1 POST /index/defa
[ info ] 127.0.0.1/index/defa [运行时间：0.083004s][吞吐率：12.05req/s] [内存消耗：2,618.64kb] [文件加载：40]
[ info ] [ LANG ] E:\web-php-5.6\bjtp5\thinkphp\lang\zh-cn.php
[ info ] [ ROUTE ] array (
  'type' => 'module',
  'module' => 
  array (
    0 => 'index',
    1 => 'index',
    2 => 'defa',
  ),
  'convert' => false,
)
[ info ] [ HEADER ] array (
  'cookie' => 'PHPSESSID=3giog6rbs50rten3u18aqnho90',
  'accept-language' => 'zh-CN,zh;q=0.9',
  'accept-encoding' => 'gzip, deflate, br',
  'referer' => 'http://127.0.0.1/',
  'user-agent' => 'Mozilla/5.0 (Windows NT 6.1; Win64; x64) AppleWebKit/537.36 (KHTML, like Gecko) Chrome/63.0.3239.132 Safari/537.36',
  'x-requested-with' => 'XMLHttpRequest',
  'origin' => 'http://127.0.0.1',
  'accept' => 'application/json, text/javascript, */*; q=0.01',
  'content-length' => '0',
  'connection' => 'close',
  'host' => '127.0.0.1',
)
[ info ] [ PARAM ] array (
)
[ info ] [ RUN ] app\index\controller\Index->defa[ E:\web-php-5.6\bjtp5\application\index\controller\Index.php ]
[ info ] [ DB ] INIT mysql
[ info ] [ LOG ] INIT File
[ sql ] [ DB ] CONNECT:[ UseTime:0.011001s ] mysql:host=localhost;port=3306;dbname=bj252;charset=utf8
[ sql ] [ SQL ] SHOW COLUMNS FROM `bj_service` [ RunTime:0.008000s ]
[ sql ] [ SQL ] SELECT `id` FROM `bj_service` WHERE  `status` = 1 ORDER BY `sort` [ RunTime:0.003001s ]
[ sql ] [ SQL ] SHOW COLUMNS FROM `bj_category` [ RunTime:0.009000s ]
[ sql ] [ SQL ] SELECT * FROM `bj_category` WHERE  (  find_in_set(1,s_id) ) [ RunTime:0.001000s ]
---------------------------------------------------------------
[ 2018-02-05T21:45:59+08:00 ] 127.0.0.1 127.0.0.1 GET /static/index/css/fonts/glyphicons-halflings-regular.woff2
[ info ] wanglong.com/static/index/css/fonts/glyphicons-halflings-regular.woff2 [运行时间：0.098006s][吞吐率：10.20req/s] [内存消耗：1,816.42kb] [文件加载：28]
[ info ] [ LANG ] E:\web-php-5.6\bjtp5\thinkphp\lang\zh-cn.php
[ info ] [ ROUTE ] array (
  'type' => 'module',
  'module' => 
  array (
    0 => 'static',
    1 => 'index',
    2 => 'css',
  ),
)
[ info ] [ HEADER ] array (
  'accept-language' => 'zh-CN,zh;q=0.9',
  'accept-encoding' => 'gzip, deflate',
  'referer' => 'http://wanglong.com/static/index/css/bootstrap/bootstrap.min.css',
  'accept' => '*/*',
  'user-agent' => 'Mozilla/5.0 (Windows NT 6.1; Win64; x64) AppleWebKit/537.36 (KHTML, like Gecko) Chrome/63.0.3239.132 Safari/537.36',
  'origin' => 'http://127.0.0.1',
  'connection' => 'close',
  'host' => 'wanglong.com',
)
[ info ] [ PARAM ] array (
  'fonts' => 'glyphicons-halflings-regular.woff2',
)
[ info ] [ LOG ] INIT File
---------------------------------------------------------------
[ 2018-02-05T21:45:59+08:00 ] 127.0.0.1 127.0.0.1 GET /static/index/css/fonts/glyphicons-halflings-regular.woff
[ info ] wanglong.com/static/index/css/fonts/glyphicons-halflings-regular.woff [运行时间：0.025001s][吞吐率：40.00req/s] [内存消耗：1,816.42kb] [文件加载：28]
[ info ] [ LANG ] E:\web-php-5.6\bjtp5\thinkphp\lang\zh-cn.php
[ info ] [ ROUTE ] array (
  'type' => 'module',
  'module' => 
  array (
    0 => 'static',
    1 => 'index',
    2 => 'css',
  ),
)
[ info ] [ HEADER ] array (
  'accept-language' => 'zh-CN,zh;q=0.9',
  'accept-encoding' => 'gzip, deflate',
  'referer' => 'http://wanglong.com/static/index/css/bootstrap/bootstrap.min.css',
  'accept' => '*/*',
  'user-agent' => 'Mozilla/5.0 (Windows NT 6.1; Win64; x64) AppleWebKit/537.36 (KHTML, like Gecko) Chrome/63.0.3239.132 Safari/537.36',
  'origin' => 'http://127.0.0.1',
  'connection' => 'close',
  'host' => 'wanglong.com',
)
[ info ] [ PARAM ] array (
  'fonts' => 'glyphicons-halflings-regular.woff',
)
[ info ] [ LOG ] INIT File
---------------------------------------------------------------
[ 2018-02-05T21:45:59+08:00 ] 127.0.0.1 127.0.0.1 GET /static/index/css/fonts/glyphicons-halflings-regular.ttf
[ info ] wanglong.com/static/index/css/fonts/glyphicons-halflings-regular.ttf [运行时间：0.028001s][吞吐率：35.71req/s] [内存消耗：1,816.41kb] [文件加载：28]
[ info ] [ LANG ] E:\web-php-5.6\bjtp5\thinkphp\lang\zh-cn.php
[ info ] [ ROUTE ] array (
  'type' => 'module',
  'module' => 
  array (
    0 => 'static',
    1 => 'index',
    2 => 'css',
  ),
)
[ info ] [ HEADER ] array (
  'accept-language' => 'zh-CN,zh;q=0.9',
  'accept-encoding' => 'gzip, deflate',
  'referer' => 'http://wanglong.com/static/index/css/bootstrap/bootstrap.min.css',
  'accept' => '*/*',
  'user-agent' => 'Mozilla/5.0 (Windows NT 6.1; Win64; x64) AppleWebKit/537.36 (KHTML, like Gecko) Chrome/63.0.3239.132 Safari/537.36',
  'origin' => 'http://127.0.0.1',
  'connection' => 'close',
  'host' => 'wanglong.com',
)
[ info ] [ PARAM ] array (
  'fonts' => 'glyphicons-halflings-regular.ttf',
)
[ info ] [ LOG ] INIT File
---------------------------------------------------------------
[ 2018-02-05T21:46:08+08:00 ] 127.0.0.1 127.0.0.1 GET /Bjnews
[ info ] wanglong.com/Bjnews [运行时间：0.093005s][吞吐率：10.75req/s] [内存消耗：2,609.62kb] [文件加载：41]
[ info ] [ LANG ] E:\web-php-5.6\bjtp5\thinkphp\lang\zh-cn.php
[ info ] [ ROUTE ] array (
  'type' => 'module',
  'module' => 
  array (
    0 => 'index',
    1 => 'Bjnews',
    2 => 'index',
  ),
  'convert' => false,
)
[ info ] [ HEADER ] array (
  'cookie' => 'ECS[visit_times]=1; PHPSESSID=e18uk6o8hk660rc3r5q6dg1tr0',
  'accept-language' => 'zh-CN,zh;q=0.9',
  'accept-encoding' => 'gzip, deflate',
  'referer' => 'http://127.0.0.1/',
  'accept' => 'text/html,application/xhtml+xml,application/xml;q=0.9,image/webp,image/apng,*/*;q=0.8',
  'user-agent' => 'Mozilla/5.0 (Windows NT 6.1; Win64; x64) AppleWebKit/537.36 (KHTML, like Gecko) Chrome/63.0.3239.132 Safari/537.36',
  'upgrade-insecure-requests' => '1',
  'connection' => 'close',
  'host' => 'wanglong.com',
)
[ info ] [ PARAM ] array (
)
[ info ] [ SESSION ] INIT array (
  'id' => '',
  'var_session_id' => '',
  'prefix' => 'think',
  'type' => '',
  'auto_start' => true,
)
[ info ] [ DB ] INIT mysql
[ info ] [ RUN ] app\index\controller\Bjnews->index[ E:\web-php-5.6\bjtp5\application\index\controller\Bjnews.php ]
[ info ] [ VIEW ] E:\web-php-5.6\bjtp5/application/index\view\bjnews\index.html [ array (
  0 => 'carr',
) ]
[ info ] [ LOG ] INIT File
[ sql ] [ DB ] CONNECT:[ UseTime:0.011000s ] mysql:host=localhost;port=3306;dbname=bj252;charset=utf8
[ sql ] [ SQL ] SHOW COLUMNS FROM `bj_message_reminder` [ RunTime:0.005001s ]
[ sql ] [ SQL ] SELECT COUNT(*) AS tp_count FROM `bj_message_reminder` WHERE  `receive_id` IS NULL  AND `status` = 0 LIMIT 1 [ RunTime:0.001000s ]
---------------------------------------------------------------
[ 2018-02-05T21:46:09+08:00 ] 127.0.0.1 127.0.0.1 GET /Bjservice
[ info ] wanglong.com/Bjservice [运行时间：0.065004s][吞吐率：15.38req/s] [内存消耗：2,609.64kb] [文件加载：41]
[ info ] [ LANG ] E:\web-php-5.6\bjtp5\thinkphp\lang\zh-cn.php
[ info ] [ ROUTE ] array (
  'type' => 'module',
  'module' => 
  array (
    0 => 'index',
    1 => 'Bjservice',
    2 => 'index',
  ),
  'convert' => false,
)
[ info ] [ HEADER ] array (
  'cookie' => 'ECS[visit_times]=1; PHPSESSID=e18uk6o8hk660rc3r5q6dg1tr0',
  'accept-language' => 'zh-CN,zh;q=0.9',
  'accept-encoding' => 'gzip, deflate',
  'referer' => 'http://wanglong.com/Bjnews',
  'accept' => 'text/html,application/xhtml+xml,application/xml;q=0.9,image/webp,image/apng,*/*;q=0.8',
  'user-agent' => 'Mozilla/5.0 (Windows NT 6.1; Win64; x64) AppleWebKit/537.36 (KHTML, like Gecko) Chrome/63.0.3239.132 Safari/537.36',
  'upgrade-insecure-requests' => '1',
  'connection' => 'close',
  'host' => 'wanglong.com',
)
[ info ] [ PARAM ] array (
)
[ info ] [ SESSION ] INIT array (
  'id' => '',
  'var_session_id' => '',
  'prefix' => 'think',
  'type' => '',
  'auto_start' => true,
)
[ info ] [ DB ] INIT mysql
[ info ] [ RUN ] app\index\controller\Bjservice->index[ E:\web-php-5.6\bjtp5\application\index\controller\Bjservice.php ]
[ info ] [ VIEW ] E:\web-php-5.6\bjtp5/application/index\view\bjservice\index.html [ array (
  0 => 'carr',
) ]
[ info ] [ LOG ] INIT File
[ sql ] [ DB ] CONNECT:[ UseTime:0.011000s ] mysql:host=localhost;port=3306;dbname=bj252;charset=utf8
[ sql ] [ SQL ] SHOW COLUMNS FROM `bj_message_reminder` [ RunTime:0.004000s ]
[ sql ] [ SQL ] SELECT COUNT(*) AS tp_count FROM `bj_message_reminder` WHERE  `receive_id` IS NULL  AND `status` = 0 LIMIT 1 [ RunTime:0.001000s ]
---------------------------------------------------------------
[ 2018-02-05T21:46:11+08:00 ] 127.0.0.1 127.0.0.1 GET /index
[ info ] wanglong.com/index [运行时间：0.078004s][吞吐率：12.82req/s] [内存消耗：2,899.19kb] [文件加载：40]
[ info ] [ LANG ] E:\web-php-5.6\bjtp5\thinkphp\lang\zh-cn.php
[ info ] [ ROUTE ] array (
  'type' => 'module',
  'module' => 
  array (
    0 => NULL,
    1 => 'index',
    2 => 'index',
  ),
  'convert' => false,
)
[ info ] [ HEADER ] array (
  'cookie' => 'ECS[visit_times]=1; PHPSESSID=e18uk6o8hk660rc3r5q6dg1tr0',
  'accept-language' => 'zh-CN,zh;q=0.9',
  'accept-encoding' => 'gzip, deflate',
  'referer' => 'http://wanglong.com/Bjservice',
  'accept' => 'text/html,application/xhtml+xml,application/xml;q=0.9,image/webp,image/apng,*/*;q=0.8',
  'user-agent' => 'Mozilla/5.0 (Windows NT 6.1; Win64; x64) AppleWebKit/537.36 (KHTML, like Gecko) Chrome/63.0.3239.132 Safari/537.36',
  'upgrade-insecure-requests' => '1',
  'connection' => 'close',
  'host' => 'wanglong.com',
)
[ info ] [ PARAM ] array (
)
[ info ] [ RUN ] app\index\controller\Index->index[ E:\web-php-5.6\bjtp5\application\index\controller\Index.php ]
[ info ] [ SESSION ] INIT array (
  'id' => '',
  'var_session_id' => '',
  'prefix' => 'think',
  'type' => '',
  'auto_start' => true,
)
[ info ] [ DB ] INIT mysql
[ info ] [ VIEW ] E:\web-php-5.6\bjtp5/application/index\view\index\index.html [ array (
  0 => 'carr',
  1 => 'length',
  2 => 'ad',
  3 => 'm',
  4 => 'news1',
  5 => 'news2',
  6 => 'news3',
  7 => 'news4',
  8 => 'num',
  9 => 'service',
  10 => 'list',
) ]
[ info ] [ LOG ] INIT File
[ sql ] [ DB ] CONNECT:[ UseTime:0.011000s ] mysql:host=localhost;port=3306;dbname=bj252;charset=utf8
[ sql ] [ SQL ] SHOW COLUMNS FROM `bj_message_reminder` [ RunTime:0.005000s ]
[ sql ] [ SQL ] SELECT COUNT(*) AS tp_count FROM `bj_message_reminder` WHERE  `receive_id` IS NULL  AND `status` = 0 LIMIT 1 [ RunTime:0.000000s ]
[ sql ] [ SQL ] SHOW COLUMNS FROM `bj_ad` [ RunTime:0.005001s ]
[ sql ] [ SQL ] SELECT * FROM `bj_ad` [ RunTime:0.000000s ]
[ sql ] [ SQL ] SELECT COUNT(*) AS tp_count FROM `bj_ad` WHERE  `status` = 1  AND `closed` = 0 LIMIT 1 [ RunTime:0.000000s ]
[ sql ] [ SQL ] SELECT `images`,`id` FROM `bj_ad` WHERE  `status` = 1  AND `closed` = 0 ORDER BY orderby desc [ RunTime:0.001000s ]
[ sql ] [ SQL ] SELECT MIN(id) AS tp_min FROM `bj_ad` LIMIT 1 [ RunTime:0.000000s ]
[ sql ] [ SQL ] SELECT `images`,`id` FROM `bj_ad` WHERE  `status` = 1  AND `closed` = 0 ORDER BY orderby desc [ RunTime:0.001000s ]
[ sql ] [ SQL ] SELECT MIN(id) AS tp_min FROM `bj_ad` LIMIT 1 [ RunTime:0.000000s ]
[ sql ] [ SQL ] SELECT `images`,`id` FROM `bj_ad` WHERE  `status` = 1  AND `closed` = 0 ORDER BY orderby desc [ RunTime:0.001000s ]
[ sql ] [ SQL ] SELECT MIN(id) AS tp_min FROM `bj_ad` LIMIT 1 [ RunTime:0.000000s ]
[ sql ] [ SQL ] SELECT `images`,`id` FROM `bj_ad` WHERE  `status` = 1  AND `closed` = 0 ORDER BY orderby desc [ RunTime:0.001000s ]
[ sql ] [ SQL ] SELECT MIN(id) AS tp_min FROM `bj_ad` LIMIT 1 [ RunTime:0.000000s ]
[ sql ] [ SQL ] SHOW COLUMNS FROM `bj_article` [ RunTime:0.005000s ]
[ sql ] [ SQL ] SELECT * FROM `bj_article` WHERE  `cate_id` = 21  AND `status` = 1  AND `is_tui` = 1 ORDER BY views desc LIMIT 8 [ RunTime:0.001000s ]
[ sql ] [ SQL ] SELECT * FROM `bj_article` WHERE  `cate_id` = 2  AND `status` = 1  AND `is_tui` = 1 ORDER BY views desc LIMIT 8 [ RunTime:0.000000s ]
[ sql ] [ SQL ] SELECT * FROM `bj_article` WHERE  `cate_id` = 3  AND `status` = 1  AND `is_tui` = 1 ORDER BY views desc LIMIT 8 [ RunTime:0.001000s ]
[ sql ] [ SQL ] SELECT * FROM `bj_article` WHERE  `cate_id` = 21  AND `status` = 1  AND `is_tui` = 1 ORDER BY views desc LIMIT 8 [ RunTime:0.001000s ]
[ sql ] [ SQL ] SHOW COLUMNS FROM `bj_service` [ RunTime:0.004000s ]
[ sql ] [ SQL ] SELECT * FROM `bj_service` WHERE  `status` = 1 ORDER BY `sort` [ RunTime:0.000000s ]
[ sql ] [ SQL ] SELECT COUNT(*) AS tp_count FROM `bj_service` LIMIT 1 [ RunTime:0.000000s ]
[ sql ] [ SQL ] SHOW COLUMNS FROM `bj_users_recommend` [ RunTime:0.003000s ]
[ sql ] [ SQL ] SELECT `bj_users_recommend`.*,bj_users_worker.real_name as u_name FROM `bj_users_recommend` LEFT JOIN `bj_users_worker` `bj_users_worker` ON `bj_users_worker`.`uid`=`bj_users_recommend`.`uid` WHERE  `status` = '1' ORDER BY bj_users_recommend.id  desc LIMIT 6 [ RunTime:0.000000s ]
---------------------------------------------------------------
[ 2018-02-05T21:46:11+08:00 ] 127.0.0.1 127.0.0.1 POST /index/defa
[ info ] wanglong.com/index/defa [运行时间：0.066004s][吞吐率：15.15req/s] [内存消耗：2,618.65kb] [文件加载：40]
[ info ] [ LANG ] E:\web-php-5.6\bjtp5\thinkphp\lang\zh-cn.php
[ info ] [ ROUTE ] array (
  'type' => 'module',
  'module' => 
  array (
    0 => 'index',
    1 => 'index',
    2 => 'defa',
  ),
  'convert' => false,
)
[ info ] [ HEADER ] array (
  'cookie' => 'ECS[visit_times]=1; PHPSESSID=e18uk6o8hk660rc3r5q6dg1tr0',
  'accept-language' => 'zh-CN,zh;q=0.9',
  'accept-encoding' => 'gzip, deflate',
  'referer' => 'http://wanglong.com/index',
  'user-agent' => 'Mozilla/5.0 (Windows NT 6.1; Win64; x64) AppleWebKit/537.36 (KHTML, like Gecko) Chrome/63.0.3239.132 Safari/537.36',
  'x-requested-with' => 'XMLHttpRequest',
  'origin' => 'http://wanglong.com',
  'accept' => 'application/json, text/javascript, */*; q=0.01',
  'content-length' => '0',
  'connection' => 'close',
  'host' => 'wanglong.com',
)
[ info ] [ PARAM ] array (
)
[ info ] [ RUN ] app\index\controller\Index->defa[ E:\web-php-5.6\bjtp5\application\index\controller\Index.php ]
[ info ] [ DB ] INIT mysql
[ info ] [ LOG ] INIT File
[ sql ] [ DB ] CONNECT:[ UseTime:0.011000s ] mysql:host=localhost;port=3306;dbname=bj252;charset=utf8
[ sql ] [ SQL ] SHOW COLUMNS FROM `bj_service` [ RunTime:0.006001s ]
[ sql ] [ SQL ] SELECT `id` FROM `bj_service` WHERE  `status` = 1 ORDER BY `sort` [ RunTime:0.001000s ]
[ sql ] [ SQL ] SHOW COLUMNS FROM `bj_category` [ RunTime:0.005000s ]
[ sql ] [ SQL ] SELECT * FROM `bj_category` WHERE  (  find_in_set(1,s_id) ) [ RunTime:0.000000s ]
---------------------------------------------------------------
[ 2018-02-05T21:46:12+08:00 ] 127.0.0.1 127.0.0.1 GET /Bjnews
[ info ] wanglong.com/Bjnews [运行时间：0.046003s][吞吐率：21.74req/s] [内存消耗：2,609.63kb] [文件加载：41]
[ info ] [ LANG ] E:\web-php-5.6\bjtp5\thinkphp\lang\zh-cn.php
[ info ] [ ROUTE ] array (
  'type' => 'module',
  'module' => 
  array (
    0 => 'index',
    1 => 'Bjnews',
    2 => 'index',
  ),
  'convert' => false,
)
[ info ] [ HEADER ] array (
  'cookie' => 'ECS[visit_times]=1; PHPSESSID=e18uk6o8hk660rc3r5q6dg1tr0',
  'accept-language' => 'zh-CN,zh;q=0.9',
  'accept-encoding' => 'gzip, deflate',
  'referer' => 'http://wanglong.com/index',
  'accept' => 'text/html,application/xhtml+xml,application/xml;q=0.9,image/webp,image/apng,*/*;q=0.8',
  'user-agent' => 'Mozilla/5.0 (Windows NT 6.1; Win64; x64) AppleWebKit/537.36 (KHTML, like Gecko) Chrome/63.0.3239.132 Safari/537.36',
  'upgrade-insecure-requests' => '1',
  'connection' => 'close',
  'host' => 'wanglong.com',
)
[ info ] [ PARAM ] array (
)
[ info ] [ SESSION ] INIT array (
  'id' => '',
  'var_session_id' => '',
  'prefix' => 'think',
  'type' => '',
  'auto_start' => true,
)
[ info ] [ DB ] INIT mysql
[ info ] [ RUN ] app\index\controller\Bjnews->index[ E:\web-php-5.6\bjtp5\application\index\controller\Bjnews.php ]
[ info ] [ VIEW ] E:\web-php-5.6\bjtp5/application/index\view\bjnews\index.html [ array (
  0 => 'carr',
) ]
[ info ] [ LOG ] INIT File
[ sql ] [ DB ] CONNECT:[ UseTime:0.011000s ] mysql:host=localhost;port=3306;dbname=bj252;charset=utf8
[ sql ] [ SQL ] SHOW COLUMNS FROM `bj_message_reminder` [ RunTime:0.005001s ]
[ sql ] [ SQL ] SELECT COUNT(*) AS tp_count FROM `bj_message_reminder` WHERE  `receive_id` IS NULL  AND `status` = 0 LIMIT 1 [ RunTime:0.000000s ]
---------------------------------------------------------------
[ 2018-02-05T21:46:12+08:00 ] 127.0.0.1 127.0.0.1 GET /Bjclientorder
[ info ] wanglong.com/Bjclientorder [运行时间：0.046003s][吞吐率：21.74req/s] [内存消耗：2,609.77kb] [文件加载：41]
[ info ] [ LANG ] E:\web-php-5.6\bjtp5\thinkphp\lang\zh-cn.php
[ info ] [ ROUTE ] array (
  'type' => 'module',
  'module' => 
  array (
    0 => 'index',
    1 => 'Bjclientorder',
    2 => 'index',
  ),
  'convert' => false,
)
[ info ] [ HEADER ] array (
  'cookie' => 'ECS[visit_times]=1; PHPSESSID=e18uk6o8hk660rc3r5q6dg1tr0',
  'accept-language' => 'zh-CN,zh;q=0.9',
  'accept-encoding' => 'gzip, deflate',
  'referer' => 'http://wanglong.com/Bjnews',
  'accept' => 'text/html,application/xhtml+xml,application/xml;q=0.9,image/webp,image/apng,*/*;q=0.8',
  'user-agent' => 'Mozilla/5.0 (Windows NT 6.1; Win64; x64) AppleWebKit/537.36 (KHTML, like Gecko) Chrome/63.0.3239.132 Safari/537.36',
  'upgrade-insecure-requests' => '1',
  'connection' => 'close',
  'host' => 'wanglong.com',
)
[ info ] [ PARAM ] array (
)
[ info ] [ SESSION ] INIT array (
  'id' => '',
  'var_session_id' => '',
  'prefix' => 'think',
  'type' => '',
  'auto_start' => true,
)
[ info ] [ DB ] INIT mysql
[ info ] [ RUN ] app\index\controller\Bjclientorder->index[ E:\web-php-5.6\bjtp5\application\index\controller\Bjclientorder.php ]
[ info ] [ VIEW ] E:\web-php-5.6\bjtp5/application/index\view\bjclientorder\index.html [ array (
  0 => 'carr',
) ]
[ info ] [ LOG ] INIT File
[ sql ] [ DB ] CONNECT:[ UseTime:0.011000s ] mysql:host=localhost;port=3306;dbname=bj252;charset=utf8
[ sql ] [ SQL ] SHOW COLUMNS FROM `bj_message_reminder` [ RunTime:0.003000s ]
[ sql ] [ SQL ] SELECT COUNT(*) AS tp_count FROM `bj_message_reminder` WHERE  `receive_id` IS NULL  AND `status` = 0 LIMIT 1 [ RunTime:0.000000s ]
---------------------------------------------------------------
[ 2018-02-05T21:46:13+08:00 ] 127.0.0.1 127.0.0.1 GET /Bjclientorder
[ info ] wanglong.com/Bjclientorder [运行时间：0.039002s][吞吐率：25.64req/s] [内存消耗：2,609.80kb] [文件加载：41]
[ info ] [ LANG ] E:\web-php-5.6\bjtp5\thinkphp\lang\zh-cn.php
[ info ] [ ROUTE ] array (
  'type' => 'module',
  'module' => 
  array (
    0 => 'index',
    1 => 'Bjclientorder',
    2 => 'index',
  ),
  'convert' => false,
)
[ info ] [ HEADER ] array (
  'cookie' => 'ECS[visit_times]=1; PHPSESSID=e18uk6o8hk660rc3r5q6dg1tr0',
  'accept-language' => 'zh-CN,zh;q=0.9',
  'accept-encoding' => 'gzip, deflate',
  'referer' => 'http://wanglong.com/Bjclientorder',
  'accept' => 'text/html,application/xhtml+xml,application/xml;q=0.9,image/webp,image/apng,*/*;q=0.8',
  'user-agent' => 'Mozilla/5.0 (Windows NT 6.1; Win64; x64) AppleWebKit/537.36 (KHTML, like Gecko) Chrome/63.0.3239.132 Safari/537.36',
  'upgrade-insecure-requests' => '1',
  'connection' => 'close',
  'host' => 'wanglong.com',
)
[ info ] [ PARAM ] array (
)
[ info ] [ SESSION ] INIT array (
  'id' => '',
  'var_session_id' => '',
  'prefix' => 'think',
  'type' => '',
  'auto_start' => true,
)
[ info ] [ DB ] INIT mysql
[ info ] [ RUN ] app\index\controller\Bjclientorder->index[ E:\web-php-5.6\bjtp5\application\index\controller\Bjclientorder.php ]
[ info ] [ VIEW ] E:\web-php-5.6\bjtp5/application/index\view\bjclientorder\index.html [ array (
  0 => 'carr',
) ]
[ info ] [ LOG ] INIT File
[ sql ] [ DB ] CONNECT:[ UseTime:0.001000s ] mysql:host=localhost;port=3306;dbname=bj252;charset=utf8
[ sql ] [ SQL ] SHOW COLUMNS FROM `bj_message_reminder` [ RunTime:0.004000s ]
[ sql ] [ SQL ] SELECT COUNT(*) AS tp_count FROM `bj_message_reminder` WHERE  `receive_id` IS NULL  AND `status` = 0 LIMIT 1 [ RunTime:0.001000s ]
---------------------------------------------------------------
[ 2018-02-05T21:46:13+08:00 ] 127.0.0.1 127.0.0.1 GET /Bjmasterreg
[ info ] wanglong.com/Bjmasterreg [运行时间：0.076004s][吞吐率：13.16req/s] [内存消耗：2,609.70kb] [文件加载：41]
[ info ] [ LANG ] E:\web-php-5.6\bjtp5\thinkphp\lang\zh-cn.php
[ info ] [ ROUTE ] array (
  'type' => 'module',
  'module' => 
  array (
    0 => 'index',
    1 => 'Bjmasterreg',
    2 => 'index',
  ),
  'convert' => false,
)
[ info ] [ HEADER ] array (
  'cookie' => 'ECS[visit_times]=1; PHPSESSID=e18uk6o8hk660rc3r5q6dg1tr0',
  'accept-language' => 'zh-CN,zh;q=0.9',
  'accept-encoding' => 'gzip, deflate',
  'referer' => 'http://wanglong.com/Bjclientorder',
  'accept' => 'text/html,application/xhtml+xml,application/xml;q=0.9,image/webp,image/apng,*/*;q=0.8',
  'user-agent' => 'Mozilla/5.0 (Windows NT 6.1; Win64; x64) AppleWebKit/537.36 (KHTML, like Gecko) Chrome/63.0.3239.132 Safari/537.36',
  'upgrade-insecure-requests' => '1',
  'connection' => 'close',
  'host' => 'wanglong.com',
)
[ info ] [ PARAM ] array (
)
[ info ] [ SESSION ] INIT array (
  'id' => '',
  'var_session_id' => '',
  'prefix' => 'think',
  'type' => '',
  'auto_start' => true,
)
[ info ] [ DB ] INIT mysql
[ info ] [ RUN ] app\index\controller\Bjmasterreg->index[ E:\web-php-5.6\bjtp5\application\index\controller\Bjmasterreg.php ]
[ info ] [ VIEW ] E:\web-php-5.6\bjtp5/application/index\view\bjmasterreg\index.html [ array (
  0 => 'carr',
) ]
[ info ] [ LOG ] INIT File
[ sql ] [ DB ] CONNECT:[ UseTime:0.002000s ] mysql:host=localhost;port=3306;dbname=bj252;charset=utf8
[ sql ] [ SQL ] SHOW COLUMNS FROM `bj_message_reminder` [ RunTime:0.005000s ]
[ sql ] [ SQL ] SELECT COUNT(*) AS tp_count FROM `bj_message_reminder` WHERE  `receive_id` IS NULL  AND `status` = 0 LIMIT 1 [ RunTime:0.001000s ]
---------------------------------------------------------------
[ 2018-02-05T21:46:14+08:00 ] 127.0.0.1 127.0.0.1 GET /Bjhelp
[ info ] wanglong.com/Bjhelp [运行时间：0.040002s][吞吐率：25.00req/s] [内存消耗：2,653.64kb] [文件加载：41]
[ info ] [ LANG ] E:\web-php-5.6\bjtp5\thinkphp\lang\zh-cn.php
[ info ] [ ROUTE ] array (
  'type' => 'module',
  'module' => 
  array (
    0 => 'index',
    1 => 'Bjhelp',
    2 => 'index',
  ),
  'convert' => false,
)
[ info ] [ HEADER ] array (
  'cookie' => 'ECS[visit_times]=1; PHPSESSID=e18uk6o8hk660rc3r5q6dg1tr0',
  'accept-language' => 'zh-CN,zh;q=0.9',
  'accept-encoding' => 'gzip, deflate',
  'referer' => 'http://wanglong.com/Bjmasterreg',
  'accept' => 'text/html,application/xhtml+xml,application/xml;q=0.9,image/webp,image/apng,*/*;q=0.8',
  'user-agent' => 'Mozilla/5.0 (Windows NT 6.1; Win64; x64) AppleWebKit/537.36 (KHTML, like Gecko) Chrome/63.0.3239.132 Safari/537.36',
  'upgrade-insecure-requests' => '1',
  'connection' => 'close',
  'host' => 'wanglong.com',
)
[ info ] [ PARAM ] array (
)
[ info ] [ SESSION ] INIT array (
  'id' => '',
  'var_session_id' => '',
  'prefix' => 'think',
  'type' => '',
  'auto_start' => true,
)
[ info ] [ DB ] INIT mysql
[ info ] [ RUN ] app\index\controller\Bjhelp->index[ E:\web-php-5.6\bjtp5\application\index\controller\Bjhelp.php ]
[ info ] [ VIEW ] E:\web-php-5.6\bjtp5/application/index\view\bjhelp\index.html [ array (
  0 => 'carr',
) ]
[ info ] [ LOG ] INIT File
[ sql ] [ DB ] CONNECT:[ UseTime:0.002000s ] mysql:host=localhost;port=3306;dbname=bj252;charset=utf8
[ sql ] [ SQL ] SHOW COLUMNS FROM `bj_message_reminder` [ RunTime:0.004000s ]
[ sql ] [ SQL ] SELECT COUNT(*) AS tp_count FROM `bj_message_reminder` WHERE  `receive_id` IS NULL  AND `status` = 0 LIMIT 1 [ RunTime:0.001000s ]
---------------------------------------------------------------
[ 2018-02-05T21:46:14+08:00 ] 127.0.0.1 127.0.0.1 GET /Bjintroduce
[ info ] wanglong.com/Bjintroduce [运行时间：0.060004s][吞吐率：16.67req/s] [内存消耗：2,609.68kb] [文件加载：41]
[ info ] [ LANG ] E:\web-php-5.6\bjtp5\thinkphp\lang\zh-cn.php
[ info ] [ ROUTE ] array (
  'type' => 'module',
  'module' => 
  array (
    0 => 'index',
    1 => 'Bjintroduce',
    2 => 'index',
  ),
  'convert' => false,
)
[ info ] [ HEADER ] array (
  'cookie' => 'ECS[visit_times]=1; PHPSESSID=e18uk6o8hk660rc3r5q6dg1tr0',
  'accept-language' => 'zh-CN,zh;q=0.9',
  'accept-encoding' => 'gzip, deflate',
  'referer' => 'http://wanglong.com/Bjhelp',
  'accept' => 'text/html,application/xhtml+xml,application/xml;q=0.9,image/webp,image/apng,*/*;q=0.8',
  'user-agent' => 'Mozilla/5.0 (Windows NT 6.1; Win64; x64) AppleWebKit/537.36 (KHTML, like Gecko) Chrome/63.0.3239.132 Safari/537.36',
  'upgrade-insecure-requests' => '1',
  'connection' => 'close',
  'host' => 'wanglong.com',
)
[ info ] [ PARAM ] array (
)
[ info ] [ SESSION ] INIT array (
  'id' => '',
  'var_session_id' => '',
  'prefix' => 'think',
  'type' => '',
  'auto_start' => true,
)
[ info ] [ DB ] INIT mysql
[ info ] [ RUN ] app\index\controller\Bjintroduce->index[ E:\web-php-5.6\bjtp5\application\index\controller\Bjintroduce.php ]
[ info ] [ VIEW ] E:\web-php-5.6\bjtp5/application/index\view\bjintroduce\index.html [ array (
  0 => 'carr',
) ]
[ info ] [ LOG ] INIT File
[ sql ] [ DB ] CONNECT:[ UseTime:0.001000s ] mysql:host=localhost;port=3306;dbname=bj252;charset=utf8
[ sql ] [ SQL ] SHOW COLUMNS FROM `bj_message_reminder` [ RunTime:0.005001s ]
[ sql ] [ SQL ] SELECT COUNT(*) AS tp_count FROM `bj_message_reminder` WHERE  `receive_id` IS NULL  AND `status` = 0 LIMIT 1 [ RunTime:0.001000s ]
---------------------------------------------------------------
[ 2018-02-05T21:46:17+08:00 ] 127.0.0.1 127.0.0.1 GET /
[ info ] 127.0.0.1/ [运行时间：0.094203s][吞吐率：10.62req/s] [内存消耗：2,918.57kb] [文件加载：40]
[ info ] [ LANG ] E:\web-php-5.6\bjtp5\thinkphp\lang\zh-cn.php
[ info ] [ ROUTE ] array (
  'type' => 'module',
  'module' => 
  array (
    0 => '',
    1 => NULL,
    2 => NULL,
  ),
)
[ info ] [ HEADER ] array (
  'cookie' => 'PHPSESSID=3giog6rbs50rten3u18aqnho90',
  'accept-language' => 'zh-CN,zh;q=0.9',
  'accept-encoding' => 'gzip, deflate, br',
  'accept' => 'text/html,application/xhtml+xml,application/xml;q=0.9,image/webp,image/apng,*/*;q=0.8',
  'upgrade-insecure-requests' => '1',
  'user-agent' => 'Mozilla/5.0 (Windows NT 6.1; Win64; x64) AppleWebKit/537.36 (KHTML, like Gecko) Chrome/63.0.3239.132 Safari/537.36',
  'connection' => 'close',
  'host' => '127.0.0.1',
)
[ info ] [ PARAM ] array (
)
[ info ] [ RUN ] app\index\controller\Index->index[ E:\web-php-5.6\bjtp5\application\index\controller\Index.php ]
[ info ] [ SESSION ] INIT array (
  'id' => '',
  'var_session_id' => '',
  'prefix' => 'think',
  'type' => '',
  'auto_start' => true,
)
[ info ] [ DB ] INIT mysql
[ info ] [ VIEW ] E:\web-php-5.6\bjtp5/application/index\view\index\index.html [ array (
  0 => 'carr',
  1 => 'length',
  2 => 'ad',
  3 => 'm',
  4 => 'news1',
  5 => 'news2',
  6 => 'news3',
  7 => 'news4',
  8 => 'num',
  9 => 'service',
  10 => 'list',
) ]
[ info ] [ LOG ] INIT File
[ sql ] [ DB ] CONNECT:[ UseTime:0.013001s ] mysql:host=localhost;port=3306;dbname=bj252;charset=utf8
[ sql ] [ SQL ] SHOW COLUMNS FROM `bj_message_reminder` [ RunTime:0.004000s ]
[ sql ] [ SQL ] SELECT COUNT(*) AS tp_count FROM `bj_message_reminder` WHERE  `receive_id` IS NULL  AND `status` = 0 LIMIT 1 [ RunTime:0.001000s ]
[ sql ] [ SQL ] SHOW COLUMNS FROM `bj_ad` [ RunTime:0.005001s ]
[ sql ] [ SQL ] SELECT * FROM `bj_ad` [ RunTime:0.001000s ]
[ sql ] [ SQL ] SELECT COUNT(*) AS tp_count FROM `bj_ad` WHERE  `status` = 1  AND `closed` = 0 LIMIT 1 [ RunTime:0.000000s ]
[ sql ] [ SQL ] SELECT `images`,`id` FROM `bj_ad` WHERE  `status` = 1  AND `closed` = 0 ORDER BY orderby desc [ RunTime:0.000000s ]
[ sql ] [ SQL ] SELECT MIN(id) AS tp_min FROM `bj_ad` LIMIT 1 [ RunTime:0.000000s ]
[ sql ] [ SQL ] SELECT `images`,`id` FROM `bj_ad` WHERE  `status` = 1  AND `closed` = 0 ORDER BY orderby desc [ RunTime:0.000000s ]
[ sql ] [ SQL ] SELECT MIN(id) AS tp_min FROM `bj_ad` LIMIT 1 [ RunTime:0.000000s ]
[ sql ] [ SQL ] SELECT `images`,`id` FROM `bj_ad` WHERE  `status` = 1  AND `closed` = 0 ORDER BY orderby desc [ RunTime:0.000000s ]
[ sql ] [ SQL ] SELECT MIN(id) AS tp_min FROM `bj_ad` LIMIT 1 [ RunTime:0.000000s ]
[ sql ] [ SQL ] SELECT `images`,`id` FROM `bj_ad` WHERE  `status` = 1  AND `closed` = 0 ORDER BY orderby desc [ RunTime:0.000000s ]
[ sql ] [ SQL ] SELECT MIN(id) AS tp_min FROM `bj_ad` LIMIT 1 [ RunTime:0.000000s ]
[ sql ] [ SQL ] SHOW COLUMNS FROM `bj_article` [ RunTime:0.005000s ]
[ sql ] [ SQL ] SELECT * FROM `bj_article` WHERE  `cate_id` = 21  AND `status` = 1  AND `is_tui` = 1 ORDER BY views desc LIMIT 8 [ RunTime:0.001000s ]
[ sql ] [ SQL ] SELECT * FROM `bj_article` WHERE  `cate_id` = 2  AND `status` = 1  AND `is_tui` = 1 ORDER BY views desc LIMIT 8 [ RunTime:0.001000s ]
[ sql ] [ SQL ] SELECT * FROM `bj_article` WHERE  `cate_id` = 3  AND `status` = 1  AND `is_tui` = 1 ORDER BY views desc LIMIT 8 [ RunTime:0.001000s ]
[ sql ] [ SQL ] SELECT * FROM `bj_article` WHERE  `cate_id` = 21  AND `status` = 1  AND `is_tui` = 1 ORDER BY views desc LIMIT 8 [ RunTime:0.001001s ]
[ sql ] [ SQL ] SHOW COLUMNS FROM `bj_service` [ RunTime:0.005000s ]
[ sql ] [ SQL ] SELECT * FROM `bj_service` WHERE  `status` = 1 ORDER BY `sort` [ RunTime:0.001000s ]
[ sql ] [ SQL ] SELECT COUNT(*) AS tp_count FROM `bj_service` LIMIT 1 [ RunTime:0.000000s ]
[ sql ] [ SQL ] SHOW COLUMNS FROM `bj_users_recommend` [ RunTime:0.004000s ]
[ sql ] [ SQL ] SELECT `bj_users_recommend`.*,bj_users_worker.real_name as u_name FROM `bj_users_recommend` LEFT JOIN `bj_users_worker` `bj_users_worker` ON `bj_users_worker`.`uid`=`bj_users_recommend`.`uid` WHERE  `status` = '1' ORDER BY bj_users_recommend.id  desc LIMIT 6 [ RunTime:0.000000s ]
---------------------------------------------------------------
[ 2018-02-05T21:46:17+08:00 ] 127.0.0.1 127.0.0.1 POST /index/defa
[ info ] 127.0.0.1/index/defa [运行时间：0.072004s][吞吐率：13.89req/s] [内存消耗：2,618.64kb] [文件加载：40]
[ info ] [ LANG ] E:\web-php-5.6\bjtp5\thinkphp\lang\zh-cn.php
[ info ] [ ROUTE ] array (
  'type' => 'module',
  'module' => 
  array (
    0 => 'index',
    1 => 'index',
    2 => 'defa',
  ),
  'convert' => false,
)
[ info ] [ HEADER ] array (
  'cookie' => 'PHPSESSID=3giog6rbs50rten3u18aqnho90',
  'accept-language' => 'zh-CN,zh;q=0.9',
  'accept-encoding' => 'gzip, deflate, br',
  'referer' => 'http://127.0.0.1/',
  'user-agent' => 'Mozilla/5.0 (Windows NT 6.1; Win64; x64) AppleWebKit/537.36 (KHTML, like Gecko) Chrome/63.0.3239.132 Safari/537.36',
  'x-requested-with' => 'XMLHttpRequest',
  'origin' => 'http://127.0.0.1',
  'accept' => 'application/json, text/javascript, */*; q=0.01',
  'content-length' => '0',
  'connection' => 'close',
  'host' => '127.0.0.1',
)
[ info ] [ PARAM ] array (
)
[ info ] [ RUN ] app\index\controller\Index->defa[ E:\web-php-5.6\bjtp5\application\index\controller\Index.php ]
[ info ] [ DB ] INIT mysql
[ info ] [ LOG ] INIT File
[ sql ] [ DB ] CONNECT:[ UseTime:0.012000s ] mysql:host=localhost;port=3306;dbname=bj252;charset=utf8
[ sql ] [ SQL ] SHOW COLUMNS FROM `bj_service` [ RunTime:0.005001s ]
[ sql ] [ SQL ] SELECT `id` FROM `bj_service` WHERE  `status` = 1 ORDER BY `sort` [ RunTime:0.000000s ]
[ sql ] [ SQL ] SHOW COLUMNS FROM `bj_category` [ RunTime:0.005000s ]
[ sql ] [ SQL ] SELECT * FROM `bj_category` WHERE  (  find_in_set(1,s_id) ) [ RunTime:0.000000s ]
---------------------------------------------------------------
[ 2018-02-05T21:46:18+08:00 ] 127.0.0.1 127.0.0.1 GET /static/index/css/fonts/glyphicons-halflings-regular.woff2
[ info ] wanglong.com/static/index/css/fonts/glyphicons-halflings-regular.woff2 [运行时间：0.026002s][吞吐率：38.46req/s] [内存消耗：1,816.42kb] [文件加载：28]
[ info ] [ LANG ] E:\web-php-5.6\bjtp5\thinkphp\lang\zh-cn.php
[ info ] [ ROUTE ] array (
  'type' => 'module',
  'module' => 
  array (
    0 => 'static',
    1 => 'index',
    2 => 'css',
  ),
)
[ info ] [ HEADER ] array (
  'accept-language' => 'zh-CN,zh;q=0.9',
  'accept-encoding' => 'gzip, deflate',
  'referer' => 'http://wanglong.com/static/index/css/bootstrap/bootstrap.min.css',
  'accept' => '*/*',
  'user-agent' => 'Mozilla/5.0 (Windows NT 6.1; Win64; x64) AppleWebKit/537.36 (KHTML, like Gecko) Chrome/63.0.3239.132 Safari/537.36',
  'origin' => 'http://127.0.0.1',
  'connection' => 'close',
  'host' => 'wanglong.com',
)
[ info ] [ PARAM ] array (
  'fonts' => 'glyphicons-halflings-regular.woff2',
)
[ info ] [ LOG ] INIT File
---------------------------------------------------------------
[ 2018-02-05T21:46:18+08:00 ] 127.0.0.1 127.0.0.1 GET /static/index/css/fonts/glyphicons-halflings-regular.woff
[ info ] wanglong.com/static/index/css/fonts/glyphicons-halflings-regular.woff [运行时间：0.026001s][吞吐率：38.46req/s] [内存消耗：1,816.42kb] [文件加载：28]
[ info ] [ LANG ] E:\web-php-5.6\bjtp5\thinkphp\lang\zh-cn.php
[ info ] [ ROUTE ] array (
  'type' => 'module',
  'module' => 
  array (
    0 => 'static',
    1 => 'index',
    2 => 'css',
  ),
)
[ info ] [ HEADER ] array (
  'accept-language' => 'zh-CN,zh;q=0.9',
  'accept-encoding' => 'gzip, deflate',
  'referer' => 'http://wanglong.com/static/index/css/bootstrap/bootstrap.min.css',
  'accept' => '*/*',
  'user-agent' => 'Mozilla/5.0 (Windows NT 6.1; Win64; x64) AppleWebKit/537.36 (KHTML, like Gecko) Chrome/63.0.3239.132 Safari/537.36',
  'origin' => 'http://127.0.0.1',
  'connection' => 'close',
  'host' => 'wanglong.com',
)
[ info ] [ PARAM ] array (
  'fonts' => 'glyphicons-halflings-regular.woff',
)
[ info ] [ LOG ] INIT File
---------------------------------------------------------------
[ 2018-02-05T21:46:18+08:00 ] 127.0.0.1 127.0.0.1 GET /static/index/css/fonts/glyphicons-halflings-regular.ttf
[ info ] wanglong.com/static/index/css/fonts/glyphicons-halflings-regular.ttf [运行时间：0.027001s][吞吐率：37.04req/s] [内存消耗：1,816.41kb] [文件加载：28]
[ info ] [ LANG ] E:\web-php-5.6\bjtp5\thinkphp\lang\zh-cn.php
[ info ] [ ROUTE ] array (
  'type' => 'module',
  'module' => 
  array (
    0 => 'static',
    1 => 'index',
    2 => 'css',
  ),
)
[ info ] [ HEADER ] array (
  'accept-language' => 'zh-CN,zh;q=0.9',
  'accept-encoding' => 'gzip, deflate',
  'referer' => 'http://wanglong.com/static/index/css/bootstrap/bootstrap.min.css',
  'accept' => '*/*',
  'user-agent' => 'Mozilla/5.0 (Windows NT 6.1; Win64; x64) AppleWebKit/537.36 (KHTML, like Gecko) Chrome/63.0.3239.132 Safari/537.36',
  'origin' => 'http://127.0.0.1',
  'connection' => 'close',
  'host' => 'wanglong.com',
)
[ info ] [ PARAM ] array (
  'fonts' => 'glyphicons-halflings-regular.ttf',
)
[ info ] [ LOG ] INIT File
---------------------------------------------------------------
[ 2018-02-05T21:46:47+08:00 ] 127.0.0.1 127.0.0.1 GET /api/message_refresh
[ info ] wanglong.com/api/message_refresh [运行时间：0.080000s][吞吐率：12.50req/s] [内存消耗：2,161.62kb] [文件加载：36]
[ info ] [ LANG ] E:\web-php-5.6\bjtp5\thinkphp\lang\zh-cn.php
[ info ] [ ROUTE ] array (
  'type' => 'module',
  'module' => 
  array (
    0 => 'index',
    1 => 'api',
    2 => 'message_refresh',
  ),
  'convert' => false,
)
[ info ] [ HEADER ] array (
  'accept-language' => 'zh-CN,zh;q=0.9',
  'accept-encoding' => 'gzip, deflate',
  'referer' => 'http://127.0.0.1/',
  'user-agent' => 'Mozilla/5.0 (Windows NT 6.1; Win64; x64) AppleWebKit/537.36 (KHTML, like Gecko) Chrome/63.0.3239.132 Safari/537.36',
  'origin' => 'http://127.0.0.1',
  'accept' => 'application/json, text/javascript, */*; q=0.01',
  'connection' => 'close',
  'host' => 'wanglong.com',
)
[ info ] [ PARAM ] array (
)
[ info ] [ SESSION ] INIT array (
  'id' => '',
  'var_session_id' => '',
  'prefix' => 'think',
  'type' => '',
  'auto_start' => true,
)
[ info ] [ LOG ] INIT File
---------------------------------------------------------------
[ 2018-02-05T21:47:10+08:00 ] 127.0.0.1 127.0.0.1 GET /
[ info ] www.wanglong.com/ [运行时间：0.084005s][吞吐率：11.90req/s] [内存消耗：2,918.76kb] [文件加载：40]
[ info ] [ LANG ] E:\web-php-5.6\bjtp5\thinkphp\lang\zh-cn.php
[ info ] [ ROUTE ] array (
  'type' => 'module',
  'module' => 
  array (
    0 => '',
    1 => NULL,
    2 => NULL,
  ),
)
[ info ] [ HEADER ] array (
  'cookie' => 'ECS[visit_times]=8',
  'accept-language' => 'zh-CN,zh;q=0.9',
  'accept-encoding' => 'gzip, deflate',
  'accept' => 'text/html,application/xhtml+xml,application/xml;q=0.9,image/webp,image/apng,*/*;q=0.8',
  'upgrade-insecure-requests' => '1',
  'user-agent' => 'Mozilla/5.0 (Windows NT 6.1; Win64; x64) AppleWebKit/537.36 (KHTML, like Gecko) Chrome/63.0.3239.132 Safari/537.36',
  'connection' => 'close',
  'host' => 'www.wanglong.com',
)
[ info ] [ PARAM ] array (
)
[ info ] [ RUN ] app\index\controller\Index->index[ E:\web-php-5.6\bjtp5\application\index\controller\Index.php ]
[ info ] [ SESSION ] INIT array (
  'id' => '',
  'var_session_id' => '',
  'prefix' => 'think',
  'type' => '',
  'auto_start' => true,
)
[ info ] [ DB ] INIT mysql
[ info ] [ VIEW ] E:\web-php-5.6\bjtp5/application/index\view\index\index.html [ array (
  0 => 'carr',
  1 => 'length',
  2 => 'ad',
  3 => 'm',
  4 => 'news1',
  5 => 'news2',
  6 => 'news3',
  7 => 'news4',
  8 => 'num',
  9 => 'service',
  10 => 'list',
) ]
[ info ] [ LOG ] INIT File
[ sql ] [ DB ] CONNECT:[ UseTime:0.002000s ] mysql:host=localhost;port=3306;dbname=bj252;charset=utf8
[ sql ] [ SQL ] SHOW COLUMNS FROM `bj_message_reminder` [ RunTime:0.006000s ]
[ sql ] [ SQL ] SELECT COUNT(*) AS tp_count FROM `bj_message_reminder` WHERE  `receive_id` IS NULL  AND `status` = 0 LIMIT 1 [ RunTime:0.000000s ]
[ sql ] [ SQL ] SHOW COLUMNS FROM `bj_ad` [ RunTime:0.004000s ]
[ sql ] [ SQL ] SELECT * FROM `bj_ad` [ RunTime:0.001000s ]
[ sql ] [ SQL ] SELECT COUNT(*) AS tp_count FROM `bj_ad` WHERE  `status` = 1  AND `closed` = 0 LIMIT 1 [ RunTime:0.000000s ]
[ sql ] [ SQL ] SELECT `images`,`id` FROM `bj_ad` WHERE  `status` = 1  AND `closed` = 0 ORDER BY orderby desc [ RunTime:0.001000s ]
[ sql ] [ SQL ] SELECT MIN(id) AS tp_min FROM `bj_ad` LIMIT 1 [ RunTime:0.000000s ]
[ sql ] [ SQL ] SELECT `images`,`id` FROM `bj_ad` WHERE  `status` = 1  AND `closed` = 0 ORDER BY orderby desc [ RunTime:0.000000s ]
[ sql ] [ SQL ] SELECT MIN(id) AS tp_min FROM `bj_ad` LIMIT 1 [ RunTime:0.000000s ]
[ sql ] [ SQL ] SELECT `images`,`id` FROM `bj_ad` WHERE  `status` = 1  AND `closed` = 0 ORDER BY orderby desc [ RunTime:0.000000s ]
[ sql ] [ SQL ] SELECT MIN(id) AS tp_min FROM `bj_ad` LIMIT 1 [ RunTime:0.000000s ]
[ sql ] [ SQL ] SELECT `images`,`id` FROM `bj_ad` WHERE  `status` = 1  AND `closed` = 0 ORDER BY orderby desc [ RunTime:0.000000s ]
[ sql ] [ SQL ] SELECT MIN(id) AS tp_min FROM `bj_ad` LIMIT 1 [ RunTime:0.000000s ]
[ sql ] [ SQL ] SHOW COLUMNS FROM `bj_article` [ RunTime:0.004000s ]
[ sql ] [ SQL ] SELECT * FROM `bj_article` WHERE  `cate_id` = 21  AND `status` = 1  AND `is_tui` = 1 ORDER BY views desc LIMIT 8 [ RunTime:0.001000s ]
[ sql ] [ SQL ] SELECT * FROM `bj_article` WHERE  `cate_id` = 2  AND `status` = 1  AND `is_tui` = 1 ORDER BY views desc LIMIT 8 [ RunTime:0.001000s ]
[ sql ] [ SQL ] SELECT * FROM `bj_article` WHERE  `cate_id` = 3  AND `status` = 1  AND `is_tui` = 1 ORDER BY views desc LIMIT 8 [ RunTime:0.002000s ]
[ sql ] [ SQL ] SELECT * FROM `bj_article` WHERE  `cate_id` = 21  AND `status` = 1  AND `is_tui` = 1 ORDER BY views desc LIMIT 8 [ RunTime:0.001000s ]
[ sql ] [ SQL ] SHOW COLUMNS FROM `bj_service` [ RunTime:0.004000s ]
[ sql ] [ SQL ] SELECT * FROM `bj_service` WHERE  `status` = 1 ORDER BY `sort` [ RunTime:0.000000s ]
[ sql ] [ SQL ] SELECT COUNT(*) AS tp_count FROM `bj_service` LIMIT 1 [ RunTime:0.000000s ]
[ sql ] [ SQL ] SHOW COLUMNS FROM `bj_users_recommend` [ RunTime:0.005000s ]
[ sql ] [ SQL ] SELECT `bj_users_recommend`.*,bj_users_worker.real_name as u_name FROM `bj_users_recommend` LEFT JOIN `bj_users_worker` `bj_users_worker` ON `bj_users_worker`.`uid`=`bj_users_recommend`.`uid` WHERE  `status` = '1' ORDER BY bj_users_recommend.id  desc LIMIT 6 [ RunTime:0.001000s ]
---------------------------------------------------------------
[ 2018-02-05T21:47:11+08:00 ] 127.0.0.1 127.0.0.1 POST /index/defa
[ info ] www.wanglong.com/index/defa [运行时间：0.085005s][吞吐率：11.76req/s] [内存消耗：2,618.70kb] [文件加载：40]
[ info ] [ LANG ] E:\web-php-5.6\bjtp5\thinkphp\lang\zh-cn.php
[ info ] [ ROUTE ] array (
  'type' => 'module',
  'module' => 
  array (
    0 => 'index',
    1 => 'index',
    2 => 'defa',
  ),
  'convert' => false,
)
[ info ] [ HEADER ] array (
  'cookie' => 'ECS[visit_times]=8; PHPSESSID=oudqbaektf9l97nvns9il1f196',
  'accept-language' => 'zh-CN,zh;q=0.9',
  'accept-encoding' => 'gzip, deflate',
  'referer' => 'http://www.wanglong.com/',
  'user-agent' => 'Mozilla/5.0 (Windows NT 6.1; Win64; x64) AppleWebKit/537.36 (KHTML, like Gecko) Chrome/63.0.3239.132 Safari/537.36',
  'x-requested-with' => 'XMLHttpRequest',
  'origin' => 'http://www.wanglong.com',
  'accept' => 'application/json, text/javascript, */*; q=0.01',
  'content-length' => '0',
  'connection' => 'close',
  'host' => 'www.wanglong.com',
)
[ info ] [ PARAM ] array (
)
[ info ] [ RUN ] app\index\controller\Index->defa[ E:\web-php-5.6\bjtp5\application\index\controller\Index.php ]
[ info ] [ DB ] INIT mysql
[ info ] [ LOG ] INIT File
[ sql ] [ DB ] CONNECT:[ UseTime:0.012001s ] mysql:host=localhost;port=3306;dbname=bj252;charset=utf8
[ sql ] [ SQL ] SHOW COLUMNS FROM `bj_service` [ RunTime:0.007000s ]
[ sql ] [ SQL ] SELECT `id` FROM `bj_service` WHERE  `status` = 1 ORDER BY `sort` [ RunTime:0.001000s ]
[ sql ] [ SQL ] SHOW COLUMNS FROM `bj_category` [ RunTime:0.010001s ]
[ sql ] [ SQL ] SELECT * FROM `bj_category` WHERE  (  find_in_set(1,s_id) ) [ RunTime:0.001000s ]
---------------------------------------------------------------
[ 2018-02-05T21:47:12+08:00 ] 127.0.0.1 127.0.0.1 GET /static/index/css/fonts/glyphicons-halflings-regular.woff2
[ info ] wanglong.com/static/index/css/fonts/glyphicons-halflings-regular.woff2 [运行时间：0.023001s][吞吐率：43.48req/s] [内存消耗：1,816.42kb] [文件加载：28]
[ info ] [ LANG ] E:\web-php-5.6\bjtp5\thinkphp\lang\zh-cn.php
[ info ] [ ROUTE ] array (
  'type' => 'module',
  'module' => 
  array (
    0 => 'static',
    1 => 'index',
    2 => 'css',
  ),
)
[ info ] [ HEADER ] array (
  'accept-language' => 'zh-CN,zh;q=0.9',
  'accept-encoding' => 'gzip, deflate',
  'referer' => 'http://wanglong.com/static/index/css/bootstrap/bootstrap.min.css',
  'accept' => '*/*',
  'user-agent' => 'Mozilla/5.0 (Windows NT 6.1; Win64; x64) AppleWebKit/537.36 (KHTML, like Gecko) Chrome/63.0.3239.132 Safari/537.36',
  'origin' => 'http://www.wanglong.com',
  'connection' => 'close',
  'host' => 'wanglong.com',
)
[ info ] [ PARAM ] array (
  'fonts' => 'glyphicons-halflings-regular.woff2',
)
[ info ] [ LOG ] INIT File
---------------------------------------------------------------
[ 2018-02-05T21:47:12+08:00 ] 127.0.0.1 127.0.0.1 GET /static/index/css/fonts/glyphicons-halflings-regular.woff
[ info ] wanglong.com/static/index/css/fonts/glyphicons-halflings-regular.woff [运行时间：0.028002s][吞吐率：35.71req/s] [内存消耗：1,816.42kb] [文件加载：28]
[ info ] [ LANG ] E:\web-php-5.6\bjtp5\thinkphp\lang\zh-cn.php
[ info ] [ ROUTE ] array (
  'type' => 'module',
  'module' => 
  array (
    0 => 'static',
    1 => 'index',
    2 => 'css',
  ),
)
[ info ] [ HEADER ] array (
  'accept-language' => 'zh-CN,zh;q=0.9',
  'accept-encoding' => 'gzip, deflate',
  'referer' => 'http://wanglong.com/static/index/css/bootstrap/bootstrap.min.css',
  'accept' => '*/*',
  'user-agent' => 'Mozilla/5.0 (Windows NT 6.1; Win64; x64) AppleWebKit/537.36 (KHTML, like Gecko) Chrome/63.0.3239.132 Safari/537.36',
  'origin' => 'http://www.wanglong.com',
  'connection' => 'close',
  'host' => 'wanglong.com',
)
[ info ] [ PARAM ] array (
  'fonts' => 'glyphicons-halflings-regular.woff',
)
[ info ] [ LOG ] INIT File
---------------------------------------------------------------
[ 2018-02-05T21:47:12+08:00 ] 127.0.0.1 127.0.0.1 GET /static/index/css/fonts/glyphicons-halflings-regular.ttf
[ info ] wanglong.com/static/index/css/fonts/glyphicons-halflings-regular.ttf [运行时间：0.026001s][吞吐率：38.46req/s] [内存消耗：1,816.45kb] [文件加载：28]
[ info ] [ LANG ] E:\web-php-5.6\bjtp5\thinkphp\lang\zh-cn.php
[ info ] [ ROUTE ] array (
  'type' => 'module',
  'module' => 
  array (
    0 => 'static',
    1 => 'index',
    2 => 'css',
  ),
)
[ info ] [ HEADER ] array (
  'accept-language' => 'zh-CN,zh;q=0.9',
  'accept-encoding' => 'gzip, deflate',
  'referer' => 'http://wanglong.com/static/index/css/bootstrap/bootstrap.min.css',
  'accept' => '*/*',
  'user-agent' => 'Mozilla/5.0 (Windows NT 6.1; Win64; x64) AppleWebKit/537.36 (KHTML, like Gecko) Chrome/63.0.3239.132 Safari/537.36',
  'origin' => 'http://www.wanglong.com',
  'connection' => 'close',
  'host' => 'wanglong.com',
)
[ info ] [ PARAM ] array (
  'fonts' => 'glyphicons-halflings-regular.ttf',
)
[ info ] [ LOG ] INIT File
---------------------------------------------------------------
[ 2018-02-05T21:47:42+08:00 ] 127.0.0.1 127.0.0.1 GET /
[ info ] 127.0.0.1/ [运行时间：0.084604s][吞吐率：11.82req/s] [内存消耗：2,918.57kb] [文件加载：40]
[ info ] [ LANG ] E:\web-php-5.6\bjtp5\thinkphp\lang\zh-cn.php
[ info ] [ ROUTE ] array (
  'type' => 'module',
  'module' => 
  array (
    0 => '',
    1 => NULL,
    2 => NULL,
  ),
)
[ info ] [ HEADER ] array (
  'cookie' => 'PHPSESSID=3giog6rbs50rten3u18aqnho90',
  'accept-language' => 'zh-CN,zh;q=0.9',
  'accept-encoding' => 'gzip, deflate, br',
  'accept' => 'text/html,application/xhtml+xml,application/xml;q=0.9,image/webp,image/apng,*/*;q=0.8',
  'upgrade-insecure-requests' => '1',
  'user-agent' => 'Mozilla/5.0 (Windows NT 6.1; Win64; x64) AppleWebKit/537.36 (KHTML, like Gecko) Chrome/63.0.3239.132 Safari/537.36',
  'connection' => 'close',
  'host' => '127.0.0.1',
)
[ info ] [ PARAM ] array (
)
[ info ] [ RUN ] app\index\controller\Index->index[ E:\web-php-5.6\bjtp5\application\index\controller\Index.php ]
[ info ] [ SESSION ] INIT array (
  'id' => '',
  'var_session_id' => '',
  'prefix' => 'think',
  'type' => '',
  'auto_start' => true,
)
[ info ] [ DB ] INIT mysql
[ info ] [ VIEW ] E:\web-php-5.6\bjtp5/application/index\view\index\index.html [ array (
  0 => 'carr',
  1 => 'length',
  2 => 'ad',
  3 => 'm',
  4 => 'news1',
  5 => 'news2',
  6 => 'news3',
  7 => 'news4',
  8 => 'num',
  9 => 'service',
  10 => 'list',
) ]
[ info ] [ LOG ] INIT File
[ sql ] [ DB ] CONNECT:[ UseTime:0.005001s ] mysql:host=localhost;port=3306;dbname=bj252;charset=utf8
[ sql ] [ SQL ] SHOW COLUMNS FROM `bj_message_reminder` [ RunTime:0.004000s ]
[ sql ] [ SQL ] SELECT COUNT(*) AS tp_count FROM `bj_message_reminder` WHERE  `receive_id` IS NULL  AND `status` = 0 LIMIT 1 [ RunTime:0.001000s ]
[ sql ] [ SQL ] SHOW COLUMNS FROM `bj_ad` [ RunTime:0.004000s ]
[ sql ] [ SQL ] SELECT * FROM `bj_ad` [ RunTime:0.001000s ]
[ sql ] [ SQL ] SELECT COUNT(*) AS tp_count FROM `bj_ad` WHERE  `status` = 1  AND `closed` = 0 LIMIT 1 [ RunTime:0.000000s ]
[ sql ] [ SQL ] SELECT `images`,`id` FROM `bj_ad` WHERE  `status` = 1  AND `closed` = 0 ORDER BY orderby desc [ RunTime:0.000000s ]
[ sql ] [ SQL ] SELECT MIN(id) AS tp_min FROM `bj_ad` LIMIT 1 [ RunTime:0.001000s ]
[ sql ] [ SQL ] SELECT `images`,`id` FROM `bj_ad` WHERE  `status` = 1  AND `closed` = 0 ORDER BY orderby desc [ RunTime:0.001001s ]
[ sql ] [ SQL ] SELECT MIN(id) AS tp_min FROM `bj_ad` LIMIT 1 [ RunTime:0.000000s ]
[ sql ] [ SQL ] SELECT `images`,`id` FROM `bj_ad` WHERE  `status` = 1  AND `closed` = 0 ORDER BY orderby desc [ RunTime:0.000000s ]
[ sql ] [ SQL ] SELECT MIN(id) AS tp_min FROM `bj_ad` LIMIT 1 [ RunTime:0.000000s ]
[ sql ] [ SQL ] SELECT `images`,`id` FROM `bj_ad` WHERE  `status` = 1  AND `closed` = 0 ORDER BY orderby desc [ RunTime:0.000000s ]
[ sql ] [ SQL ] SELECT MIN(id) AS tp_min FROM `bj_ad` LIMIT 1 [ RunTime:0.000000s ]
[ sql ] [ SQL ] SHOW COLUMNS FROM `bj_article` [ RunTime:0.004000s ]
[ sql ] [ SQL ] SELECT * FROM `bj_article` WHERE  `cate_id` = 21  AND `status` = 1  AND `is_tui` = 1 ORDER BY views desc LIMIT 8 [ RunTime:0.002000s ]
[ sql ] [ SQL ] SELECT * FROM `bj_article` WHERE  `cate_id` = 2  AND `status` = 1  AND `is_tui` = 1 ORDER BY views desc LIMIT 8 [ RunTime:0.001000s ]
[ sql ] [ SQL ] SELECT * FROM `bj_article` WHERE  `cate_id` = 3  AND `status` = 1  AND `is_tui` = 1 ORDER BY views desc LIMIT 8 [ RunTime:0.001000s ]
[ sql ] [ SQL ] SELECT * FROM `bj_article` WHERE  `cate_id` = 21  AND `status` = 1  AND `is_tui` = 1 ORDER BY views desc LIMIT 8 [ RunTime:0.002000s ]
[ sql ] [ SQL ] SHOW COLUMNS FROM `bj_service` [ RunTime:0.004001s ]
[ sql ] [ SQL ] SELECT * FROM `bj_service` WHERE  `status` = 1 ORDER BY `sort` [ RunTime:0.001000s ]
[ sql ] [ SQL ] SELECT COUNT(*) AS tp_count FROM `bj_service` LIMIT 1 [ RunTime:0.000000s ]
[ sql ] [ SQL ] SHOW COLUMNS FROM `bj_users_recommend` [ RunTime:0.004000s ]
[ sql ] [ SQL ] SELECT `bj_users_recommend`.*,bj_users_worker.real_name as u_name FROM `bj_users_recommend` LEFT JOIN `bj_users_worker` `bj_users_worker` ON `bj_users_worker`.`uid`=`bj_users_recommend`.`uid` WHERE  `status` = '1' ORDER BY bj_users_recommend.id  desc LIMIT 6 [ RunTime:0.001000s ]
---------------------------------------------------------------
[ 2018-02-05T21:47:42+08:00 ] 127.0.0.1 127.0.0.1 POST /index/defa
[ info ] 127.0.0.1/index/defa [运行时间：0.072004s][吞吐率：13.89req/s] [内存消耗：2,618.64kb] [文件加载：40]
[ info ] [ LANG ] E:\web-php-5.6\bjtp5\thinkphp\lang\zh-cn.php
[ info ] [ ROUTE ] array (
  'type' => 'module',
  'module' => 
  array (
    0 => 'index',
    1 => 'index',
    2 => 'defa',
  ),
  'convert' => false,
)
[ info ] [ HEADER ] array (
  'cookie' => 'PHPSESSID=3giog6rbs50rten3u18aqnho90',
  'accept-language' => 'zh-CN,zh;q=0.9',
  'accept-encoding' => 'gzip, deflate, br',
  'referer' => 'http://127.0.0.1/',
  'user-agent' => 'Mozilla/5.0 (Windows NT 6.1; Win64; x64) AppleWebKit/537.36 (KHTML, like Gecko) Chrome/63.0.3239.132 Safari/537.36',
  'x-requested-with' => 'XMLHttpRequest',
  'origin' => 'http://127.0.0.1',
  'accept' => 'application/json, text/javascript, */*; q=0.01',
  'content-length' => '0',
  'connection' => 'close',
  'host' => '127.0.0.1',
)
[ info ] [ PARAM ] array (
)
[ info ] [ RUN ] app\index\controller\Index->defa[ E:\web-php-5.6\bjtp5\application\index\controller\Index.php ]
[ info ] [ DB ] INIT mysql
[ info ] [ LOG ] INIT File
[ sql ] [ DB ] CONNECT:[ UseTime:0.013001s ] mysql:host=localhost;port=3306;dbname=bj252;charset=utf8
[ sql ] [ SQL ] SHOW COLUMNS FROM `bj_service` [ RunTime:0.007000s ]
[ sql ] [ SQL ] SELECT `id` FROM `bj_service` WHERE  `status` = 1 ORDER BY `sort` [ RunTime:0.001000s ]
[ sql ] [ SQL ] SHOW COLUMNS FROM `bj_category` [ RunTime:0.007000s ]
[ sql ] [ SQL ] SELECT * FROM `bj_category` WHERE  (  find_in_set(1,s_id) ) [ RunTime:0.001001s ]
---------------------------------------------------------------
[ 2018-02-05T21:47:43+08:00 ] 127.0.0.1 127.0.0.1 GET /static/index/css/fonts/glyphicons-halflings-regular.woff2
[ info ] wanglong.com/static/index/css/fonts/glyphicons-halflings-regular.woff2 [运行时间：0.024001s][吞吐率：41.66req/s] [内存消耗：1,816.42kb] [文件加载：28]
[ info ] [ LANG ] E:\web-php-5.6\bjtp5\thinkphp\lang\zh-cn.php
[ info ] [ ROUTE ] array (
  'type' => 'module',
  'module' => 
  array (
    0 => 'static',
    1 => 'index',
    2 => 'css',
  ),
)
[ info ] [ HEADER ] array (
  'accept-language' => 'zh-CN,zh;q=0.9',
  'accept-encoding' => 'gzip, deflate',
  'referer' => 'http://wanglong.com/static/index/css/bootstrap/bootstrap.min.css',
  'accept' => '*/*',
  'user-agent' => 'Mozilla/5.0 (Windows NT 6.1; Win64; x64) AppleWebKit/537.36 (KHTML, like Gecko) Chrome/63.0.3239.132 Safari/537.36',
  'origin' => 'http://127.0.0.1',
  'connection' => 'close',
  'host' => 'wanglong.com',
)
[ info ] [ PARAM ] array (
  'fonts' => 'glyphicons-halflings-regular.woff2',
)
[ info ] [ LOG ] INIT File
---------------------------------------------------------------
[ 2018-02-05T21:47:43+08:00 ] 127.0.0.1 127.0.0.1 GET /static/index/css/fonts/glyphicons-halflings-regular.woff
[ info ] wanglong.com/static/index/css/fonts/glyphicons-halflings-regular.woff [运行时间：0.030001s][吞吐率：33.33req/s] [内存消耗：1,816.42kb] [文件加载：28]
[ info ] [ LANG ] E:\web-php-5.6\bjtp5\thinkphp\lang\zh-cn.php
[ info ] [ ROUTE ] array (
  'type' => 'module',
  'module' => 
  array (
    0 => 'static',
    1 => 'index',
    2 => 'css',
  ),
)
[ info ] [ HEADER ] array (
  'accept-language' => 'zh-CN,zh;q=0.9',
  'accept-encoding' => 'gzip, deflate',
  'referer' => 'http://wanglong.com/static/index/css/bootstrap/bootstrap.min.css',
  'accept' => '*/*',
  'user-agent' => 'Mozilla/5.0 (Windows NT 6.1; Win64; x64) AppleWebKit/537.36 (KHTML, like Gecko) Chrome/63.0.3239.132 Safari/537.36',
  'origin' => 'http://127.0.0.1',
  'connection' => 'close',
  'host' => 'wanglong.com',
)
[ info ] [ PARAM ] array (
  'fonts' => 'glyphicons-halflings-regular.woff',
)
[ info ] [ LOG ] INIT File
---------------------------------------------------------------
[ 2018-02-05T21:47:43+08:00 ] 127.0.0.1 127.0.0.1 GET /static/index/css/fonts/glyphicons-halflings-regular.ttf
[ info ] wanglong.com/static/index/css/fonts/glyphicons-halflings-regular.ttf [运行时间：0.030001s][吞吐率：33.33req/s] [内存消耗：1,816.41kb] [文件加载：28]
[ info ] [ LANG ] E:\web-php-5.6\bjtp5\thinkphp\lang\zh-cn.php
[ info ] [ ROUTE ] array (
  'type' => 'module',
  'module' => 
  array (
    0 => 'static',
    1 => 'index',
    2 => 'css',
  ),
)
[ info ] [ HEADER ] array (
  'accept-language' => 'zh-CN,zh;q=0.9',
  'accept-encoding' => 'gzip, deflate',
  'referer' => 'http://wanglong.com/static/index/css/bootstrap/bootstrap.min.css',
  'accept' => '*/*',
  'user-agent' => 'Mozilla/5.0 (Windows NT 6.1; Win64; x64) AppleWebKit/537.36 (KHTML, like Gecko) Chrome/63.0.3239.132 Safari/537.36',
  'origin' => 'http://127.0.0.1',
  'connection' => 'close',
  'host' => 'wanglong.com',
)
[ info ] [ PARAM ] array (
  'fonts' => 'glyphicons-halflings-regular.ttf',
)
[ info ] [ LOG ] INIT File
---------------------------------------------------------------
[ 2018-02-05T21:48:12+08:00 ] 127.0.0.1 127.0.0.1 GET /api/message_refresh
[ info ] wanglong.com/api/message_refresh [运行时间：0.031200s][吞吐率：32.05req/s] [内存消耗：2,161.62kb] [文件加载：36]
[ info ] [ LANG ] E:\web-php-5.6\bjtp5\thinkphp\lang\zh-cn.php
[ info ] [ ROUTE ] array (
  'type' => 'module',
  'module' => 
  array (
    0 => 'index',
    1 => 'api',
    2 => 'message_refresh',
  ),
  'convert' => false,
)
[ info ] [ HEADER ] array (
  'accept-language' => 'zh-CN,zh;q=0.9',
  'accept-encoding' => 'gzip, deflate',
  'referer' => 'http://127.0.0.1/',
  'user-agent' => 'Mozilla/5.0 (Windows NT 6.1; Win64; x64) AppleWebKit/537.36 (KHTML, like Gecko) Chrome/63.0.3239.132 Safari/537.36',
  'origin' => 'http://127.0.0.1',
  'accept' => 'application/json, text/javascript, */*; q=0.01',
  'connection' => 'close',
  'host' => 'wanglong.com',
)
[ info ] [ PARAM ] array (
)
[ info ] [ SESSION ] INIT array (
  'id' => '',
  'var_session_id' => '',
  'prefix' => 'think',
  'type' => '',
  'auto_start' => true,
)
[ info ] [ LOG ] INIT File
---------------------------------------------------------------
[ 2018-02-05T21:48:42+08:00 ] 127.0.0.1 127.0.0.1 GET /api/message_refresh
[ info ] wanglong.com/api/message_refresh [运行时间：0.062401s][吞吐率：16.03req/s] [内存消耗：2,161.62kb] [文件加载：36]
[ info ] [ LANG ] E:\web-php-5.6\bjtp5\thinkphp\lang\zh-cn.php
[ info ] [ ROUTE ] array (
  'type' => 'module',
  'module' => 
  array (
    0 => 'index',
    1 => 'api',
    2 => 'message_refresh',
  ),
  'convert' => false,
)
[ info ] [ HEADER ] array (
  'accept-language' => 'zh-CN,zh;q=0.9',
  'accept-encoding' => 'gzip, deflate',
  'referer' => 'http://127.0.0.1/',
  'user-agent' => 'Mozilla/5.0 (Windows NT 6.1; Win64; x64) AppleWebKit/537.36 (KHTML, like Gecko) Chrome/63.0.3239.132 Safari/537.36',
  'origin' => 'http://127.0.0.1',
  'accept' => 'application/json, text/javascript, */*; q=0.01',
  'connection' => 'close',
  'host' => 'wanglong.com',
)
[ info ] [ PARAM ] array (
)
[ info ] [ SESSION ] INIT array (
  'id' => '',
  'var_session_id' => '',
  'prefix' => 'think',
  'type' => '',
  'auto_start' => true,
)
[ info ] [ LOG ] INIT File
---------------------------------------------------------------
[ 2018-02-05T21:49:12+08:00 ] 127.0.0.1 127.0.0.1 GET /api/message_refresh
[ info ] wanglong.com/api/message_refresh [运行时间：0.031200s][吞吐率：32.05req/s] [内存消耗：2,161.66kb] [文件加载：36]
[ info ] [ LANG ] E:\web-php-5.6\bjtp5\thinkphp\lang\zh-cn.php
[ info ] [ ROUTE ] array (
  'type' => 'module',
  'module' => 
  array (
    0 => 'index',
    1 => 'api',
    2 => 'message_refresh',
  ),
  'convert' => false,
)
[ info ] [ HEADER ] array (
  'accept-language' => 'zh-CN,zh;q=0.9',
  'accept-encoding' => 'gzip, deflate',
  'referer' => 'http://127.0.0.1/',
  'user-agent' => 'Mozilla/5.0 (Windows NT 6.1; Win64; x64) AppleWebKit/537.36 (KHTML, like Gecko) Chrome/63.0.3239.132 Safari/537.36',
  'origin' => 'http://127.0.0.1',
  'accept' => 'application/json, text/javascript, */*; q=0.01',
  'connection' => 'close',
  'host' => 'wanglong.com',
)
[ info ] [ PARAM ] array (
)
[ info ] [ SESSION ] INIT array (
  'id' => '',
  'var_session_id' => '',
  'prefix' => 'think',
  'type' => '',
  'auto_start' => true,
)
[ info ] [ LOG ] INIT File
---------------------------------------------------------------
[ 2018-02-05T21:49:42+08:00 ] 127.0.0.1 127.0.0.1 GET /api/message_refresh
[ info ] wanglong.com/api/message_refresh [运行时间：0.015600s][吞吐率：64.10req/s] [内存消耗：2,161.62kb] [文件加载：36]
[ info ] [ LANG ] E:\web-php-5.6\bjtp5\thinkphp\lang\zh-cn.php
[ info ] [ ROUTE ] array (
  'type' => 'module',
  'module' => 
  array (
    0 => 'index',
    1 => 'api',
    2 => 'message_refresh',
  ),
  'convert' => false,
)
[ info ] [ HEADER ] array (
  'accept-language' => 'zh-CN,zh;q=0.9',
  'accept-encoding' => 'gzip, deflate',
  'referer' => 'http://127.0.0.1/',
  'user-agent' => 'Mozilla/5.0 (Windows NT 6.1; Win64; x64) AppleWebKit/537.36 (KHTML, like Gecko) Chrome/63.0.3239.132 Safari/537.36',
  'origin' => 'http://127.0.0.1',
  'accept' => 'application/json, text/javascript, */*; q=0.01',
  'connection' => 'close',
  'host' => 'wanglong.com',
)
[ info ] [ PARAM ] array (
)
[ info ] [ SESSION ] INIT array (
  'id' => '',
  'var_session_id' => '',
  'prefix' => 'think',
  'type' => '',
  'auto_start' => true,
)
[ info ] [ LOG ] INIT File
---------------------------------------------------------------
[ 2018-02-05T21:52:52+08:00 ] 127.0.0.1 127.0.0.1 GET /
[ info ] www.wanglong.com/ [运行时间：0.140008s][吞吐率：7.14req/s] [内存消耗：2,918.98kb] [文件加载：40]
[ info ] [ LANG ] E:\web-php-5.6\bjtp5\thinkphp\lang\zh-cn.php
[ info ] [ ROUTE ] array (
  'type' => 'module',
  'module' => 
  array (
    0 => '',
    1 => NULL,
    2 => NULL,
  ),
)
[ info ] [ HEADER ] array (
  'cookie' => 'ECS[visit_times]=8',
  'accept-language' => 'zh-CN,zh;q=0.9',
  'accept-encoding' => 'gzip, deflate',
  'accept' => 'text/html,application/xhtml+xml,application/xml;q=0.9,image/webp,image/apng,*/*;q=0.8',
  'upgrade-insecure-requests' => '1',
  'user-agent' => 'Mozilla/5.0 (Windows NT 6.1; Win64; x64) AppleWebKit/537.36 (KHTML, like Gecko) Chrome/63.0.3239.132 Safari/537.36',
  'cache-control' => 'max-age=0',
  'connection' => 'close',
  'host' => 'www.wanglong.com',
)
[ info ] [ PARAM ] array (
)
[ info ] [ RUN ] app\index\controller\Index->index[ E:\web-php-5.6\bjtp5\application\index\controller\Index.php ]
[ info ] [ SESSION ] INIT array (
  'id' => '',
  'var_session_id' => '',
  'prefix' => 'think',
  'type' => '',
  'auto_start' => true,
)
[ info ] [ DB ] INIT mysql
[ info ] [ VIEW ] E:\web-php-5.6\bjtp5/application/index\view\index\index.html [ array (
  0 => 'carr',
  1 => 'length',
  2 => 'ad',
  3 => 'm',
  4 => 'news1',
  5 => 'news2',
  6 => 'news3',
  7 => 'news4',
  8 => 'num',
  9 => 'service',
  10 => 'list',
) ]
[ info ] [ LOG ] INIT File
[ sql ] [ DB ] CONNECT:[ UseTime:0.004000s ] mysql:host=localhost;port=3306;dbname=bj252;charset=utf8
[ sql ] [ SQL ] SHOW COLUMNS FROM `bj_message_reminder` [ RunTime:0.049003s ]
[ sql ] [ SQL ] SELECT COUNT(*) AS tp_count FROM `bj_message_reminder` WHERE  `receive_id` IS NULL  AND `status` = 0 LIMIT 1 [ RunTime:0.000000s ]
[ sql ] [ SQL ] SHOW COLUMNS FROM `bj_ad` [ RunTime:0.013000s ]
[ sql ] [ SQL ] SELECT * FROM `bj_ad` [ RunTime:0.000000s ]
[ sql ] [ SQL ] SELECT COUNT(*) AS tp_count FROM `bj_ad` WHERE  `status` = 1  AND `closed` = 0 LIMIT 1 [ RunTime:0.001000s ]
[ sql ] [ SQL ] SELECT `images`,`id` FROM `bj_ad` WHERE  `status` = 1  AND `closed` = 0 ORDER BY orderby desc [ RunTime:0.000000s ]
[ sql ] [ SQL ] SELECT MIN(id) AS tp_min FROM `bj_ad` LIMIT 1 [ RunTime:0.000000s ]
[ sql ] [ SQL ] SELECT `images`,`id` FROM `bj_ad` WHERE  `status` = 1  AND `closed` = 0 ORDER BY orderby desc [ RunTime:0.001000s ]
[ sql ] [ SQL ] SELECT MIN(id) AS tp_min FROM `bj_ad` LIMIT 1 [ RunTime:0.000000s ]
[ sql ] [ SQL ] SELECT `images`,`id` FROM `bj_ad` WHERE  `status` = 1  AND `closed` = 0 ORDER BY orderby desc [ RunTime:0.001000s ]
[ sql ] [ SQL ] SELECT MIN(id) AS tp_min FROM `bj_ad` LIMIT 1 [ RunTime:0.000000s ]
[ sql ] [ SQL ] SELECT `images`,`id` FROM `bj_ad` WHERE  `status` = 1  AND `closed` = 0 ORDER BY orderby desc [ RunTime:0.001000s ]
[ sql ] [ SQL ] SELECT MIN(id) AS tp_min FROM `bj_ad` LIMIT 1 [ RunTime:0.000000s ]
[ sql ] [ SQL ] SHOW COLUMNS FROM `bj_article` [ RunTime:0.007000s ]
[ sql ] [ SQL ] SELECT * FROM `bj_article` WHERE  `cate_id` = 21  AND `status` = 1  AND `is_tui` = 1 ORDER BY views desc LIMIT 8 [ RunTime:0.003000s ]
[ sql ] [ SQL ] SELECT * FROM `bj_article` WHERE  `cate_id` = 2  AND `status` = 1  AND `is_tui` = 1 ORDER BY views desc LIMIT 8 [ RunTime:0.001000s ]
[ sql ] [ SQL ] SELECT * FROM `bj_article` WHERE  `cate_id` = 3  AND `status` = 1  AND `is_tui` = 1 ORDER BY views desc LIMIT 8 [ RunTime:0.001001s ]
[ sql ] [ SQL ] SELECT * FROM `bj_article` WHERE  `cate_id` = 21  AND `status` = 1  AND `is_tui` = 1 ORDER BY views desc LIMIT 8 [ RunTime:0.000000s ]
[ sql ] [ SQL ] SHOW COLUMNS FROM `bj_service` [ RunTime:0.005000s ]
[ sql ] [ SQL ] SELECT * FROM `bj_service` WHERE  `status` = 1 ORDER BY `sort` [ RunTime:0.001000s ]
[ sql ] [ SQL ] SELECT COUNT(*) AS tp_count FROM `bj_service` LIMIT 1 [ RunTime:0.000000s ]
[ sql ] [ SQL ] SHOW COLUMNS FROM `bj_users_recommend` [ RunTime:0.005000s ]
[ sql ] [ SQL ] SELECT `bj_users_recommend`.*,bj_users_worker.real_name as u_name FROM `bj_users_recommend` LEFT JOIN `bj_users_worker` `bj_users_worker` ON `bj_users_worker`.`uid`=`bj_users_recommend`.`uid` WHERE  `status` = '1' ORDER BY bj_users_recommend.id  desc LIMIT 6 [ RunTime:0.001000s ]
---------------------------------------------------------------
[ 2018-02-05T21:52:52+08:00 ] 127.0.0.1 127.0.0.1 POST /index/defa
[ info ] www.wanglong.com/index/defa [运行时间：0.104006s][吞吐率：9.61req/s] [内存消耗：2,618.70kb] [文件加载：40]
[ info ] [ LANG ] E:\web-php-5.6\bjtp5\thinkphp\lang\zh-cn.php
[ info ] [ ROUTE ] array (
  'type' => 'module',
  'module' => 
  array (
    0 => 'index',
    1 => 'index',
    2 => 'defa',
  ),
  'convert' => false,
)
[ info ] [ HEADER ] array (
  'cookie' => 'ECS[visit_times]=8; PHPSESSID=f6arrpfdkh6ku9e78aeggoce25',
  'accept-language' => 'zh-CN,zh;q=0.9',
  'accept-encoding' => 'gzip, deflate',
  'referer' => 'http://www.wanglong.com/',
  'user-agent' => 'Mozilla/5.0 (Windows NT 6.1; Win64; x64) AppleWebKit/537.36 (KHTML, like Gecko) Chrome/63.0.3239.132 Safari/537.36',
  'x-requested-with' => 'XMLHttpRequest',
  'origin' => 'http://www.wanglong.com',
  'accept' => 'application/json, text/javascript, */*; q=0.01',
  'content-length' => '0',
  'connection' => 'close',
  'host' => 'www.wanglong.com',
)
[ info ] [ PARAM ] array (
)
[ info ] [ RUN ] app\index\controller\Index->defa[ E:\web-php-5.6\bjtp5\application\index\controller\Index.php ]
[ info ] [ DB ] INIT mysql
[ info ] [ LOG ] INIT File
[ sql ] [ DB ] CONNECT:[ UseTime:0.001000s ] mysql:host=localhost;port=3306;dbname=bj252;charset=utf8
[ sql ] [ SQL ] SHOW COLUMNS FROM `bj_service` [ RunTime:0.006000s ]
[ sql ] [ SQL ] SELECT `id` FROM `bj_service` WHERE  `status` = 1 ORDER BY `sort` [ RunTime:0.001000s ]
[ sql ] [ SQL ] SHOW COLUMNS FROM `bj_category` [ RunTime:0.044003s ]
[ sql ] [ SQL ] SELECT * FROM `bj_category` WHERE  (  find_in_set(1,s_id) ) [ RunTime:0.001000s ]
---------------------------------------------------------------
[ 2018-02-05T21:52:53+08:00 ] 127.0.0.1 127.0.0.1 GET /static/index/css/fonts/glyphicons-halflings-regular.woff2
[ info ] wanglong.com/static/index/css/fonts/glyphicons-halflings-regular.woff2 [运行时间：0.024002s][吞吐率：41.66req/s] [内存消耗：1,816.43kb] [文件加载：28]
[ info ] [ LANG ] E:\web-php-5.6\bjtp5\thinkphp\lang\zh-cn.php
[ info ] [ ROUTE ] array (
  'type' => 'module',
  'module' => 
  array (
    0 => 'static',
    1 => 'index',
    2 => 'css',
  ),
)
[ info ] [ HEADER ] array (
  'accept-language' => 'zh-CN,zh;q=0.9',
  'accept-encoding' => 'gzip, deflate',
  'referer' => 'http://wanglong.com/static/index/css/bootstrap/bootstrap.min.css',
  'accept' => '*/*',
  'user-agent' => 'Mozilla/5.0 (Windows NT 6.1; Win64; x64) AppleWebKit/537.36 (KHTML, like Gecko) Chrome/63.0.3239.132 Safari/537.36',
  'origin' => 'http://www.wanglong.com',
  'connection' => 'close',
  'host' => 'wanglong.com',
)
[ info ] [ PARAM ] array (
  'fonts' => 'glyphicons-halflings-regular.woff2',
)
[ info ] [ LOG ] INIT File
---------------------------------------------------------------
[ 2018-02-05T21:52:53+08:00 ] 127.0.0.1 127.0.0.1 GET /static/index/css/fonts/glyphicons-halflings-regular.woff
[ info ] wanglong.com/static/index/css/fonts/glyphicons-halflings-regular.woff [运行时间：0.026002s][吞吐率：38.46req/s] [内存消耗：1,816.42kb] [文件加载：28]
[ info ] [ LANG ] E:\web-php-5.6\bjtp5\thinkphp\lang\zh-cn.php
[ info ] [ ROUTE ] array (
  'type' => 'module',
  'module' => 
  array (
    0 => 'static',
    1 => 'index',
    2 => 'css',
  ),
)
[ info ] [ HEADER ] array (
  'accept-language' => 'zh-CN,zh;q=0.9',
  'accept-encoding' => 'gzip, deflate',
  'referer' => 'http://wanglong.com/static/index/css/bootstrap/bootstrap.min.css',
  'accept' => '*/*',
  'user-agent' => 'Mozilla/5.0 (Windows NT 6.1; Win64; x64) AppleWebKit/537.36 (KHTML, like Gecko) Chrome/63.0.3239.132 Safari/537.36',
  'origin' => 'http://www.wanglong.com',
  'connection' => 'close',
  'host' => 'wanglong.com',
)
[ info ] [ PARAM ] array (
  'fonts' => 'glyphicons-halflings-regular.woff',
)
[ info ] [ LOG ] INIT File
---------------------------------------------------------------
[ 2018-02-05T21:52:53+08:00 ] 127.0.0.1 127.0.0.1 GET /static/index/css/fonts/glyphicons-halflings-regular.ttf
[ info ] wanglong.com/static/index/css/fonts/glyphicons-halflings-regular.ttf [运行时间：0.025002s][吞吐率：40.00req/s] [内存消耗：1,816.45kb] [文件加载：28]
[ info ] [ LANG ] E:\web-php-5.6\bjtp5\thinkphp\lang\zh-cn.php
[ info ] [ ROUTE ] array (
  'type' => 'module',
  'module' => 
  array (
    0 => 'static',
    1 => 'index',
    2 => 'css',
  ),
)
[ info ] [ HEADER ] array (
  'accept-language' => 'zh-CN,zh;q=0.9',
  'accept-encoding' => 'gzip, deflate',
  'referer' => 'http://wanglong.com/static/index/css/bootstrap/bootstrap.min.css',
  'accept' => '*/*',
  'user-agent' => 'Mozilla/5.0 (Windows NT 6.1; Win64; x64) AppleWebKit/537.36 (KHTML, like Gecko) Chrome/63.0.3239.132 Safari/537.36',
  'origin' => 'http://www.wanglong.com',
  'connection' => 'close',
  'host' => 'wanglong.com',
)
[ info ] [ PARAM ] array (
  'fonts' => 'glyphicons-halflings-regular.ttf',
)
[ info ] [ LOG ] INIT File
