---------------------------------------------------------------
[ 2018-07-03T21:05:44+08:00 ] 127.0.0.1 127.0.0.1 GET /
[ info ] bj.com/ [运行时间：0.156001s][吞吐率：6.41req/s] [内存消耗：2,544.67kb] [文件加载：40]
[ info ] [ LANG ] E:\web-php-5.6\bjtp5\thinkphp\lang\zh-cn.php
[ info ] [ ROUTE ] array (
  'type' => 'module',
  'module' => 
  array (
    0 => '',
    1 => NULL,
    2 => NULL,
  ),
)
[ info ] [ HEADER ] array (
  'accept' => 'text/html, application/xhtml+xml, */*',
  'accept-language' => 'zh-CN',
  'user-agent' => 'Mozilla/5.0 (Windows NT 6.1; WOW64; Trident/7.0; rv:11.0) like Gecko',
  'accept-encoding' => 'gzip, deflate',
  'host' => 'bj.com',
  'connection' => 'Keep-Alive',
)
[ info ] [ PARAM ] array (
)
[ info ] [ RUN ] app\index\controller\Index->index[ E:\web-php-5.6\bjtp5\application\index\controller\Index.php ]
[ info ] [ SESSION ] INIT array (
  'id' => '',
  'var_session_id' => '',
  'prefix' => 'think',
  'type' => '',
  'auto_start' => true,
)
[ info ] [ DB ] INIT mysql
[ info ] [ LOG ] INIT File
[ error ] [1049]SQLSTATE[HY000] [1049] Unknown database 'bj252'[E:\web-php-5.6\bjtp5\thinkphp\library\think\db\Connection.php:293]
